loading 0
loading 128
loading 256
loading 384
loading 512
loading 640
loading 768
loading 896
loading 1024
loading 1152
loading 1280
loading 1408
loading 1536
loading 1664
loading 1792
loading 1920
loading 2048
loading 2176
loading 2304
loading 2432
loading 2560
loading 2688
loading 2816
loading 2944
loading 3072
loading 3200
loading 3328
loading 3456
loading 3584
loading 3712
loading 3840
loading 3968
loading 4096
loading 4224
loading 4352
loading 4480
loading 4608
loading 4736
loading 4864
loading 4992
loading 5120
loading 5248
loading 5376
loading 5504
loading 5632
loading 5760
loading 5888
loading 6016
loading 6144
loading 6272
loading 6400
loading 6528
loading 6656
loading 6784
loading 6912
loading 7040
loading 7168
loading 7296
loading 7424
loading 7552
loading 7680
loading 7808
loading 7936
loading 8064
loading 8192
loading 8320
loading 8448
loading 8576
loading 8704
loading 8832
loading 8960
loading 9088
loading 9216
loading 9344
loading 9472
loading 9600
loading 9728
loading 9856
loading 9984
loading 10112
loading 10240
loading 10368
loading 10496
loading 10624
loading 10752
loading 10880
loading 11008
loading 11136
loading 11264
loading 11392
loading 11520
loading 11648
loading 11776
loading 11904
loading 12032
loading 12160
loading 12288
loading 12416
loading 12544
loading 12672
loading 12800
loading 12928
loading 13056
loading 13184
loading 13312
loading 13440
loading 13568
loading 13696
loading 13824
loading 13952
loading 14080
loading 14208
loading 14336
loading 14464
loading 14592
loading 14720
loading 14848
loading 14976
loading 15104
loading 15232
loading 15360
loading 15488
loading 15616
loading 15744
loading 15872
loading 16000
loading 16128
loading 16256
loading 16384
loading 16512
loading 16640
loading 16768
loading 16896
loading 17024
loading 17152
loading 17280
loading 17408
loading 17536
loading 17664
loading 17792
loading 17920
loading 18048
loading 18176
loading 18304
loading 18432
loading 18560
loading 18688
loading 18816
loading 18944
loading 19072
loading 19200
loading 19328
loading 19456
loading 19584
loading 19712
loading 19840
loading 19968
loading 20096
loading 20224
loading 20352
loading 20480
loading 20608
loading 20736
loading 20864
loading 20992
loading 21120
loading 21248
loading 21376
loading 21504
loading 21632
loading 21760
loading 21888
loading 22016
loading 22144
loading 22272
loading 22400
loading 22528
loading 22656
loading 22784
loading 22912
loading 23040
loading 23168
loading 23296
loading 23424
loading 23552
loading 23680
loading 23808
loading 23936
loading 24064
loading 24192
loading 24320
loading 24448
loading 24576
loading 24704
loading 24832
loading 24960
loading 25088
loading 25216
loading 25344
loading 25472
loading 25600
loading 25728
loading 25856
loading 25984
loading 26112
loading 26240
loading 26368
loading 26496
loading 26624
loading 26752
loading 26880
loading 27008
loading 27136
loading 27264
loading 27392
loading 27520
loading 27648
loading 27776
loading 27904
loading 28032
loading 28160
loading 28288
loading 28416
loading 28544
loading 28672
loading 28800
loading 28928
loading 29056
loading 29184
loading 29312
loading 29440
loading 29568
loading 29696
loading 29824
loading 29952
loading 30080
loading 30208
loading 30336
loading 30464
loading 30592
loading 30720
loading 30848
loading 30976
loading 31104
loading 31232
loading 31360
loading 31488
loading 31616
loading 31744
loading 31872
loading 32000
loading 32128
loading 32256
loading 32384
loading 32512
loading 32640
loading 32768
loading 32896
loading 33024
loading 33152
loading 33280
loading 33408
loading 33536
loading 33664
loading 33792
loading 33920
loading 34048
loading 34176
loading 34304
loading 34432
loading 34560
loading 34688
loading 34816
loading 34944
loading 35072
loading 35200
loading 35328
loading 35456
loading 35584
loading 35712
loading 35840
loading 35968
loading 36096
loading 36224
loading 36352
loading 36480
loading 36608
loading 36736
loading 36864
loading 36992
loading 37120
loading 37248
loading 37376
loading 37504
loading 37632
loading 37760
loading 37888
loading 38016
loading 38144
loading 38272
loading 38400
loading 38528
loading 38656
loading 38784
loading 38912
loading 39040
loading 39168
loading 39296
loading 39424
loading 39552
loading 39680
loading 39808
loading 39936
loading 40064
loading 40192
loading 40320
loading 40448
loading 40576
loading 40704
loading 40832
loading 40960
loading 41088
loading 41216
loading 41344
loading 41472
loading 41600
loading 41728
loading 41856
loading 41984
loading 42112
loading 42240
loading 42368
loading 42496
loading 42624
loading 42752
loading 42880
loading 43008
loading 43136
loading 43264
loading 43392
loading 43520
loading 43648
loading 43776
loading 43904
loading 44032
loading 44160
loading 44288
loading 44416
loading 44544
loading 44672
loading 44800
loading 44928
loading 45056
loading 45184
loading 45312
loading 45440
loading 45568
loading 45696
loading 45824
loading 45952
loading 46080
loading 46208
loading 46336
loading 46464
loading 46592
loading 46720
loading 46848
loading 46976
loading 47104
loading 47232
loading 47360
loading 47488
loading 47616
loading 47744
loading 47872
loading 48000
loading 48128
loading 48256
loading 48384
loading 48512
loading 48640
loading 48768
loading 48896
loading 49024
loading 49152
loading 49280
loading 49408
loading 49536
loading 49664
loading 49792
loading 49920
loading 50048
loading 50176
loading 50304
loading 50432
loading 50560
loading 50688
loading 50816
loading 50944
loading 51072
loading 51200
loading 51328
loading 51456
loading 51584
loading 51712
loading 51840
loading 51968
loading 52096
loading 52224
loading 52352
loading 52480
loading 52608
loading 52736
loading 52864
loading 52992
loading 53120
loading 53248
loading 53376
loading 53504
loading 53632
loading 53760
loading 53888
loading 54016
loading 54144
loading 54272
loading 54400
loading 54528
loading 54656
loading 54784
loading 54912
loading 55040
loading 55168
loading 55296
loading 55424
loading 55552
loading 55680
loading 55808
loading 55936
loading 56064
loading 56192
loading 56320
loading 56448
loading 56576
loading 56704
loading 56832
loading 56960
loading 57088
loading 57216
loading 57344
loading 57472
loading 57600
loading 57728
loading 57856
loading 57984
loading 58112
loading 58240
loading 58368
loading 58496
loading 58624
loading 58752
loading 58880
loading 59008
loading 59136
loading 59264
loading 59392
loading 59520
loading 59648
loading 59776
loading 59904
loading 60032
loading 60160
loading 60288
loading 60416
loading 60544
loading 60672
loading 60800
loading 60928
loading 61056
loading 61184
loading 61312
loading 61440
loading 61568
loading 61696
loading 61824
loading 61952
loading 62080
loading 62208
loading 62336
loading 62464
loading 62592
loading 62720
loading 62848
loading 62976
loading 63104
loading 63232
loading 63360
loading 63488
loading 63616
loading 63744
loading 63872
loading 64000
loading 64128
loading 64256
loading 64384
loading 64512
loading 64640
loading 64768
loading 64896
loading 65024
loading 65152
loading 65280
loading 65408
loading 65536
loading 65664
loading 65792
loading 65920
loading 66048
loading 66176
loading 66304
loading 66432
loading 66560
loading 66688
loading 66816
loading 66944
loading 67072
loading 67200
loading 67328
loading 67456
loading 67584
loading 67712
loading 67840
loading 67968
loading 68096
loading 68224
loading 68352
loading 68480
loading 68608
loading 68736
loading 68864
loading 68992
loading 69120
loading 69248
loading 69376
loading 69504
loading 69632
loading 69760
loading 69888
loading 70016
loading 70144
loading 70272
loading 70400
loading 70528
loading 70656
loading 70784
loading 70912
loading 71040
loading 71168
loading 71296
loading 71424
loading 71552
loading 71680
loading 71808
loading 71936
loading 72064
loading 72192
loading 72320
loading 72448
loading 72576
loading 72704
loading 72832
loading 72960
loading 73088
loading 73216
loading 73344
loading 73472
loading 73600
loading 73728
loading 73856
loading 73984
loading 74112
loading 74240
loading 74368
loading 74496
loading 74624
loading 74752
loading 74880
loading 75008
loading 75136
loading 75264
loading 75392
loading 75520
loading 75648
loading 75776
loading 75904
loading 76032
loading 76160
loading 76288
loading 76416
loading 76544
loading 76672
loading 76800
loading 76928
loading 77056
loading 77184
loading 77312
loading 77440
loading 77568
loading 77696
loading 77824
loading 77952
loading 78080
loading 78208
loading 78336
loading 78464
loading 78592
loading 78720
loading 78848
loading 78976
loading 79104
loading 79232
loading 79360
loading 79488
loading 79616
loading 79744
loading 79872
loading 80000
loading 80128
loading 80256
loading 80384
loading 80512
loading 80640
loading 80768
loading 80896
loading 81024
loading 81152
loading 81280
loading 81408
loading 81536
loading 81664
loading 81792
loading 81920
loading 82048
loading 82176
loading 82304
loading 82432
loading 82560
loading 82688
loading 82816
loading 82944
loading 83072
loading 83200
loading 83328
loading 83456
loading 83584
loading 83712
loading 83840
loading 83968
loading 84096
loading 84224
loading 84352
loading 84480
loading 84608
loading 84736
loading 84864
loading 84992
loading 85120
loading 85248
loading 85376
loading 85504
loading 85632
loading 85760
loading 85888
loading 86016
loading 86144
loading 86272
loading 86400
loading 86528
loading 86656
loading 86784
loading 86912
loading 87040
loading 87168
loading 87296
loading 87424
loading 87552
loading 87680
loading 87808
loading 87936
loading 88064
loading 88192
loading 88320
loading 0
loading 128
loading 256
loading 384
loading 512
loading 640
loading 768
loading 896
loading 1024
loading 1152
loading 1280
loading 1408
loading 1536
loading 1664
loading 1792
loading 1920
loading 2048
loading 2176
loading 2304
loading 2432
loading 2560
loading 2688
loading 2816
loading 2944
loading 3072
loading 3200
loading 3328
loading 3456
loading 3584
loading 3712
loading 3840
loading 3968
loading 4096
loading 4224
loading 4352
loading 4480
loading 4608
loading 4736
loading 4864
loading 4992
loading 5120
loading 5248
loading 5376
loading 5504
loading 5632
loading 5760
loading 5888
loading 6016
loading 6144
loading 6272
loading 6400
loading 6528
loading 6656
loading 6784
loading 6912
loading 7040
loading 7168
loading 7296
loading 7424
loading 7552
loading 7680
loading 7808
loading 7936
loading 8064
loading 8192
loading 8320
loading 8448
loading 8576
loading 8704
loading 8832
loading 8960
loading 9088
loading 9216
loading 9344
loading 9472
loading 9600
loading 9728
Epoch 0
[Manager]: save 0 to model/checkpoint/model_0.pt
Iteration 0/5153 policy_loss 3.4762685298919678
Iteration 128/5153 policy_loss 1.676908016204834
Iteration 256/5153 policy_loss 1.5476479530334473
Iteration 384/5153 policy_loss 1.4131603240966797
Iteration 512/5153 policy_loss 1.428665280342102
Iteration 640/5153 policy_loss 1.322617769241333
Iteration 768/5153 policy_loss 1.2416095733642578
Iteration 896/5153 policy_loss 1.1549072265625
Iteration 1024/5153 policy_loss 1.1348944902420044
Iteration 1152/5153 policy_loss 1.1159400939941406
Iteration 1280/5153 policy_loss 1.0653365850448608
Iteration 1408/5153 policy_loss 1.0279089212417603
Iteration 1536/5153 policy_loss 0.9723894596099854
Iteration 1664/5153 policy_loss 0.9752981662750244
Iteration 1792/5153 policy_loss 0.9333857893943787
Iteration 1920/5153 policy_loss 0.9218570590019226
Iteration 2048/5153 policy_loss 0.9187280535697937
Iteration 2176/5153 policy_loss 0.9200758337974548
Iteration 2304/5153 policy_loss 0.8648424744606018
Iteration 2432/5153 policy_loss 0.8547630906105042
Iteration 2560/5153 policy_loss 0.8020326495170593
Iteration 2688/5153 policy_loss 0.8959465622901917
Iteration 2816/5153 policy_loss 0.8573878407478333
Iteration 2944/5153 policy_loss 0.8873759508132935
Iteration 3072/5153 policy_loss 0.7555438280105591
Iteration 3200/5153 policy_loss 0.8031706809997559
Iteration 3328/5153 policy_loss 0.7976168394088745
Iteration 3456/5153 policy_loss 0.8415167331695557
Iteration 3584/5153 policy_loss 0.8368732929229736
Iteration 3712/5153 policy_loss 0.7769793272018433
Iteration 3840/5153 policy_loss 0.7790325880050659
Iteration 3968/5153 policy_loss 0.7567782402038574
Iteration 4096/5153 policy_loss 0.7595697045326233
Iteration 4224/5153 policy_loss 0.7766053080558777
Iteration 4352/5153 policy_loss 0.7084614634513855
Iteration 4480/5153 policy_loss 0.8124648928642273
Iteration 4608/5153 policy_loss 0.7298610210418701
Iteration 4736/5153 policy_loss 0.7440119385719299
Iteration 4864/5153 policy_loss 0.7146279811859131
Iteration 4992/5153 policy_loss 0.7282400727272034
Iteration 5120/5153 policy_loss 0.698125958442688
train acc: 0.6522342636495165 , last_lr: [0.00045000000000000004]
Run validation:
Epoch 1 Validate acc: 0.7384705175754409
Epoch 1
[Manager]: save 1 to model/checkpoint/model_1.pt
Iteration 0/5153 policy_loss 0.6589412689208984
Iteration 128/5153 policy_loss 0.6762944459915161
Iteration 256/5153 policy_loss 0.6591871976852417
Iteration 384/5153 policy_loss 0.6822928786277771
Iteration 512/5153 policy_loss 0.7060382962226868
Iteration 640/5153 policy_loss 0.6931167244911194
Iteration 768/5153 policy_loss 0.6735676527023315
Iteration 896/5153 policy_loss 0.6553950309753418
Iteration 1024/5153 policy_loss 0.6453857421875
Iteration 1152/5153 policy_loss 0.6649138927459717
Iteration 1280/5153 policy_loss 0.624801754951477
Iteration 1408/5153 policy_loss 0.627806544303894
Iteration 1536/5153 policy_loss 0.6134421229362488
Iteration 1664/5153 policy_loss 0.6510249376296997
Iteration 1792/5153 policy_loss 0.6549200415611267
Iteration 1920/5153 policy_loss 0.5927177667617798
Iteration 2048/5153 policy_loss 0.6367971301078796
Iteration 2176/5153 policy_loss 0.6308234333992004
Iteration 2304/5153 policy_loss 0.6117130517959595
Iteration 2432/5153 policy_loss 0.6859136819839478
Iteration 2560/5153 policy_loss 0.6114808917045593
Iteration 2688/5153 policy_loss 0.6034703254699707
Iteration 2816/5153 policy_loss 0.5806565284729004
Iteration 2944/5153 policy_loss 0.6341142654418945
Iteration 3072/5153 policy_loss 0.6281953454017639
Iteration 3200/5153 policy_loss 0.6347262263298035
Iteration 3328/5153 policy_loss 0.5672504901885986
Iteration 3456/5153 policy_loss 0.5925430655479431
Iteration 3584/5153 policy_loss 0.5892124772071838
Iteration 3712/5153 policy_loss 0.5630712509155273
Iteration 3840/5153 policy_loss 0.6054559350013733
Iteration 3968/5153 policy_loss 0.5670043230056763
Iteration 4096/5153 policy_loss 0.573719322681427
Iteration 4224/5153 policy_loss 0.5867133736610413
Iteration 4352/5153 policy_loss 0.5030962824821472
Iteration 4480/5153 policy_loss 0.605610728263855
Iteration 4608/5153 policy_loss 0.5927239060401917
Iteration 4736/5153 policy_loss 0.6320305466651917
Iteration 4864/5153 policy_loss 0.5670309066772461
Iteration 4992/5153 policy_loss 0.550568163394928
Iteration 5120/5153 policy_loss 0.5576671957969666
train acc: 0.7683538478974546 , last_lr: [0.00040500000000000003]
Run validation:
Epoch 2 Validate acc: 0.7740557378495492
Epoch 2
[Manager]: save 2 to model/checkpoint/model_2.pt
Iteration 0/5153 policy_loss 0.5415031909942627
Iteration 128/5153 policy_loss 0.4585968255996704
Iteration 256/5153 policy_loss 0.5004928112030029
Iteration 384/5153 policy_loss 0.5761489272117615
Iteration 512/5153 policy_loss 0.5235882997512817
Iteration 640/5153 policy_loss 0.5704810619354248
Iteration 768/5153 policy_loss 0.5256656408309937
Iteration 896/5153 policy_loss 0.5244265198707581
Iteration 1024/5153 policy_loss 0.5511119365692139
Iteration 1152/5153 policy_loss 0.5836629867553711
Iteration 1280/5153 policy_loss 0.513399600982666
Iteration 1408/5153 policy_loss 0.5513641834259033
Iteration 1536/5153 policy_loss 0.5516373515129089
Iteration 1664/5153 policy_loss 0.5531593561172485
Iteration 1792/5153 policy_loss 0.5180568099021912
Iteration 1920/5153 policy_loss 0.5942134261131287
Iteration 2048/5153 policy_loss 0.5195241570472717
Iteration 2176/5153 policy_loss 0.5276353359222412
Iteration 2304/5153 policy_loss 0.5295876860618591
Iteration 2432/5153 policy_loss 0.5271106958389282
Iteration 2560/5153 policy_loss 0.5110046863555908
Iteration 2688/5153 policy_loss 0.558089554309845
Iteration 2816/5153 policy_loss 0.484100878238678
Iteration 2944/5153 policy_loss 0.5875939726829529
Iteration 3072/5153 policy_loss 0.5238692760467529
Iteration 3200/5153 policy_loss 0.5159872770309448
Iteration 3328/5153 policy_loss 0.532623291015625
Iteration 3456/5153 policy_loss 0.5839483737945557
Iteration 3584/5153 policy_loss 0.533602774143219
Iteration 3712/5153 policy_loss 0.5284264087677002
Iteration 3840/5153 policy_loss 0.5411033630371094
Iteration 3968/5153 policy_loss 0.5050560235977173
Iteration 4096/5153 policy_loss 0.5365918874740601
Iteration 4224/5153 policy_loss 0.5160014033317566
Iteration 4352/5153 policy_loss 0.5199432969093323
Iteration 4480/5153 policy_loss 0.5493242740631104
Iteration 4608/5153 policy_loss 0.5120216012001038
Iteration 4736/5153 policy_loss 0.5215564370155334
Iteration 4864/5153 policy_loss 0.5652470588684082
Iteration 4992/5153 policy_loss 0.5071123242378235
Iteration 5120/5153 policy_loss 0.4783119261264801
train acc: 0.8002973231440899 , last_lr: [0.0003645]
Run validation:
Epoch 3 Validate acc: 0.7863546441986963
Epoch 3
[Manager]: save 3 to model/checkpoint/model_3.pt
Iteration 0/5153 policy_loss 0.4798511862754822
Iteration 128/5153 policy_loss 0.42536839842796326
Iteration 256/5153 policy_loss 0.48328322172164917
Iteration 384/5153 policy_loss 0.4811912477016449
Iteration 512/5153 policy_loss 0.46727851033210754
Iteration 640/5153 policy_loss 0.4597613513469696
Iteration 768/5153 policy_loss 0.4794098734855652
Iteration 896/5153 policy_loss 0.461119145154953
Iteration 1024/5153 policy_loss 0.4786985516548157
Iteration 1152/5153 policy_loss 0.5000231266021729
Iteration 1280/5153 policy_loss 0.42809462547302246
Iteration 1408/5153 policy_loss 0.4964500069618225
Iteration 1536/5153 policy_loss 0.5105904340744019
Iteration 1664/5153 policy_loss 0.5066051483154297
Iteration 1792/5153 policy_loss 0.4815693795681
Iteration 1920/5153 policy_loss 0.5104091763496399
Iteration 2048/5153 policy_loss 0.4470624327659607
Iteration 2176/5153 policy_loss 0.4827363193035126
Iteration 2304/5153 policy_loss 0.47023043036460876
Iteration 2432/5153 policy_loss 0.5114126801490784
Iteration 2560/5153 policy_loss 0.5042674541473389
Iteration 2688/5153 policy_loss 0.4560747742652893
Iteration 2816/5153 policy_loss 0.4842601418495178
Iteration 2944/5153 policy_loss 0.4897308051586151
Iteration 3072/5153 policy_loss 0.4812256693840027
Iteration 3200/5153 policy_loss 0.4944453537464142
Iteration 3328/5153 policy_loss 0.5412526726722717
Iteration 3456/5153 policy_loss 0.5114973187446594
Iteration 3584/5153 policy_loss 0.5068638920783997
Iteration 3712/5153 policy_loss 0.44107717275619507
Iteration 3840/5153 policy_loss 0.49968066811561584
Iteration 3968/5153 policy_loss 0.4608114957809448
Iteration 4096/5153 policy_loss 0.45575064420700073
Iteration 4224/5153 policy_loss 0.5115967392921448
Iteration 4352/5153 policy_loss 0.49635663628578186
Iteration 4480/5153 policy_loss 0.4438451826572418
Iteration 4608/5153 policy_loss 0.4629688560962677
Iteration 4736/5153 policy_loss 0.4867297410964966
Iteration 4864/5153 policy_loss 0.48459434509277344
Iteration 4992/5153 policy_loss 0.4925723969936371
Iteration 5120/5153 policy_loss 0.5100103616714478
train acc: 0.8209623050806855 , last_lr: [0.00032805000000000003]
Run validation:
Epoch 4 Validate acc: 0.792635586577582
Epoch 4
[Manager]: save 4 to model/checkpoint/model_4.pt
Iteration 0/5153 policy_loss 0.43561697006225586
Iteration 128/5153 policy_loss 0.37691831588745117
Iteration 256/5153 policy_loss 0.4124245345592499
Iteration 384/5153 policy_loss 0.4288438856601715
Iteration 512/5153 policy_loss 0.4051991105079651
Iteration 640/5153 policy_loss 0.42618778347969055
Iteration 768/5153 policy_loss 0.45622164011001587
Iteration 896/5153 policy_loss 0.4318653345108032
Iteration 1024/5153 policy_loss 0.4261232912540436
Iteration 1152/5153 policy_loss 0.47257277369499207
Iteration 1280/5153 policy_loss 0.4149830639362335
Iteration 1408/5153 policy_loss 0.44800227880477905
Iteration 1536/5153 policy_loss 0.4439380466938019
Iteration 1664/5153 policy_loss 0.4602997601032257
Iteration 1792/5153 policy_loss 0.41226476430892944
Iteration 1920/5153 policy_loss 0.4171132743358612
Iteration 2048/5153 policy_loss 0.4304232597351074
Iteration 2176/5153 policy_loss 0.45038431882858276
Iteration 2304/5153 policy_loss 0.4273923635482788
Iteration 2432/5153 policy_loss 0.45169055461883545
Iteration 2560/5153 policy_loss 0.40567827224731445
Iteration 2688/5153 policy_loss 0.4552554488182068
Iteration 2816/5153 policy_loss 0.45765119791030884
Iteration 2944/5153 policy_loss 0.41395777463912964
Iteration 3072/5153 policy_loss 0.4060654938220978
Iteration 3200/5153 policy_loss 0.4831339120864868
Iteration 3328/5153 policy_loss 0.44240283966064453
Iteration 3456/5153 policy_loss 0.44964221119880676
Iteration 3584/5153 policy_loss 0.44443953037261963
Iteration 3712/5153 policy_loss 0.44492366909980774
Iteration 3840/5153 policy_loss 0.43723979592323303
Iteration 3968/5153 policy_loss 0.4434618353843689
Iteration 4096/5153 policy_loss 0.3947879672050476
Iteration 4224/5153 policy_loss 0.44150203466415405
Iteration 4352/5153 policy_loss 0.40604397654533386
Iteration 4480/5153 policy_loss 0.4461728036403656
Iteration 4608/5153 policy_loss 0.5009263157844543
Iteration 4736/5153 policy_loss 0.46688327193260193
Iteration 4864/5153 policy_loss 0.4544645845890045
Iteration 4992/5153 policy_loss 0.40032994747161865
Iteration 5120/5153 policy_loss 0.4566851556301117
train acc: 0.8377583715000377 , last_lr: [0.000295245]
Run validation:
Epoch 5 Validate acc: 0.7949141672406949
Epoch 5
[Manager]: save 5 to model/checkpoint/model_5.pt
Iteration 0/5153 policy_loss 0.3743925988674164
Iteration 128/5153 policy_loss 0.39137232303619385
Iteration 256/5153 policy_loss 0.3458779752254486
Iteration 384/5153 policy_loss 0.358002245426178
Iteration 512/5153 policy_loss 0.317001074552536
Iteration 640/5153 policy_loss 0.3497927486896515
Iteration 768/5153 policy_loss 0.372261643409729
Iteration 896/5153 policy_loss 0.3393995463848114
Iteration 1024/5153 policy_loss 0.3693036735057831
Iteration 1152/5153 policy_loss 0.3608584403991699
Iteration 1280/5153 policy_loss 0.39953914284706116
Iteration 1408/5153 policy_loss 0.354331910610199
Iteration 1536/5153 policy_loss 0.34907543659210205
Iteration 1664/5153 policy_loss 0.3993411958217621
Iteration 1792/5153 policy_loss 0.3552175760269165
Iteration 1920/5153 policy_loss 0.39330363273620605
Iteration 2048/5153 policy_loss 0.4003954231739044
Iteration 2176/5153 policy_loss 0.3618135154247284
Iteration 2304/5153 policy_loss 0.3656015992164612
Iteration 2432/5153 policy_loss 0.3525053560733795
Iteration 2560/5153 policy_loss 0.39792999625205994
Iteration 2688/5153 policy_loss 0.3805004954338074
Iteration 2816/5153 policy_loss 0.3602689504623413
Iteration 2944/5153 policy_loss 0.3535599410533905
Iteration 3072/5153 policy_loss 0.40583381056785583
Iteration 3200/5153 policy_loss 0.43027594685554504
Iteration 3328/5153 policy_loss 0.33200088143348694
Iteration 3456/5153 policy_loss 0.4135555326938629
Iteration 3584/5153 policy_loss 0.3880041539669037
Iteration 3712/5153 policy_loss 0.39863958954811096
Iteration 3840/5153 policy_loss 0.38759496808052063
Iteration 3968/5153 policy_loss 0.44641193747520447
Iteration 4096/5153 policy_loss 0.3363250494003296
Iteration 4224/5153 policy_loss 0.4265262484550476
Iteration 4352/5153 policy_loss 0.35508444905281067
Iteration 4480/5153 policy_loss 0.4318501055240631
Iteration 4608/5153 policy_loss 0.3963559567928314
Iteration 4736/5153 policy_loss 0.4181194007396698
Iteration 4864/5153 policy_loss 0.3990521728992462
Iteration 4992/5153 policy_loss 0.4057050049304962
Iteration 5120/5153 policy_loss 0.4001733362674713
train acc: 0.8531775558172653 , last_lr: [0.0002657205]
Run validation:
Epoch 6 Validate acc: 0.7946545821018591
Epoch 6
[Manager]: save 6 to model/checkpoint/model_6.pt
Iteration 0/5153 policy_loss 0.32478490471839905
Iteration 128/5153 policy_loss 0.280802845954895
Iteration 256/5153 policy_loss 0.3328498601913452
Iteration 384/5153 policy_loss 0.3338329792022705
Iteration 512/5153 policy_loss 0.3568967580795288
Iteration 640/5153 policy_loss 0.35532864928245544
Iteration 768/5153 policy_loss 0.3385770320892334
Iteration 896/5153 policy_loss 0.38211166858673096
Iteration 1024/5153 policy_loss 0.3086948096752167
Iteration 1152/5153 policy_loss 0.3348298668861389
Iteration 1280/5153 policy_loss 0.35094982385635376
Iteration 1408/5153 policy_loss 0.3655218780040741
Iteration 1536/5153 policy_loss 0.3763810396194458
Iteration 1664/5153 policy_loss 0.33067870140075684
Iteration 1792/5153 policy_loss 0.34024399518966675
Iteration 1920/5153 policy_loss 0.40869852900505066
Iteration 2048/5153 policy_loss 0.3471149206161499
Iteration 2176/5153 policy_loss 0.3847232162952423
Iteration 2304/5153 policy_loss 0.3756749927997589
Iteration 2432/5153 policy_loss 0.3404545783996582
Iteration 2560/5153 policy_loss 0.35672974586486816
Iteration 2688/5153 policy_loss 0.3515643775463104
Iteration 2816/5153 policy_loss 0.3355512022972107
Iteration 2944/5153 policy_loss 0.3292418420314789
Iteration 3072/5153 policy_loss 0.36527296900749207
Iteration 3200/5153 policy_loss 0.36105436086654663
Iteration 3328/5153 policy_loss 0.426294207572937
Iteration 3456/5153 policy_loss 0.35805606842041016
Iteration 3584/5153 policy_loss 0.4240109324455261
Iteration 3712/5153 policy_loss 0.39841029047966003
Iteration 3840/5153 policy_loss 0.3418871760368347
Iteration 3968/5153 policy_loss 0.3824155032634735
Iteration 4096/5153 policy_loss 0.3513141870498657
Iteration 4224/5153 policy_loss 0.3623036742210388
Iteration 4352/5153 policy_loss 0.4216672480106354
Iteration 4480/5153 policy_loss 0.3755156695842743
Iteration 4608/5153 policy_loss 0.3485885262489319
Iteration 4736/5153 policy_loss 0.38045525550842285
Iteration 4864/5153 policy_loss 0.3603059649467468
Iteration 4992/5153 policy_loss 0.3702808618545532
Iteration 5120/5153 policy_loss 0.3595723807811737
train acc: 0.8669698776479632 , last_lr: [0.00023914845]
Run validation:
Epoch 7 Validate acc: 0.7943152551229891
Epoch 7
[Manager]: save 7 to model/checkpoint/model_7.pt
Iteration 0/5153 policy_loss 0.30471599102020264
Iteration 128/5153 policy_loss 0.2617253065109253
Iteration 256/5153 policy_loss 0.29449591040611267
Iteration 384/5153 policy_loss 0.29818326234817505
Iteration 512/5153 policy_loss 0.31049540638923645
Iteration 640/5153 policy_loss 0.3086184561252594
Iteration 768/5153 policy_loss 0.2924000322818756
Iteration 896/5153 policy_loss 0.2913335859775543
Iteration 1024/5153 policy_loss 0.3125534653663635
Iteration 1152/5153 policy_loss 0.34518349170684814
Iteration 1280/5153 policy_loss 0.3045766055583954
Iteration 1408/5153 policy_loss 0.3074277639389038
Iteration 1536/5153 policy_loss 0.3139578700065613
Iteration 1664/5153 policy_loss 0.29671594500541687
Iteration 1792/5153 policy_loss 0.3414957523345947
Iteration 1920/5153 policy_loss 0.3040294945240021
Iteration 2048/5153 policy_loss 0.31681981682777405
Iteration 2176/5153 policy_loss 0.3547968864440918
Iteration 2304/5153 policy_loss 0.32669731974601746
Iteration 2432/5153 policy_loss 0.35244855284690857
Iteration 2560/5153 policy_loss 0.26382556557655334
Iteration 2688/5153 policy_loss 0.3297135829925537
Iteration 2816/5153 policy_loss 0.33348068594932556
Iteration 2944/5153 policy_loss 0.312438428401947
Iteration 3072/5153 policy_loss 0.3304275870323181
Iteration 3200/5153 policy_loss 0.3173399269580841
Iteration 3328/5153 policy_loss 0.29800498485565186
Iteration 3456/5153 policy_loss 0.3352150619029999
Iteration 3584/5153 policy_loss 0.29084858298301697
Iteration 3712/5153 policy_loss 0.3258180320262909
Iteration 3840/5153 policy_loss 0.33928948640823364
Iteration 3968/5153 policy_loss 0.29641813039779663
Iteration 4096/5153 policy_loss 0.34393563866615295
Iteration 4224/5153 policy_loss 0.33917292952537537
Iteration 4352/5153 policy_loss 0.3228755593299866
Iteration 4480/5153 policy_loss 0.3171658515930176
Iteration 4608/5153 policy_loss 0.34054702520370483
Iteration 4736/5153 policy_loss 0.3288115859031677
Iteration 4864/5153 policy_loss 0.32431668043136597
Iteration 4992/5153 policy_loss 0.3464307487010956
Iteration 5120/5153 policy_loss 0.33618247509002686
train acc: 0.8799444092142883 , last_lr: [0.000215233605]
Run validation:
Epoch 8 Validate acc: 0.7933193304400052
Epoch 8
[Manager]: save 8 to model/checkpoint/model_8.pt
Iteration 0/5153 policy_loss 0.2666456997394562
Iteration 128/5153 policy_loss 0.27899378538131714
Iteration 256/5153 policy_loss 0.2366189807653427
Iteration 384/5153 policy_loss 0.2682541608810425
Iteration 512/5153 policy_loss 0.275264173746109
Iteration 640/5153 policy_loss 0.2655847370624542
Iteration 768/5153 policy_loss 0.2768959701061249
Iteration 896/5153 policy_loss 0.24718546867370605
Iteration 1024/5153 policy_loss 0.26023268699645996
Iteration 1152/5153 policy_loss 0.25119176506996155
Iteration 1280/5153 policy_loss 0.26381370425224304
Iteration 1408/5153 policy_loss 0.24030856788158417
Iteration 1536/5153 policy_loss 0.2860455811023712
Iteration 1664/5153 policy_loss 0.3042032718658447
Iteration 1792/5153 policy_loss 0.2901296615600586
Iteration 1920/5153 policy_loss 0.26865023374557495
Iteration 2048/5153 policy_loss 0.28308528661727905
Iteration 2176/5153 policy_loss 0.30374875664711
Iteration 2304/5153 policy_loss 0.29342249035835266
Iteration 2432/5153 policy_loss 0.30643582344055176
Iteration 2560/5153 policy_loss 0.30984246730804443
Iteration 2688/5153 policy_loss 0.30402252078056335
Iteration 2816/5153 policy_loss 0.30047035217285156
Iteration 2944/5153 policy_loss 0.27518439292907715
Iteration 3072/5153 policy_loss 0.27646809816360474
Iteration 3200/5153 policy_loss 0.27517491579055786
Iteration 3328/5153 policy_loss 0.29356124997138977
Iteration 3456/5153 policy_loss 0.2829642593860626
Iteration 3584/5153 policy_loss 0.2799530625343323
Iteration 3712/5153 policy_loss 0.2805854082107544
Iteration 3840/5153 policy_loss 0.2950555086135864
Iteration 3968/5153 policy_loss 0.26263847947120667
Iteration 4096/5153 policy_loss 0.3090499937534332
Iteration 4224/5153 policy_loss 0.307252436876297
Iteration 4352/5153 policy_loss 0.2660048305988312
Iteration 4480/5153 policy_loss 0.31972402334213257
Iteration 4608/5153 policy_loss 0.32868191599845886
Iteration 4736/5153 policy_loss 0.28753662109375
Iteration 4864/5153 policy_loss 0.3120911419391632
Iteration 4992/5153 policy_loss 0.27209022641181946
Iteration 5120/5153 policy_loss 0.2792838513851166
train acc: 0.8919692427470627 , last_lr: [0.0001937102445]
Run validation:
Epoch 9 Validate acc: 0.7900516116334861
Epoch 9
[Manager]: save 9 to model/checkpoint/model_9.pt
Iteration 0/5153 policy_loss 0.22891713678836823
Iteration 128/5153 policy_loss 0.23446892201900482
Iteration 256/5153 policy_loss 0.24800005555152893
Iteration 384/5153 policy_loss 0.21216727793216705
Iteration 512/5153 policy_loss 0.2532542049884796
Iteration 640/5153 policy_loss 0.2255162000656128
Iteration 768/5153 policy_loss 0.2367061823606491
Iteration 896/5153 policy_loss 0.23183338344097137
Iteration 1024/5153 policy_loss 0.24549144506454468
Iteration 1152/5153 policy_loss 0.25118425488471985
Iteration 1280/5153 policy_loss 0.22318939864635468
Iteration 1408/5153 policy_loss 0.22381611168384552
Iteration 1536/5153 policy_loss 0.26430973410606384
Iteration 1664/5153 policy_loss 0.24700531363487244
Iteration 1792/5153 policy_loss 0.27521228790283203
Iteration 1920/5153 policy_loss 0.26998385787010193
Iteration 2048/5153 policy_loss 0.22936305403709412
Iteration 2176/5153 policy_loss 0.2503679394721985
Iteration 2304/5153 policy_loss 0.24764545261859894
Iteration 2432/5153 policy_loss 0.24739642441272736
Iteration 2560/5153 policy_loss 0.2743523418903351
Iteration 2688/5153 policy_loss 0.2543332576751709
Iteration 2816/5153 policy_loss 0.2734541893005371
Iteration 2944/5153 policy_loss 0.2708447575569153
Iteration 3072/5153 policy_loss 0.2950822710990906
Iteration 3200/5153 policy_loss 0.2815745770931244
Iteration 3328/5153 policy_loss 0.3184722363948822
Iteration 3456/5153 policy_loss 0.26174184679985046
Iteration 3584/5153 policy_loss 0.2599138915538788
Iteration 3712/5153 policy_loss 0.26926901936531067
Iteration 3840/5153 policy_loss 0.2734689712524414
Iteration 3968/5153 policy_loss 0.2600144147872925
Iteration 4096/5153 policy_loss 0.2590835392475128
Iteration 4224/5153 policy_loss 0.27935120463371277
Iteration 4352/5153 policy_loss 0.29501858353614807
Iteration 4480/5153 policy_loss 0.29239752888679504
Iteration 4608/5153 policy_loss 0.2942817509174347
Iteration 4736/5153 policy_loss 0.266687273979187
Iteration 4864/5153 policy_loss 0.27843359112739563
Iteration 4992/5153 policy_loss 0.24263891577720642
Iteration 5120/5153 policy_loss 0.2657272219657898
train acc: 0.903047410608796 , last_lr: [0.00017433922005]
Run validation:
Epoch 10 Validate acc: 0.7898191726529601
Epoch 10
[Manager]: save 10 to model/checkpoint/model_10.pt
Iteration 0/5153 policy_loss 0.2216571420431137
Iteration 128/5153 policy_loss 0.21782425045967102
Iteration 256/5153 policy_loss 0.19892099499702454
Iteration 384/5153 policy_loss 0.2088533639907837
Iteration 512/5153 policy_loss 0.22012516856193542
Iteration 640/5153 policy_loss 0.1927298903465271
Iteration 768/5153 policy_loss 0.24426279962062836
Iteration 896/5153 policy_loss 0.2203085720539093
Iteration 1024/5153 policy_loss 0.226749449968338
Iteration 1152/5153 policy_loss 0.23048703372478485
Iteration 1280/5153 policy_loss 0.23434634506702423
Iteration 1408/5153 policy_loss 0.20511801540851593
Iteration 1536/5153 policy_loss 0.2167295217514038
Iteration 1664/5153 policy_loss 0.2607298791408539
Iteration 1792/5153 policy_loss 0.21093177795410156
Iteration 1920/5153 policy_loss 0.21488159894943237
Iteration 2048/5153 policy_loss 0.24952828884124756
Iteration 2176/5153 policy_loss 0.22648198902606964
Iteration 2304/5153 policy_loss 0.24288815259933472
Iteration 2432/5153 policy_loss 0.24584001302719116
Iteration 2560/5153 policy_loss 0.22836029529571533
Iteration 2688/5153 policy_loss 0.2543359398841858
Iteration 2816/5153 policy_loss 0.22243836522102356
Iteration 2944/5153 policy_loss 0.23286418616771698
Iteration 3072/5153 policy_loss 0.2618251442909241
Iteration 3200/5153 policy_loss 0.25807297229766846
Iteration 3328/5153 policy_loss 0.26439592242240906
Iteration 3456/5153 policy_loss 0.23598158359527588
Iteration 3584/5153 policy_loss 0.23823820054531097
Iteration 3712/5153 policy_loss 0.2672468423843384
Iteration 3840/5153 policy_loss 0.2379108965396881
Iteration 3968/5153 policy_loss 0.2388545572757721
Iteration 4096/5153 policy_loss 0.24680960178375244
Iteration 4224/5153 policy_loss 0.25552892684936523
Iteration 4352/5153 policy_loss 0.24728165566921234
Iteration 4480/5153 policy_loss 0.25234368443489075
Iteration 4608/5153 policy_loss 0.22118514776229858
Iteration 4736/5153 policy_loss 0.25260019302368164
Iteration 4864/5153 policy_loss 0.2901367247104645
Iteration 4992/5153 policy_loss 0.30308443307876587
Iteration 5120/5153 policy_loss 0.21360419690608978
train acc: 0.913150105355645 , last_lr: [0.00015690529804500002]
Run validation:
Epoch 11 Validate acc: 0.787476119863862
Epoch 11
[Manager]: save 11 to model/checkpoint/model_11.pt
Iteration 0/5153 policy_loss 0.18995821475982666
Iteration 128/5153 policy_loss 0.17882183194160461
Iteration 256/5153 policy_loss 0.1787615716457367
Iteration 384/5153 policy_loss 0.18080639839172363
Iteration 512/5153 policy_loss 0.19235359132289886
Iteration 640/5153 policy_loss 0.20685629546642303
Iteration 768/5153 policy_loss 0.19817212224006653
Iteration 896/5153 policy_loss 0.18779031932353973
Iteration 1024/5153 policy_loss 0.2243857979774475
Iteration 1152/5153 policy_loss 0.21517716348171234
Iteration 1280/5153 policy_loss 0.17207369208335876
Iteration 1408/5153 policy_loss 0.20321059226989746
Iteration 1536/5153 policy_loss 0.20966117084026337
Iteration 1664/5153 policy_loss 0.2161245346069336
Iteration 1792/5153 policy_loss 0.2172664999961853
Iteration 1920/5153 policy_loss 0.17462673783302307
Iteration 2048/5153 policy_loss 0.1751561164855957
Iteration 2176/5153 policy_loss 0.21652384102344513
Iteration 2304/5153 policy_loss 0.20816683769226074
Iteration 2432/5153 policy_loss 0.23119360208511353
Iteration 2560/5153 policy_loss 0.1962558925151825
Iteration 2688/5153 policy_loss 0.22200889885425568
Iteration 2816/5153 policy_loss 0.2229134887456894
Iteration 2944/5153 policy_loss 0.20760086178779602
Iteration 3072/5153 policy_loss 0.23256242275238037
Iteration 3200/5153 policy_loss 0.21224945783615112
Iteration 3328/5153 policy_loss 0.20416244864463806
Iteration 3456/5153 policy_loss 0.21361276507377625
Iteration 3584/5153 policy_loss 0.21783342957496643
Iteration 3712/5153 policy_loss 0.25827503204345703
Iteration 3840/5153 policy_loss 0.24383482336997986
Iteration 3968/5153 policy_loss 0.23390796780586243
Iteration 4096/5153 policy_loss 0.24398696422576904
Iteration 4224/5153 policy_loss 0.2279709130525589
Iteration 4352/5153 policy_loss 0.1958378255367279
Iteration 4480/5153 policy_loss 0.21534304320812225
Iteration 4608/5153 policy_loss 0.23272599279880524
Iteration 4736/5153 policy_loss 0.22031371295452118
Iteration 4864/5153 policy_loss 0.21984103322029114
Iteration 4992/5153 policy_loss 0.2240886688232422
Iteration 5120/5153 policy_loss 0.23398509621620178
train acc: 0.9227173985968501 , last_lr: [0.00014121476824050002]
Run validation:
Epoch 12 Validate acc: 0.7859016426819047
Epoch 12
[Manager]: save 12 to model/checkpoint/model_12.pt
Iteration 0/5153 policy_loss 0.15594856441020966
Iteration 128/5153 policy_loss 0.18026064336299896
Iteration 256/5153 policy_loss 0.1556064337491989
Iteration 384/5153 policy_loss 0.19739143550395966
Iteration 512/5153 policy_loss 0.16664786636829376
Iteration 640/5153 policy_loss 0.1619112342596054
Iteration 768/5153 policy_loss 0.1554364562034607
Iteration 896/5153 policy_loss 0.1691269427537918
Iteration 1024/5153 policy_loss 0.16369770467281342
Iteration 1152/5153 policy_loss 0.15825602412223816
Iteration 1280/5153 policy_loss 0.18102985620498657
Iteration 1408/5153 policy_loss 0.18904919922351837
Iteration 1536/5153 policy_loss 0.14827585220336914
Iteration 1664/5153 policy_loss 0.18046441674232483
Iteration 1792/5153 policy_loss 0.16381122171878815
Iteration 1920/5153 policy_loss 0.1687467247247696
Iteration 2048/5153 policy_loss 0.18569907546043396
Iteration 2176/5153 policy_loss 0.1862831860780716
Iteration 2304/5153 policy_loss 0.18476195633411407
Iteration 2432/5153 policy_loss 0.21088695526123047
Iteration 2560/5153 policy_loss 0.19865432381629944
Iteration 2688/5153 policy_loss 0.20034201443195343
Iteration 2816/5153 policy_loss 0.19731923937797546
Iteration 2944/5153 policy_loss 0.20684698224067688
Iteration 3072/5153 policy_loss 0.22241035103797913
Iteration 3200/5153 policy_loss 0.1967323124408722
Iteration 3328/5153 policy_loss 0.17944207787513733
Iteration 3456/5153 policy_loss 0.22333359718322754
Iteration 3584/5153 policy_loss 0.2051372528076172
Iteration 3712/5153 policy_loss 0.1989888995885849
Iteration 3840/5153 policy_loss 0.1902678906917572
Iteration 3968/5153 policy_loss 0.18300843238830566
Iteration 4096/5153 policy_loss 0.21501122415065765
Iteration 4224/5153 policy_loss 0.1929621547460556
Iteration 4352/5153 policy_loss 0.19634820520877838
Iteration 4480/5153 policy_loss 0.19532513618469238
Iteration 4608/5153 policy_loss 0.21193553507328033
Iteration 4736/5153 policy_loss 0.1869523525238037
Iteration 4864/5153 policy_loss 0.19557102024555206
Iteration 4992/5153 policy_loss 0.22050270438194275
Iteration 5120/5153 policy_loss 0.2207150161266327
train acc: 0.9315444163403402 , last_lr: [0.00012709329141645002]
Run validation:
Epoch 13 Validate acc: 0.78432037896037
Epoch 13
[Manager]: save 13 to model/checkpoint/model_13.pt
Iteration 0/5153 policy_loss 0.13538958132266998
Iteration 128/5153 policy_loss 0.1319393664598465
Iteration 256/5153 policy_loss 0.12424051016569138
Iteration 384/5153 policy_loss 0.15621641278266907
Iteration 512/5153 policy_loss 0.14283272624015808
Iteration 640/5153 policy_loss 0.1608831286430359
Iteration 768/5153 policy_loss 0.13284240663051605
Iteration 896/5153 policy_loss 0.15355096757411957
Iteration 1024/5153 policy_loss 0.1386501044034958
Iteration 1152/5153 policy_loss 0.15542156994342804
Iteration 1280/5153 policy_loss 0.14433474838733673
Iteration 1408/5153 policy_loss 0.14977987110614777
Iteration 1536/5153 policy_loss 0.13929177820682526
Iteration 1664/5153 policy_loss 0.12857675552368164
Iteration 1792/5153 policy_loss 0.1643834114074707
Iteration 1920/5153 policy_loss 0.1335097998380661
Iteration 2048/5153 policy_loss 0.19793476164340973
Iteration 2176/5153 policy_loss 0.16991233825683594
Iteration 2304/5153 policy_loss 0.1386806070804596
Iteration 2432/5153 policy_loss 0.16402029991149902
Iteration 2560/5153 policy_loss 0.166883647441864
Iteration 2688/5153 policy_loss 0.16620124876499176
Iteration 2816/5153 policy_loss 0.16163226962089539
Iteration 2944/5153 policy_loss 0.17869482934474945
Iteration 3072/5153 policy_loss 0.1670520007610321
Iteration 3200/5153 policy_loss 0.17613476514816284
Iteration 3328/5153 policy_loss 0.1980595588684082
Iteration 3456/5153 policy_loss 0.13855504989624023
Iteration 3584/5153 policy_loss 0.17454126477241516
Iteration 3712/5153 policy_loss 0.1771153062582016
Iteration 3840/5153 policy_loss 0.19762961566448212
Iteration 3968/5153 policy_loss 0.1738560050725937
Iteration 4096/5153 policy_loss 0.15755441784858704
Iteration 4224/5153 policy_loss 0.18071450293064117
Iteration 4352/5153 policy_loss 0.17970716953277588
Iteration 4480/5153 policy_loss 0.16740654408931732
Iteration 4608/5153 policy_loss 0.17681589722633362
Iteration 4736/5153 policy_loss 0.16674378514289856
Iteration 4864/5153 policy_loss 0.18751154839992523
Iteration 4992/5153 policy_loss 0.16277654469013214
Iteration 5120/5153 policy_loss 0.1860446035861969
train acc: 0.9395942016680268 , last_lr: [0.00011438396227480502]
Run validation:
Epoch 14 Validate acc: 0.7831598806926342
Epoch 14
[Manager]: save 14 to model/checkpoint/model_14.pt
Iteration 0/5153 policy_loss 0.14380168914794922
Iteration 128/5153 policy_loss 0.11778683960437775
Iteration 256/5153 policy_loss 0.1322631984949112
Iteration 384/5153 policy_loss 0.1285242885351181
Iteration 512/5153 policy_loss 0.11969976127147675
Iteration 640/5153 policy_loss 0.13699816167354584
Iteration 768/5153 policy_loss 0.1265280395746231
Iteration 896/5153 policy_loss 0.13567425310611725
Iteration 1024/5153 policy_loss 0.1266087144613266
Iteration 1152/5153 policy_loss 0.14150948822498322
Iteration 1280/5153 policy_loss 0.14156678318977356
Iteration 1408/5153 policy_loss 0.12617459893226624
Iteration 1536/5153 policy_loss 0.1399581879377365
Iteration 1664/5153 policy_loss 0.13845734298229218
Iteration 1792/5153 policy_loss 0.13098876178264618
Iteration 1920/5153 policy_loss 0.14425215125083923
Iteration 2048/5153 policy_loss 0.1398693174123764
Iteration 2176/5153 policy_loss 0.1311952918767929
Iteration 2304/5153 policy_loss 0.14617352187633514
Iteration 2432/5153 policy_loss 0.14702004194259644
Iteration 2560/5153 policy_loss 0.1322273463010788
Iteration 2688/5153 policy_loss 0.14713746309280396
Iteration 2816/5153 policy_loss 0.1732853651046753
Iteration 2944/5153 policy_loss 0.1781754493713379
Iteration 3072/5153 policy_loss 0.11084549129009247
Iteration 3200/5153 policy_loss 0.14926226437091827
Iteration 3328/5153 policy_loss 0.14875541627407074
Iteration 3456/5153 policy_loss 0.13402384519577026
Iteration 3584/5153 policy_loss 0.17579782009124756
Iteration 3712/5153 policy_loss 0.15328258275985718
Iteration 3840/5153 policy_loss 0.15051725506782532
Iteration 3968/5153 policy_loss 0.16355830430984497
Iteration 4096/5153 policy_loss 0.14531119167804718
Iteration 4224/5153 policy_loss 0.1650656759738922
Iteration 4352/5153 policy_loss 0.18293046951293945
Iteration 4480/5153 policy_loss 0.15621469914913177
Iteration 4608/5153 policy_loss 0.1718798279762268
Iteration 4736/5153 policy_loss 0.14870943129062653
Iteration 4864/5153 policy_loss 0.150555819272995
Iteration 4992/5153 policy_loss 0.1656714230775833
Iteration 5120/5153 policy_loss 0.1826528161764145
train acc: 0.947005485164735 , last_lr: [0.00010294556604732453]
Run validation:
Epoch 15 Validate acc: 0.7818195391260973
Epoch 15
[Manager]: save 15 to model/checkpoint/model_15.pt
Iteration 0/5153 policy_loss 0.09183349460363388
Iteration 128/5153 policy_loss 0.10670607537031174
Iteration 256/5153 policy_loss 0.1056184321641922
Iteration 384/5153 policy_loss 0.11675626784563065
Iteration 512/5153 policy_loss 0.11316605657339096
Iteration 640/5153 policy_loss 0.11847903579473495
Iteration 768/5153 policy_loss 0.11267710477113724
Iteration 896/5153 policy_loss 0.13651207089424133
Iteration 1024/5153 policy_loss 0.10823622345924377
Iteration 1152/5153 policy_loss 0.11320535093545914
Iteration 1280/5153 policy_loss 0.11117105185985565
Iteration 1408/5153 policy_loss 0.14713209867477417
Iteration 1536/5153 policy_loss 0.10861751437187195
Iteration 1664/5153 policy_loss 0.13120369613170624
Iteration 1792/5153 policy_loss 0.10954740643501282
Iteration 1920/5153 policy_loss 0.15059645473957062
Iteration 2048/5153 policy_loss 0.13795052468776703
Iteration 2176/5153 policy_loss 0.12403619289398193
Iteration 2304/5153 policy_loss 0.11954128742218018
Iteration 2432/5153 policy_loss 0.1297703981399536
Iteration 2560/5153 policy_loss 0.12583027780056
Iteration 2688/5153 policy_loss 0.1192595586180687
Iteration 2816/5153 policy_loss 0.1264413595199585
Iteration 2944/5153 policy_loss 0.11995252221822739
Iteration 3072/5153 policy_loss 0.13484984636306763
Iteration 3200/5153 policy_loss 0.11983498185873032
Iteration 3328/5153 policy_loss 0.13095241785049438
Iteration 3456/5153 policy_loss 0.1692076474428177
Iteration 3584/5153 policy_loss 0.1491207331418991
Iteration 3712/5153 policy_loss 0.12576141953468323
Iteration 3840/5153 policy_loss 0.1430855393409729
Iteration 3968/5153 policy_loss 0.1379566639661789
Iteration 4096/5153 policy_loss 0.1275627464056015
Iteration 4224/5153 policy_loss 0.15144909918308258
Iteration 4352/5153 policy_loss 0.15879803895950317
Iteration 4480/5153 policy_loss 0.14945276081562042
Iteration 4608/5153 policy_loss 0.1411152482032776
Iteration 4736/5153 policy_loss 0.14930792152881622
Iteration 4864/5153 policy_loss 0.16725534200668335
Iteration 4992/5153 policy_loss 0.13883556425571442
Iteration 5120/5153 policy_loss 0.16167424619197845
train acc: 0.953814465657926 , last_lr: [9.265100944259208e-05]
Run validation:
Epoch 16 Validate acc: 0.7803689162914276
Epoch 16
[Manager]: save 16 to model/checkpoint/model_16.pt
Iteration 0/5153 policy_loss 0.10618985444307327
Iteration 128/5153 policy_loss 0.09421058744192123
Iteration 256/5153 policy_loss 0.11099666357040405
Iteration 384/5153 policy_loss 0.09788061678409576
Iteration 512/5153 policy_loss 0.10012000054121017
Iteration 640/5153 policy_loss 0.0886463075876236
Iteration 768/5153 policy_loss 0.10307978093624115
Iteration 896/5153 policy_loss 0.08787297457456589
Iteration 1024/5153 policy_loss 0.11513649672269821
Iteration 1152/5153 policy_loss 0.09333352744579315
Iteration 1280/5153 policy_loss 0.12753303349018097
Iteration 1408/5153 policy_loss 0.10737594217061996
Iteration 1536/5153 policy_loss 0.11011534929275513
Iteration 1664/5153 policy_loss 0.10897185653448105
Iteration 1792/5153 policy_loss 0.09466003626585007
Iteration 1920/5153 policy_loss 0.12293069809675217
Iteration 2048/5153 policy_loss 0.11422227323055267
Iteration 2176/5153 policy_loss 0.10626590996980667
Iteration 2304/5153 policy_loss 0.13891203701496124
Iteration 2432/5153 policy_loss 0.09905444085597992
Iteration 2560/5153 policy_loss 0.09104260802268982
Iteration 2688/5153 policy_loss 0.094426229596138
Iteration 2816/5153 policy_loss 0.12433747947216034
Iteration 2944/5153 policy_loss 0.08927106112241745
Iteration 3072/5153 policy_loss 0.1234082579612732
Iteration 3200/5153 policy_loss 0.12201103568077087
Iteration 3328/5153 policy_loss 0.1171327531337738
Iteration 3456/5153 policy_loss 0.14176948368549347
Iteration 3584/5153 policy_loss 0.12855038046836853
Iteration 3712/5153 policy_loss 0.10088420659303665
Iteration 3840/5153 policy_loss 0.11132295429706573
Iteration 3968/5153 policy_loss 0.11686917394399643
Iteration 4096/5153 policy_loss 0.12922902405261993
Iteration 4224/5153 policy_loss 0.10536663979291916
Iteration 4352/5153 policy_loss 0.11361903697252274
Iteration 4480/5153 policy_loss 0.10683179646730423
Iteration 4608/5153 policy_loss 0.16024929285049438
Iteration 4736/5153 policy_loss 0.1274014413356781
Iteration 4864/5153 policy_loss 0.1243404671549797
Iteration 4992/5153 policy_loss 0.16159555315971375
Iteration 5120/5153 policy_loss 0.1265808492898941
train acc: 0.959869335499451 , last_lr: [8.338590849833288e-05]
Run validation:
Epoch 17 Validate acc: 0.7793763848782325
Epoch 17
[Manager]: save 17 to model/checkpoint/model_17.pt
Iteration 0/5153 policy_loss 0.0849856287240982
Iteration 128/5153 policy_loss 0.07896418869495392
Iteration 256/5153 policy_loss 0.09141689538955688
Iteration 384/5153 policy_loss 0.10098256170749664
Iteration 512/5153 policy_loss 0.09727910161018372
Iteration 640/5153 policy_loss 0.10058416426181793
Iteration 768/5153 policy_loss 0.09710393846035004
Iteration 896/5153 policy_loss 0.11812318861484528
Iteration 1024/5153 policy_loss 0.07621566206216812
Iteration 1152/5153 policy_loss 0.1078648641705513
Iteration 1280/5153 policy_loss 0.11513133347034454
Iteration 1408/5153 policy_loss 0.10545394569635391
Iteration 1536/5153 policy_loss 0.08679625391960144
Iteration 1664/5153 policy_loss 0.08825718611478806
Iteration 1792/5153 policy_loss 0.09272455424070358
Iteration 1920/5153 policy_loss 0.10360919684171677
Iteration 2048/5153 policy_loss 0.06992308795452118
Iteration 2176/5153 policy_loss 0.09051033109426498
Iteration 2304/5153 policy_loss 0.10209856927394867
Iteration 2432/5153 policy_loss 0.10334552824497223
Iteration 2560/5153 policy_loss 0.13457752764225006
Iteration 2688/5153 policy_loss 0.09275906533002853
Iteration 2816/5153 policy_loss 0.08725672215223312
Iteration 2944/5153 policy_loss 0.09676435589790344
Iteration 3072/5153 policy_loss 0.11088324338197708
Iteration 3200/5153 policy_loss 0.12696363031864166
Iteration 3328/5153 policy_loss 0.11812688410282135
Iteration 3456/5153 policy_loss 0.12374651432037354
Iteration 3584/5153 policy_loss 0.11608674377202988
Iteration 3712/5153 policy_loss 0.09925501048564911
Iteration 3840/5153 policy_loss 0.08405610918998718
Iteration 3968/5153 policy_loss 0.13525822758674622
Iteration 4096/5153 policy_loss 0.11139088869094849
Iteration 4224/5153 policy_loss 0.13660317659378052
Iteration 4352/5153 policy_loss 0.11276817321777344
Iteration 4480/5153 policy_loss 0.09503449499607086
Iteration 4608/5153 policy_loss 0.14617225527763367
Iteration 4736/5153 policy_loss 0.13032492995262146
Iteration 4864/5153 policy_loss 0.10983475297689438
Iteration 4992/5153 policy_loss 0.10632914304733276
Iteration 5120/5153 policy_loss 0.11297737807035446
train acc: 0.9654486929949014 , last_lr: [7.50473176484996e-05]
Run validation:
Epoch 18 Validate acc: 0.7782345495943346
Epoch 18
[Manager]: save 18 to model/checkpoint/model_18.pt
Iteration 0/5153 policy_loss 0.07660889625549316
Iteration 128/5153 policy_loss 0.07254927605390549
Iteration 256/5153 policy_loss 0.076543428003788
Iteration 384/5153 policy_loss 0.08280342817306519
Iteration 512/5153 policy_loss 0.07732637971639633
Iteration 640/5153 policy_loss 0.08699660748243332
Iteration 768/5153 policy_loss 0.08690901845693588
Iteration 896/5153 policy_loss 0.0901208221912384
Iteration 1024/5153 policy_loss 0.07892891764640808
Iteration 1152/5153 policy_loss 0.09256449341773987
Iteration 1280/5153 policy_loss 0.09080357849597931
Iteration 1408/5153 policy_loss 0.09133575856685638
Iteration 1536/5153 policy_loss 0.06469506770372391
Iteration 1664/5153 policy_loss 0.07536251842975616
Iteration 1792/5153 policy_loss 0.0773836299777031
Iteration 1920/5153 policy_loss 0.08826825022697449
Iteration 2048/5153 policy_loss 0.08831964433193207
Iteration 2176/5153 policy_loss 0.1004461720585823
Iteration 2304/5153 policy_loss 0.09142307192087173
Iteration 2432/5153 policy_loss 0.08181028068065643
Iteration 2560/5153 policy_loss 0.08179988712072372
Iteration 2688/5153 policy_loss 0.08826974779367447
Iteration 2816/5153 policy_loss 0.1025753766298294
Iteration 2944/5153 policy_loss 0.10644020140171051
Iteration 3072/5153 policy_loss 0.07555198669433594
Iteration 3200/5153 policy_loss 0.11494362354278564
Iteration 3328/5153 policy_loss 0.07881607860326767
Iteration 3456/5153 policy_loss 0.09925282001495361
Iteration 3584/5153 policy_loss 0.09285103529691696
Iteration 3712/5153 policy_loss 0.10044316202402115
Iteration 3840/5153 policy_loss 0.08997147530317307
Iteration 3968/5153 policy_loss 0.10203897953033447
Iteration 4096/5153 policy_loss 0.09121992439031601
Iteration 4224/5153 policy_loss 0.10911749303340912
Iteration 4352/5153 policy_loss 0.0904160663485527
Iteration 4480/5153 policy_loss 0.1159684881567955
Iteration 4608/5153 policy_loss 0.11450152099132538
Iteration 4736/5153 policy_loss 0.09708226472139359
Iteration 4864/5153 policy_loss 0.10465743392705917
Iteration 4992/5153 policy_loss 0.10767574608325958
Iteration 5120/5153 policy_loss 0.10651906579732895
train acc: 0.9703838629796676 , last_lr: [6.754258588364964e-05]
Run validation:
Epoch 19 Validate acc: 0.7774507042731447
Epoch 19
[Manager]: save 19 to model/checkpoint/model_19.pt
Iteration 0/5153 policy_loss 0.06329438835382462
Iteration 128/5153 policy_loss 0.0662526860833168
Iteration 256/5153 policy_loss 0.06535788625478745
Iteration 384/5153 policy_loss 0.06731370836496353
Iteration 512/5153 policy_loss 0.06235275790095329
Iteration 640/5153 policy_loss 0.06329353898763657
Iteration 768/5153 policy_loss 0.07466822862625122
Iteration 896/5153 policy_loss 0.06557091325521469
Iteration 1024/5153 policy_loss 0.07885010540485382
Iteration 1152/5153 policy_loss 0.07115312665700912
Iteration 1280/5153 policy_loss 0.08910658210515976
Iteration 1408/5153 policy_loss 0.06506262719631195
Iteration 1536/5153 policy_loss 0.08415795117616653
Iteration 1664/5153 policy_loss 0.07440244406461716
Iteration 1792/5153 policy_loss 0.07229546457529068
Iteration 1920/5153 policy_loss 0.07561884820461273
Iteration 2048/5153 policy_loss 0.07431311905384064
Iteration 2176/5153 policy_loss 0.07407547533512115
Iteration 2304/5153 policy_loss 0.08948783576488495
Iteration 2432/5153 policy_loss 0.08240451663732529
Iteration 2560/5153 policy_loss 0.08743104338645935
Iteration 2688/5153 policy_loss 0.07728702574968338
Iteration 2816/5153 policy_loss 0.07350397855043411
Iteration 2944/5153 policy_loss 0.08369536697864532
Iteration 3072/5153 policy_loss 0.07831514626741409
Iteration 3200/5153 policy_loss 0.07547100633382797
Iteration 3328/5153 policy_loss 0.11293048411607742
Iteration 3456/5153 policy_loss 0.09278938174247742
Iteration 3584/5153 policy_loss 0.09016377478837967
Iteration 3712/5153 policy_loss 0.08571041375398636
Iteration 3840/5153 policy_loss 0.06992213428020477
Iteration 3968/5153 policy_loss 0.07618439942598343
Iteration 4096/5153 policy_loss 0.10534081608057022
Iteration 4224/5153 policy_loss 0.0896528884768486
Iteration 4352/5153 policy_loss 0.07126428931951523
Iteration 4480/5153 policy_loss 0.10327230393886566
Iteration 4608/5153 policy_loss 0.1045827567577362
Iteration 4736/5153 policy_loss 0.08212746679782867
Iteration 4864/5153 policy_loss 0.08077805489301682
Iteration 4992/5153 policy_loss 0.06589405238628387
Iteration 5120/5153 policy_loss 0.09220215678215027
train acc: 0.9747805990962801 , last_lr: [6.078832729528468e-05]
Run validation:
Epoch 20 Validate acc: 0.7760238343269958
Epoch 20
[Manager]: save 20 to model/checkpoint/model_20.pt
Iteration 0/5153 policy_loss 0.058739982545375824
Iteration 128/5153 policy_loss 0.0712098628282547
Iteration 256/5153 policy_loss 0.06143235042691231
Iteration 384/5153 policy_loss 0.04737698286771774
Iteration 512/5153 policy_loss 0.03867730870842934
Iteration 640/5153 policy_loss 0.05815549194812775
Iteration 768/5153 policy_loss 0.06824303418397903
Iteration 896/5153 policy_loss 0.060949888080358505
Iteration 1024/5153 policy_loss 0.07109930366277695
Iteration 1152/5153 policy_loss 0.0643903836607933
Iteration 1280/5153 policy_loss 0.06192401424050331
Iteration 1408/5153 policy_loss 0.07155054062604904
Iteration 1536/5153 policy_loss 0.06022517755627632
Iteration 1664/5153 policy_loss 0.06310418993234634
Iteration 1792/5153 policy_loss 0.07041825354099274
Iteration 1920/5153 policy_loss 0.06551597267389297
Iteration 2048/5153 policy_loss 0.0804898664355278
Iteration 2176/5153 policy_loss 0.05787158012390137
Iteration 2304/5153 policy_loss 0.07528316229581833
Iteration 2432/5153 policy_loss 0.05510672554373741
Iteration 2560/5153 policy_loss 0.0687047466635704
Iteration 2688/5153 policy_loss 0.06340465694665909
Iteration 2816/5153 policy_loss 0.07505744695663452
Iteration 2944/5153 policy_loss 0.07238449901342392
Iteration 3072/5153 policy_loss 0.05149441584944725
Iteration 3200/5153 policy_loss 0.06228554621338844
Iteration 3328/5153 policy_loss 0.0628560408949852
Iteration 3456/5153 policy_loss 0.06462455540895462
Iteration 3584/5153 policy_loss 0.07582783699035645
Iteration 3712/5153 policy_loss 0.06884141266345978
Iteration 3840/5153 policy_loss 0.06478248536586761
Iteration 3968/5153 policy_loss 0.0883590504527092
Iteration 4096/5153 policy_loss 0.11740407347679138
Iteration 4224/5153 policy_loss 0.07657121866941452
Iteration 4352/5153 policy_loss 0.08111127465963364
Iteration 4480/5153 policy_loss 0.07829827070236206
Iteration 4608/5153 policy_loss 0.0758090391755104
Iteration 4736/5153 policy_loss 0.06959613412618637
Iteration 4864/5153 policy_loss 0.08676593750715256
Iteration 4992/5153 policy_loss 0.0585092157125473
Iteration 5120/5153 policy_loss 0.07701381295919418
train acc: 0.9787567844373092 , last_lr: [5.4709494565756215e-05]
Run validation:
Epoch 21 Validate acc: 0.7757167434111184
Epoch 21
[Manager]: save 21 to model/checkpoint/model_21.pt
Iteration 0/5153 policy_loss 0.05461094528436661
Iteration 128/5153 policy_loss 0.0582912415266037
Iteration 256/5153 policy_loss 0.0642891600728035
Iteration 384/5153 policy_loss 0.06105330213904381
Iteration 512/5153 policy_loss 0.0601145438849926
Iteration 640/5153 policy_loss 0.05086002126336098
Iteration 768/5153 policy_loss 0.051929570734500885
Iteration 896/5153 policy_loss 0.05436849594116211
Iteration 1024/5153 policy_loss 0.04719892144203186
Iteration 1152/5153 policy_loss 0.05225934088230133
Iteration 1280/5153 policy_loss 0.04488207399845123
Iteration 1408/5153 policy_loss 0.059501051902770996
Iteration 1536/5153 policy_loss 0.0491505041718483
Iteration 1664/5153 policy_loss 0.05578082054853439
Iteration 1792/5153 policy_loss 0.07989069074392319
Iteration 1920/5153 policy_loss 0.06011711806058884
Iteration 2048/5153 policy_loss 0.05367666482925415
Iteration 2176/5153 policy_loss 0.06355158984661102
Iteration 2304/5153 policy_loss 0.06723816692829132
Iteration 2432/5153 policy_loss 0.06635738909244537
Iteration 2560/5153 policy_loss 0.06570226699113846
Iteration 2688/5153 policy_loss 0.05173782631754875
Iteration 2816/5153 policy_loss 0.05361875146627426
Iteration 2944/5153 policy_loss 0.058322884142398834
Iteration 3072/5153 policy_loss 0.06926067918539047
Iteration 3200/5153 policy_loss 0.06453666090965271
Iteration 3328/5153 policy_loss 0.06129652261734009
Iteration 3456/5153 policy_loss 0.058904506266117096
Iteration 3584/5153 policy_loss 0.06757538765668869
Iteration 3712/5153 policy_loss 0.05471191927790642
Iteration 3840/5153 policy_loss 0.08439260721206665
Iteration 3968/5153 policy_loss 0.04367099702358246
Iteration 4096/5153 policy_loss 0.07873077690601349
Iteration 4224/5153 policy_loss 0.07055670022964478
Iteration 4352/5153 policy_loss 0.07405228167772293
Iteration 4480/5153 policy_loss 0.06819996237754822
Iteration 4608/5153 policy_loss 0.06479182094335556
Iteration 4736/5153 policy_loss 0.06857559084892273
Iteration 4864/5153 policy_loss 0.061061739921569824
Iteration 4992/5153 policy_loss 0.0701422467827797
Iteration 5120/5153 policy_loss 0.07953350991010666
train acc: 0.9821378686357818 , last_lr: [4.923854510918059e-05]
Run validation:
Epoch 22 Validate acc: 0.7753146409411573
Epoch 22
[Manager]: save 22 to model/checkpoint/model_22.pt
Iteration 0/5153 policy_loss 0.04832199588418007
Iteration 128/5153 policy_loss 0.039648305624723434
Iteration 256/5153 policy_loss 0.044850774109363556
Iteration 384/5153 policy_loss 0.04389385133981705
Iteration 512/5153 policy_loss 0.04379798844456673
Iteration 640/5153 policy_loss 0.04407091066241264
Iteration 768/5153 policy_loss 0.06032659858465195
Iteration 896/5153 policy_loss 0.05430138111114502
Iteration 1024/5153 policy_loss 0.057350873947143555
Iteration 1152/5153 policy_loss 0.045391745865345
Iteration 1280/5153 policy_loss 0.04640878736972809
Iteration 1408/5153 policy_loss 0.05726638436317444
Iteration 1536/5153 policy_loss 0.04676432907581329
Iteration 1664/5153 policy_loss 0.06088656559586525
Iteration 1792/5153 policy_loss 0.041244734078645706
Iteration 1920/5153 policy_loss 0.04807524383068085
Iteration 2048/5153 policy_loss 0.052643321454524994
Iteration 2176/5153 policy_loss 0.04181758314371109
Iteration 2304/5153 policy_loss 0.0483006127178669
Iteration 2432/5153 policy_loss 0.04419532045722008
Iteration 2560/5153 policy_loss 0.046539805829524994
Iteration 2688/5153 policy_loss 0.04891251027584076
Iteration 2816/5153 policy_loss 0.060031451284885406
Iteration 2944/5153 policy_loss 0.06706155836582184
Iteration 3072/5153 policy_loss 0.04758825525641441
Iteration 3200/5153 policy_loss 0.038541603833436966
Iteration 3328/5153 policy_loss 0.05988365039229393
Iteration 3456/5153 policy_loss 0.052988696843385696
Iteration 3584/5153 policy_loss 0.05636528134346008
Iteration 3712/5153 policy_loss 0.06305782496929169
Iteration 3840/5153 policy_loss 0.05877940356731415
Iteration 3968/5153 policy_loss 0.050599321722984314
Iteration 4096/5153 policy_loss 0.059698380529880524
Iteration 4224/5153 policy_loss 0.06154561787843704
Iteration 4352/5153 policy_loss 0.053850576281547546
Iteration 4480/5153 policy_loss 0.04606558009982109
Iteration 4608/5153 policy_loss 0.05832335725426674
Iteration 4736/5153 policy_loss 0.04993532598018646
Iteration 4864/5153 policy_loss 0.05493808165192604
Iteration 4992/5153 policy_loss 0.06849495321512222
Iteration 5120/5153 policy_loss 0.05651939660310745
train acc: 0.9850775545664158 , last_lr: [4.431469059826253e-05]
Run validation:
Epoch 23 Validate acc: 0.7745172225408126
Epoch 23
[Manager]: save 23 to model/checkpoint/model_23.pt
Iteration 0/5153 policy_loss 0.0487220399081707
Iteration 128/5153 policy_loss 0.03598163276910782
Iteration 256/5153 policy_loss 0.0353710763156414
Iteration 384/5153 policy_loss 0.041931044310331345
Iteration 512/5153 policy_loss 0.03450615331530571
Iteration 640/5153 policy_loss 0.050341591238975525
Iteration 768/5153 policy_loss 0.03650088980793953
Iteration 896/5153 policy_loss 0.0340505950152874
Iteration 1024/5153 policy_loss 0.03549814596772194
Iteration 1152/5153 policy_loss 0.04751506820321083
Iteration 1280/5153 policy_loss 0.05475132539868355
Iteration 1408/5153 policy_loss 0.04378043860197067
Iteration 1536/5153 policy_loss 0.04785918816924095
Iteration 1664/5153 policy_loss 0.028214644640684128
Iteration 1792/5153 policy_loss 0.04754165932536125
Iteration 1920/5153 policy_loss 0.048832979053258896
Iteration 2048/5153 policy_loss 0.05076644569635391
Iteration 2176/5153 policy_loss 0.05973619967699051
Iteration 2304/5153 policy_loss 0.0499192476272583
Iteration 2432/5153 policy_loss 0.05114378407597542
Iteration 2560/5153 policy_loss 0.0473417229950428
Iteration 2688/5153 policy_loss 0.056844405829906464
Iteration 2816/5153 policy_loss 0.056531280279159546
Iteration 2944/5153 policy_loss 0.03737294673919678
Iteration 3072/5153 policy_loss 0.042176198214292526
Iteration 3200/5153 policy_loss 0.04381584748625755
Iteration 3328/5153 policy_loss 0.04140491038560867
Iteration 3456/5153 policy_loss 0.04504546895623207
Iteration 3584/5153 policy_loss 0.048199109733104706
Iteration 3712/5153 policy_loss 0.046148158609867096
Iteration 3840/5153 policy_loss 0.056863829493522644
Iteration 3968/5153 policy_loss 0.05354110151529312
Iteration 4096/5153 policy_loss 0.05102220177650452
Iteration 4224/5153 policy_loss 0.05603136122226715
Iteration 4352/5153 policy_loss 0.04212929308414459
Iteration 4480/5153 policy_loss 0.04092372953891754
Iteration 4608/5153 policy_loss 0.05411239713430405
Iteration 4736/5153 policy_loss 0.053001031279563904
Iteration 4864/5153 policy_loss 0.053324129432439804
Iteration 4992/5153 policy_loss 0.061799999326467514
Iteration 5120/5153 policy_loss 0.05666748434305191
train acc: 0.9875858869300248 , last_lr: [3.988322153843628e-05]
Run validation:
Epoch 24 Validate acc: 0.7737707031872983
Epoch 24
[Manager]: save 24 to model/checkpoint/model_24.pt
Iteration 0/5153 policy_loss 0.032061588019132614
Iteration 128/5153 policy_loss 0.029283322393894196
Iteration 256/5153 policy_loss 0.03254332393407822
Iteration 384/5153 policy_loss 0.028854263946413994
Iteration 512/5153 policy_loss 0.029102161526679993
Iteration 640/5153 policy_loss 0.031421106308698654
Iteration 768/5153 policy_loss 0.036396324634552
Iteration 896/5153 policy_loss 0.04399026557803154
Iteration 1024/5153 policy_loss 0.031583890318870544
Iteration 1152/5153 policy_loss 0.037263862788677216
Iteration 1280/5153 policy_loss 0.03879327327013016
Iteration 1408/5153 policy_loss 0.04715157672762871
Iteration 1536/5153 policy_loss 0.05605500563979149
Iteration 1664/5153 policy_loss 0.0302341990172863
Iteration 1792/5153 policy_loss 0.040536075830459595
Iteration 1920/5153 policy_loss 0.033548418432474136
Iteration 2048/5153 policy_loss 0.05372858792543411
Iteration 2176/5153 policy_loss 0.039384063333272934
Iteration 2304/5153 policy_loss 0.038020964711904526
Iteration 2432/5153 policy_loss 0.03530178591609001
Iteration 2560/5153 policy_loss 0.03856053948402405
Iteration 2688/5153 policy_loss 0.032758526504039764
Iteration 2816/5153 policy_loss 0.03133159503340721
Iteration 2944/5153 policy_loss 0.045287128537893295
Iteration 3072/5153 policy_loss 0.03680965304374695
Iteration 3200/5153 policy_loss 0.04159102961421013
Iteration 3328/5153 policy_loss 0.03979400917887688
Iteration 3456/5153 policy_loss 0.053741455078125
Iteration 3584/5153 policy_loss 0.047099512070417404
Iteration 3712/5153 policy_loss 0.058673761785030365
Iteration 3840/5153 policy_loss 0.049604080617427826
Iteration 3968/5153 policy_loss 0.05788649991154671
Iteration 4096/5153 policy_loss 0.054349642246961594
Iteration 4224/5153 policy_loss 0.04301395267248154
Iteration 4352/5153 policy_loss 0.035125307738780975
Iteration 4480/5153 policy_loss 0.04660572484135628
Iteration 4608/5153 policy_loss 0.04837749898433685
Iteration 4736/5153 policy_loss 0.04332540184259415
Iteration 4864/5153 policy_loss 0.04565967246890068
Iteration 4992/5153 policy_loss 0.05795484408736229
Iteration 5120/5153 policy_loss 0.04845435172319412
train acc: 0.9896947055329623 , last_lr: [3.589489938459265e-05]
Run validation:
Epoch 25 Validate acc: 0.7735535339208215
Epoch 25
[Manager]: save 25 to model/checkpoint/model_25.pt
Iteration 0/5153 policy_loss 0.040445588529109955
Iteration 128/5153 policy_loss 0.026436707004904747
Iteration 256/5153 policy_loss 0.032074715942144394
Iteration 384/5153 policy_loss 0.029366223141551018
Iteration 512/5153 policy_loss 0.037025533616542816
Iteration 640/5153 policy_loss 0.033944033086299896
Iteration 768/5153 policy_loss 0.030535126104950905
Iteration 896/5153 policy_loss 0.03642856702208519
Iteration 1024/5153 policy_loss 0.05357428640127182
Iteration 1152/5153 policy_loss 0.03035709634423256
Iteration 1280/5153 policy_loss 0.034734029322862625
Iteration 1408/5153 policy_loss 0.03079335205256939
Iteration 1536/5153 policy_loss 0.03199557587504387
Iteration 1664/5153 policy_loss 0.03936036303639412
Iteration 1792/5153 policy_loss 0.031184041872620583
Iteration 1920/5153 policy_loss 0.0392969585955143
Iteration 2048/5153 policy_loss 0.029257651418447495
Iteration 2176/5153 policy_loss 0.038058437407016754
Iteration 2304/5153 policy_loss 0.04190777987241745
Iteration 2432/5153 policy_loss 0.04336745664477348
Iteration 2560/5153 policy_loss 0.026975763961672783
Iteration 2688/5153 policy_loss 0.03966662660241127
Iteration 2816/5153 policy_loss 0.037189796566963196
Iteration 2944/5153 policy_loss 0.031039617955684662
Iteration 3072/5153 policy_loss 0.03395317494869232
Iteration 3200/5153 policy_loss 0.032583095133304596
Iteration 3328/5153 policy_loss 0.041274119168519974
Iteration 3456/5153 policy_loss 0.03128395229578018
Iteration 3584/5153 policy_loss 0.03061172179877758
Iteration 3712/5153 policy_loss 0.037963543087244034
Iteration 3840/5153 policy_loss 0.035656172782182693
Iteration 3968/5153 policy_loss 0.04794148728251457
Iteration 4096/5153 policy_loss 0.04550880938768387
Iteration 4224/5153 policy_loss 0.031082862988114357
Iteration 4352/5153 policy_loss 0.03858722001314163
Iteration 4480/5153 policy_loss 0.04131340980529785
Iteration 4608/5153 policy_loss 0.04587087035179138
Iteration 4736/5153 policy_loss 0.036612894386053085
Iteration 4864/5153 policy_loss 0.05033412575721741
Iteration 4992/5153 policy_loss 0.0387796014547348
Iteration 5120/5153 policy_loss 0.035787541419267654
train acc: 0.9914955498184942 , last_lr: [3.230540944613339e-05]
Run validation:
Epoch 26 Validate acc: 0.7730258804686784
Epoch 26
[Manager]: save 26 to model/checkpoint/model_26.pt
Iteration 0/5153 policy_loss 0.032621242105960846
Iteration 128/5153 policy_loss 0.02918267250061035
Iteration 256/5153 policy_loss 0.030136696994304657
Iteration 384/5153 policy_loss 0.025296207517385483
Iteration 512/5153 policy_loss 0.022777102887630463
Iteration 640/5153 policy_loss 0.03744887933135033
Iteration 768/5153 policy_loss 0.024997953325510025
Iteration 896/5153 policy_loss 0.02587937004864216
Iteration 1024/5153 policy_loss 0.02825208380818367
Iteration 1152/5153 policy_loss 0.02315554767847061
Iteration 1280/5153 policy_loss 0.03343803808093071
Iteration 1408/5153 policy_loss 0.02613399364054203
Iteration 1536/5153 policy_loss 0.027740227058529854
Iteration 1664/5153 policy_loss 0.023994678631424904
Iteration 1792/5153 policy_loss 0.03031003102660179
Iteration 1920/5153 policy_loss 0.028820207342505455
Iteration 2048/5153 policy_loss 0.03375663980841637
Iteration 2176/5153 policy_loss 0.0375838577747345
Iteration 2304/5153 policy_loss 0.026195500046014786
Iteration 2432/5153 policy_loss 0.04586834833025932
Iteration 2560/5153 policy_loss 0.04050339385867119
Iteration 2688/5153 policy_loss 0.031020507216453552
Iteration 2816/5153 policy_loss 0.02954450249671936
Iteration 2944/5153 policy_loss 0.03018302470445633
Iteration 3072/5153 policy_loss 0.0315275564789772
Iteration 3200/5153 policy_loss 0.0480097271502018
Iteration 3328/5153 policy_loss 0.03300241753458977
Iteration 3456/5153 policy_loss 0.0507098063826561
Iteration 3584/5153 policy_loss 0.02694891020655632
Iteration 3712/5153 policy_loss 0.029275966808199883
Iteration 3840/5153 policy_loss 0.030002901330590248
Iteration 3968/5153 policy_loss 0.02713591232895851
Iteration 4096/5153 policy_loss 0.036560576409101486
Iteration 4224/5153 policy_loss 0.03576749935746193
Iteration 4352/5153 policy_loss 0.041966624557971954
Iteration 4480/5153 policy_loss 0.031153790652751923
Iteration 4608/5153 policy_loss 0.031632814556360245
Iteration 4736/5153 policy_loss 0.02766156755387783
Iteration 4864/5153 policy_loss 0.0389462374150753
Iteration 4992/5153 policy_loss 0.06585265696048737
Iteration 5120/5153 policy_loss 0.05075694993138313
train acc: 0.9929990330554047 , last_lr: [2.907486850152005e-05]
Run validation:
Epoch 27 Validate acc: 0.7727018232038575
Epoch 27
[Manager]: save 27 to model/checkpoint/model_27.pt
Iteration 0/5153 policy_loss 0.022163834422826767
Iteration 128/5153 policy_loss 0.03075176477432251
Iteration 256/5153 policy_loss 0.019972536712884903
Iteration 384/5153 policy_loss 0.029051270335912704
Iteration 512/5153 policy_loss 0.02725011110305786
Iteration 640/5153 policy_loss 0.018599681556224823
Iteration 768/5153 policy_loss 0.021497640758752823
Iteration 896/5153 policy_loss 0.025353047996759415
Iteration 1024/5153 policy_loss 0.020069139078259468
Iteration 1152/5153 policy_loss 0.026379823684692383
Iteration 1280/5153 policy_loss 0.027040397748351097
Iteration 1408/5153 policy_loss 0.03832770884037018
Iteration 1536/5153 policy_loss 0.03734924644231796
Iteration 1664/5153 policy_loss 0.024485405534505844
Iteration 1792/5153 policy_loss 0.02932053618133068
Iteration 1920/5153 policy_loss 0.0255214162170887
Iteration 2048/5153 policy_loss 0.03241316229104996
Iteration 2176/5153 policy_loss 0.02100248448550701
Iteration 2304/5153 policy_loss 0.029104605317115784
Iteration 2432/5153 policy_loss 0.035812124609947205
Iteration 2560/5153 policy_loss 0.030874237418174744
Iteration 2688/5153 policy_loss 0.02706710435450077
Iteration 2816/5153 policy_loss 0.03244422376155853
Iteration 2944/5153 policy_loss 0.030126916244626045
Iteration 3072/5153 policy_loss 0.025912893936038017
Iteration 3200/5153 policy_loss 0.02696044370532036
Iteration 3328/5153 policy_loss 0.029871881008148193
Iteration 3456/5153 policy_loss 0.03177059441804886
Iteration 3584/5153 policy_loss 0.0302194282412529
Iteration 3712/5153 policy_loss 0.023806974291801453
Iteration 3840/5153 policy_loss 0.024826832115650177
Iteration 3968/5153 policy_loss 0.026601629331707954
Iteration 4096/5153 policy_loss 0.021430358290672302
Iteration 4224/5153 policy_loss 0.02628670632839203
Iteration 4352/5153 policy_loss 0.029981056228280067
Iteration 4480/5153 policy_loss 0.02664036676287651
Iteration 4608/5153 policy_loss 0.028167985379695892
Iteration 4736/5153 policy_loss 0.03449064865708351
Iteration 4864/5153 policy_loss 0.021715251728892326
Iteration 4992/5153 policy_loss 0.036196235567331314
Iteration 5120/5153 policy_loss 0.027591120451688766
train acc: 0.994206481902292 , last_lr: [2.6167381651368046e-05]
Run validation:
Epoch 28 Validate acc: 0.7723709793994591
Epoch 28
[Manager]: save 28 to model/checkpoint/model_28.pt
Iteration 0/5153 policy_loss 0.030221708118915558
Iteration 128/5153 policy_loss 0.029296066612005234
Iteration 256/5153 policy_loss 0.025486059486865997
Iteration 384/5153 policy_loss 0.020823370665311813
Iteration 512/5153 policy_loss 0.01860797218978405
Iteration 640/5153 policy_loss 0.030894946306943893
Iteration 768/5153 policy_loss 0.019362879917025566
Iteration 896/5153 policy_loss 0.02134840562939644
Iteration 1024/5153 policy_loss 0.032048605382442474
Iteration 1152/5153 policy_loss 0.021704459562897682
Iteration 1280/5153 policy_loss 0.028024204075336456
Iteration 1408/5153 policy_loss 0.026888353750109673
Iteration 1536/5153 policy_loss 0.02669142559170723
Iteration 1664/5153 policy_loss 0.021666372194886208
Iteration 1792/5153 policy_loss 0.02060592547059059
Iteration 1920/5153 policy_loss 0.02226899564266205
Iteration 2048/5153 policy_loss 0.02063613384962082
Iteration 2176/5153 policy_loss 0.042804256081581116
Iteration 2304/5153 policy_loss 0.024542758241295815
Iteration 2432/5153 policy_loss 0.02045872062444687
Iteration 2560/5153 policy_loss 0.022525249049067497
Iteration 2688/5153 policy_loss 0.03847924619913101
Iteration 2816/5153 policy_loss 0.027119265869259834
Iteration 2944/5153 policy_loss 0.024331839755177498
Iteration 3072/5153 policy_loss 0.026871182024478912
Iteration 3200/5153 policy_loss 0.03071868047118187
Iteration 3328/5153 policy_loss 0.01963026076555252
Iteration 3456/5153 policy_loss 0.029801974073052406
Iteration 3584/5153 policy_loss 0.027557922527194023
Iteration 3712/5153 policy_loss 0.0243282038718462
Iteration 3840/5153 policy_loss 0.02427365817129612
Iteration 3968/5153 policy_loss 0.02383003942668438
Iteration 4096/5153 policy_loss 0.026105336844921112
Iteration 4224/5153 policy_loss 0.022531218826770782
Iteration 4352/5153 policy_loss 0.028350960463285446
Iteration 4480/5153 policy_loss 0.027094000950455666
Iteration 4608/5153 policy_loss 0.03397737070918083
Iteration 4736/5153 policy_loss 0.03098388947546482
Iteration 4864/5153 policy_loss 0.02914942428469658
Iteration 4992/5153 policy_loss 0.02785588428378105
Iteration 5120/5153 policy_loss 0.030072348192334175
train acc: 0.9952518888775597 , last_lr: [2.3550643486231242e-05]
Run validation:
Epoch 29 Validate acc: 0.7721181808002009
Epoch 29
[Manager]: save 29 to model/checkpoint/model_29.pt
Iteration 0/5153 policy_loss 0.023761143907904625
Iteration 128/5153 policy_loss 0.024699147790670395
Iteration 256/5153 policy_loss 0.025778941810131073
Iteration 384/5153 policy_loss 0.020025210455060005
Iteration 512/5153 policy_loss 0.022261854261159897
Iteration 640/5153 policy_loss 0.018394650891423225
Iteration 768/5153 policy_loss 0.02548321709036827
Iteration 896/5153 policy_loss 0.021322395652532578
Iteration 1024/5153 policy_loss 0.0235112514346838
Iteration 1152/5153 policy_loss 0.02155117318034172
Iteration 1280/5153 policy_loss 0.02781550958752632
Iteration 1408/5153 policy_loss 0.02001269720494747
Iteration 1536/5153 policy_loss 0.02795877493917942
Iteration 1664/5153 policy_loss 0.025531349703669548
Iteration 1792/5153 policy_loss 0.017170073464512825
Iteration 1920/5153 policy_loss 0.019699733704328537
Iteration 2048/5153 policy_loss 0.028850331902503967
Iteration 2176/5153 policy_loss 0.01943560689687729
Iteration 2304/5153 policy_loss 0.023864757269620895
Iteration 2432/5153 policy_loss 0.024041684344410896
Iteration 2560/5153 policy_loss 0.018474947661161423
Iteration 2688/5153 policy_loss 0.029312796890735626
Iteration 2816/5153 policy_loss 0.024778591468930244
Iteration 2944/5153 policy_loss 0.0239531509578228
Iteration 3072/5153 policy_loss 0.024320529773831367
Iteration 3200/5153 policy_loss 0.023725394159555435
Iteration 3328/5153 policy_loss 0.02615838497877121
Iteration 3456/5153 policy_loss 0.019419187679886818
Iteration 3584/5153 policy_loss 0.022416895255446434
Iteration 3712/5153 policy_loss 0.022406041622161865
Iteration 3840/5153 policy_loss 0.030169755220413208
Iteration 3968/5153 policy_loss 0.025887899100780487
Iteration 4096/5153 policy_loss 0.021673470735549927
Iteration 4224/5153 policy_loss 0.023385606706142426
Iteration 4352/5153 policy_loss 0.0167109202593565
Iteration 4480/5153 policy_loss 0.020722325891256332
Iteration 4608/5153 policy_loss 0.025571150705218315
Iteration 4736/5153 policy_loss 0.019679570570588112
Iteration 4864/5153 policy_loss 0.034748680889606476
Iteration 4992/5153 policy_loss 0.030826449394226074
Iteration 5120/5153 policy_loss 0.03848060593008995
train acc: 0.9960611506223734 , last_lr: [2.119557913760812e-05]
Run validation:
Epoch 30 Validate acc: 0.7718840451847805
Epoch 30
[Manager]: save 30 to model/checkpoint/model_30.pt
Iteration 0/5153 policy_loss 0.017796752974390984
Iteration 128/5153 policy_loss 0.017677290365099907
Iteration 256/5153 policy_loss 0.02688978612422943
Iteration 384/5153 policy_loss 0.022418607026338577
Iteration 512/5153 policy_loss 0.01620720885694027
Iteration 640/5153 policy_loss 0.020987283438444138
Iteration 768/5153 policy_loss 0.015561205334961414
Iteration 896/5153 policy_loss 0.017760057002305984
Iteration 1024/5153 policy_loss 0.018164601176977158
Iteration 1152/5153 policy_loss 0.01633094809949398
Iteration 1280/5153 policy_loss 0.028577690944075584
Iteration 1408/5153 policy_loss 0.022663664072752
Iteration 1536/5153 policy_loss 0.018684573471546173
Iteration 1664/5153 policy_loss 0.022937973961234093
Iteration 1792/5153 policy_loss 0.030425116419792175
Iteration 1920/5153 policy_loss 0.018842801451683044
Iteration 2048/5153 policy_loss 0.024404479190707207
Iteration 2176/5153 policy_loss 0.01692557893693447
Iteration 2304/5153 policy_loss 0.014958172105252743
Iteration 2432/5153 policy_loss 0.02180243656039238
Iteration 2560/5153 policy_loss 0.0250688586384058
Iteration 2688/5153 policy_loss 0.020159073173999786
Iteration 2816/5153 policy_loss 0.03299408406019211
Iteration 2944/5153 policy_loss 0.030229192227125168
Iteration 3072/5153 policy_loss 0.02671201527118683
Iteration 3200/5153 policy_loss 0.02259659953415394
Iteration 3328/5153 policy_loss 0.019008610397577286
Iteration 3456/5153 policy_loss 0.027490969747304916
Iteration 3584/5153 policy_loss 0.020303640514612198
Iteration 3712/5153 policy_loss 0.023904908448457718
Iteration 3840/5153 policy_loss 0.020715050399303436
Iteration 3968/5153 policy_loss 0.02787972427904606
Iteration 4096/5153 policy_loss 0.019366515800356865
Iteration 4224/5153 policy_loss 0.020565640181303024
Iteration 4352/5153 policy_loss 0.017487116158008575
Iteration 4480/5153 policy_loss 0.017580578103661537
Iteration 4608/5153 policy_loss 0.0202448982745409
Iteration 4736/5153 policy_loss 0.02309492602944374
Iteration 4864/5153 policy_loss 0.021524375304579735
Iteration 4992/5153 policy_loss 0.020527780055999756
Iteration 5120/5153 policy_loss 0.022396642714738846
train acc: 0.9967252380120286 , last_lr: [1.9076021223847307e-05]
Run validation:
Epoch 31 Validate acc: 0.7719553038503433
Epoch 31
[Manager]: save 31 to model/checkpoint/model_31.pt
Iteration 0/5153 policy_loss 0.020925557240843773
Iteration 128/5153 policy_loss 0.015284763649106026
Iteration 256/5153 policy_loss 0.0134385721758008
Iteration 384/5153 policy_loss 0.023666255176067352
Iteration 512/5153 policy_loss 0.016944805160164833
Iteration 640/5153 policy_loss 0.016583658754825592
Iteration 768/5153 policy_loss 0.022805441170930862
Iteration 896/5153 policy_loss 0.016613252460956573
Iteration 1024/5153 policy_loss 0.013852915726602077
Iteration 1152/5153 policy_loss 0.017177464440464973
Iteration 1280/5153 policy_loss 0.01701860874891281
Iteration 1408/5153 policy_loss 0.01871872879564762
Iteration 1536/5153 policy_loss 0.01418353896588087
Iteration 1664/5153 policy_loss 0.01943071559071541
Iteration 1792/5153 policy_loss 0.0214899443089962
Iteration 1920/5153 policy_loss 0.012160311453044415
Iteration 2048/5153 policy_loss 0.014104016125202179
Iteration 2176/5153 policy_loss 0.017745207995176315
Iteration 2304/5153 policy_loss 0.015929320827126503
Iteration 2432/5153 policy_loss 0.014612361788749695
Iteration 2560/5153 policy_loss 0.02605651132762432
Iteration 2688/5153 policy_loss 0.019431401044130325
Iteration 2816/5153 policy_loss 0.021611681208014488
Iteration 2944/5153 policy_loss 0.021281512454152107
Iteration 3072/5153 policy_loss 0.031007157638669014
Iteration 3200/5153 policy_loss 0.02151663973927498
Iteration 3328/5153 policy_loss 0.016243211925029755
Iteration 3456/5153 policy_loss 0.023020436987280846
Iteration 3584/5153 policy_loss 0.017954569309949875
Iteration 3712/5153 policy_loss 0.021097637712955475
Iteration 3840/5153 policy_loss 0.018871700391173363
Iteration 3968/5153 policy_loss 0.025499597191810608
Iteration 4096/5153 policy_loss 0.016405444592237473
Iteration 4224/5153 policy_loss 0.016543462872505188
Iteration 4352/5153 policy_loss 0.016533788293600082
Iteration 4480/5153 policy_loss 0.028886917978525162
Iteration 4608/5153 policy_loss 0.02129063382744789
Iteration 4736/5153 policy_loss 0.018936919048428535
Iteration 4864/5153 policy_loss 0.014790368266403675
Iteration 4992/5153 policy_loss 0.019804753363132477
Iteration 5120/5153 policy_loss 0.020375313237309456
train acc: 0.9972820555778982 , last_lr: [1.7168419101462575e-05]
Run validation:
Epoch 32 Validate acc: 0.7711510989104211
Epoch 32
[Manager]: save 32 to model/checkpoint/model_32.pt
Iteration 0/5153 policy_loss 0.01247216947376728
Iteration 128/5153 policy_loss 0.015383067540824413
Iteration 256/5153 policy_loss 0.012824127450585365
Iteration 384/5153 policy_loss 0.017651153728365898
Iteration 512/5153 policy_loss 0.013614418916404247
Iteration 640/5153 policy_loss 0.014456822536885738
Iteration 768/5153 policy_loss 0.02031123824417591
Iteration 896/5153 policy_loss 0.013426324352622032
Iteration 1024/5153 policy_loss 0.017786681652069092
Iteration 1152/5153 policy_loss 0.01498124934732914
Iteration 1280/5153 policy_loss 0.014843313954770565
Iteration 1408/5153 policy_loss 0.01809837855398655
Iteration 1536/5153 policy_loss 0.014857937581837177
Iteration 1664/5153 policy_loss 0.01608998142182827
Iteration 1792/5153 policy_loss 0.019423188641667366
Iteration 1920/5153 policy_loss 0.01598416455090046
Iteration 2048/5153 policy_loss 0.015176167711615562
Iteration 2176/5153 policy_loss 0.015246323309838772
Iteration 2304/5153 policy_loss 0.015337718650698662
Iteration 2432/5153 policy_loss 0.018788624554872513
Iteration 2560/5153 policy_loss 0.019337397068738937
Iteration 2688/5153 policy_loss 0.023903504014015198
Iteration 2816/5153 policy_loss 0.01904921978712082
Iteration 2944/5153 policy_loss 0.014918315224349499
Iteration 3072/5153 policy_loss 0.016583193093538284
Iteration 3200/5153 policy_loss 0.017061807215213776
Iteration 3328/5153 policy_loss 0.019229743629693985
Iteration 3456/5153 policy_loss 0.017064444720745087
Iteration 3584/5153 policy_loss 0.022000011056661606
Iteration 3712/5153 policy_loss 0.023243892937898636
Iteration 3840/5153 policy_loss 0.021605171263217926
Iteration 3968/5153 policy_loss 0.01881278306245804
Iteration 4096/5153 policy_loss 0.015567027032375336
Iteration 4224/5153 policy_loss 0.020246820524334908
Iteration 4352/5153 policy_loss 0.01719176024198532
Iteration 4480/5153 policy_loss 0.0249103382229805
Iteration 4608/5153 policy_loss 0.01502718310803175
Iteration 4736/5153 policy_loss 0.026440870016813278
Iteration 4864/5153 policy_loss 0.016502277925610542
Iteration 4992/5153 policy_loss 0.019199268892407417
Iteration 5120/5153 policy_loss 0.018395379185676575
train acc: 0.9977088606011583 , last_lr: [1.545157719131632e-05]
Run validation:
Epoch 33 Validate acc: 0.7712003013223573
Epoch 33
[Manager]: save 33 to model/checkpoint/model_33.pt
Iteration 0/5153 policy_loss 0.011871282942593098
Iteration 128/5153 policy_loss 0.013224274851381779
Iteration 256/5153 policy_loss 0.018727358430624008
Iteration 384/5153 policy_loss 0.016179703176021576
Iteration 512/5153 policy_loss 0.01560873631387949
Iteration 640/5153 policy_loss 0.014652008190751076
Iteration 768/5153 policy_loss 0.011927005834877491
Iteration 896/5153 policy_loss 0.016899509355425835
Iteration 1024/5153 policy_loss 0.012006408534944057
Iteration 1152/5153 policy_loss 0.016487451270222664
Iteration 1280/5153 policy_loss 0.016683978959918022
Iteration 1408/5153 policy_loss 0.014403141103684902
Iteration 1536/5153 policy_loss 0.019541701301932335
Iteration 1664/5153 policy_loss 0.013814276084303856
Iteration 1792/5153 policy_loss 0.013694338500499725
Iteration 1920/5153 policy_loss 0.014119038358330727
Iteration 2048/5153 policy_loss 0.016094520688056946
Iteration 2176/5153 policy_loss 0.015313698910176754
Iteration 2304/5153 policy_loss 0.018430659547448158
Iteration 2432/5153 policy_loss 0.01265972200781107
Iteration 2560/5153 policy_loss 0.01676822453737259
Iteration 2688/5153 policy_loss 0.012043838389217854
Iteration 2816/5153 policy_loss 0.010403377003967762
Iteration 2944/5153 policy_loss 0.015075272880494595
Iteration 3072/5153 policy_loss 0.015054098330438137
Iteration 3200/5153 policy_loss 0.012692571617662907
Iteration 3328/5153 policy_loss 0.0163632333278656
Iteration 3456/5153 policy_loss 0.01413334533572197
Iteration 3584/5153 policy_loss 0.016336362808942795
Iteration 3712/5153 policy_loss 0.013038949109613895
Iteration 3840/5153 policy_loss 0.013936757110059261
Iteration 3968/5153 policy_loss 0.015156703069806099
Iteration 4096/5153 policy_loss 0.018972555175423622
Iteration 4224/5153 policy_loss 0.014761189930140972
Iteration 4352/5153 policy_loss 0.027512798085808754
Iteration 4480/5153 policy_loss 0.01986502856016159
Iteration 4608/5153 policy_loss 0.015994304791092873
Iteration 4736/5153 policy_loss 0.014438626356422901
Iteration 4864/5153 policy_loss 0.015709491446614265
Iteration 4992/5153 policy_loss 0.01716659404337406
Iteration 5120/5153 policy_loss 0.024005429819226265
train acc: 0.9980928335039669 , last_lr: [1.3906419472184688e-05]
Run validation:
Epoch 34 Validate acc: 0.7710764469750696
Epoch 34
[Manager]: save 34 to model/checkpoint/model_34.pt
Iteration 0/5153 policy_loss 0.011876685544848442
Iteration 128/5153 policy_loss 0.014385120011866093
Iteration 256/5153 policy_loss 0.012858279049396515
Iteration 384/5153 policy_loss 0.0162321999669075
Iteration 512/5153 policy_loss 0.012634062208235264
Iteration 640/5153 policy_loss 0.01536104828119278
Iteration 768/5153 policy_loss 0.013185016810894012
Iteration 896/5153 policy_loss 0.008723493665456772
Iteration 1024/5153 policy_loss 0.009778858162462711
Iteration 1152/5153 policy_loss 0.012326542288064957
Iteration 1280/5153 policy_loss 0.011216236278414726
Iteration 1408/5153 policy_loss 0.019437646493315697
Iteration 1536/5153 policy_loss 0.012294757179915905
Iteration 1664/5153 policy_loss 0.015922393649816513
Iteration 1792/5153 policy_loss 0.014795050024986267
Iteration 1920/5153 policy_loss 0.01434614323079586
Iteration 2048/5153 policy_loss 0.01901596412062645
Iteration 2176/5153 policy_loss 0.012646502815186977
Iteration 2304/5153 policy_loss 0.012574401684105396
Iteration 2432/5153 policy_loss 0.015624398365616798
Iteration 2560/5153 policy_loss 0.014769020490348339
Iteration 2688/5153 policy_loss 0.013906886801123619
Iteration 2816/5153 policy_loss 0.011838287115097046
Iteration 2944/5153 policy_loss 0.016610149294137955
Iteration 3072/5153 policy_loss 0.012924790382385254
Iteration 3200/5153 policy_loss 0.015050994232296944
Iteration 3328/5153 policy_loss 0.017002752050757408
Iteration 3456/5153 policy_loss 0.011488210409879684
Iteration 3584/5153 policy_loss 0.011875348165631294
Iteration 3712/5153 policy_loss 0.014547833241522312
Iteration 3840/5153 policy_loss 0.013004406355321407
Iteration 3968/5153 policy_loss 0.020202573388814926
Iteration 4096/5153 policy_loss 0.012173605151474476
Iteration 4224/5153 policy_loss 0.016806501895189285
Iteration 4352/5153 policy_loss 0.014856560155749321
Iteration 4480/5153 policy_loss 0.01217102911323309
Iteration 4608/5153 policy_loss 0.02037658356130123
Iteration 4736/5153 policy_loss 0.013711607083678246
Iteration 4864/5153 policy_loss 0.018789950758218765
Iteration 4992/5153 policy_loss 0.014099964872002602
Iteration 5120/5153 policy_loss 0.02205246314406395
train acc: 0.9983646089939114 , last_lr: [1.251577752496622e-05]
Run validation:
Epoch 35 Validate acc: 0.7705640632369758
Epoch 35
[Manager]: save 35 to model/checkpoint/model_35.pt
Iteration 0/5153 policy_loss 0.011388257145881653
Iteration 128/5153 policy_loss 0.011160534806549549
Iteration 256/5153 policy_loss 0.010633429512381554
Iteration 384/5153 policy_loss 0.010118203237652779
Iteration 512/5153 policy_loss 0.01219023298472166
Iteration 640/5153 policy_loss 0.0131753571331501
Iteration 768/5153 policy_loss 0.009350592270493507
Iteration 896/5153 policy_loss 0.015395370312035084
Iteration 1024/5153 policy_loss 0.013873224146664143
Iteration 1152/5153 policy_loss 0.011644798330962658
Iteration 1280/5153 policy_loss 0.010845048353075981
Iteration 1408/5153 policy_loss 0.011229374445974827
Iteration 1536/5153 policy_loss 0.009950938634574413
Iteration 1664/5153 policy_loss 0.012082903645932674
Iteration 1792/5153 policy_loss 0.012348746880888939
Iteration 1920/5153 policy_loss 0.012123025953769684
Iteration 2048/5153 policy_loss 0.010691615752875805
Iteration 2176/5153 policy_loss 0.012875247746706009
Iteration 2304/5153 policy_loss 0.013941328041255474
Iteration 2432/5153 policy_loss 0.012851769104599953
Iteration 2560/5153 policy_loss 0.011427633464336395
Iteration 2688/5153 policy_loss 0.013986833393573761
Iteration 2816/5153 policy_loss 0.010945471934974194
Iteration 2944/5153 policy_loss 0.013332506641745567
Iteration 3072/5153 policy_loss 0.013001294806599617
Iteration 3200/5153 policy_loss 0.020070703700184822
Iteration 3328/5153 policy_loss 0.01115512102842331
Iteration 3456/5153 policy_loss 0.012141711078584194
Iteration 3584/5153 policy_loss 0.012080478481948376
Iteration 3712/5153 policy_loss 0.014662633650004864
Iteration 3840/5153 policy_loss 0.01287863403558731
Iteration 3968/5153 policy_loss 0.01269129104912281
Iteration 4096/5153 policy_loss 0.024277018383145332
Iteration 4224/5153 policy_loss 0.013181249611079693
Iteration 4352/5153 policy_loss 0.016293559223413467
Iteration 4480/5153 policy_loss 0.014924459159374237
Iteration 4608/5153 policy_loss 0.016560519114136696
Iteration 4736/5153 policy_loss 0.01808115839958191
Iteration 4864/5153 policy_loss 0.0159218180924654
Iteration 4992/5153 policy_loss 0.018827402964234352
Iteration 5120/5153 policy_loss 0.012265258468687534
train acc: 0.9985861609797867 , last_lr: [1.1264199772469598e-05]
Run validation:
Epoch 36 Validate acc: 0.7705929060301797
Epoch 36
[Manager]: save 36 to model/checkpoint/model_36.pt
Iteration 0/5153 policy_loss 0.009261760860681534
Iteration 128/5153 policy_loss 0.014048771001398563
Iteration 256/5153 policy_loss 0.011644978076219559
Iteration 384/5153 policy_loss 0.01487998478114605
Iteration 512/5153 policy_loss 0.011485162191092968
Iteration 640/5153 policy_loss 0.009181843139231205
Iteration 768/5153 policy_loss 0.011916222982108593
Iteration 896/5153 policy_loss 0.01115131564438343
Iteration 1024/5153 policy_loss 0.011598068289458752
Iteration 1152/5153 policy_loss 0.010612836107611656
Iteration 1280/5153 policy_loss 0.010536707006394863
Iteration 1408/5153 policy_loss 0.013411059975624084
Iteration 1536/5153 policy_loss 0.008778848685324192
Iteration 1664/5153 policy_loss 0.01320219598710537
Iteration 1792/5153 policy_loss 0.010788173414766788
Iteration 1920/5153 policy_loss 0.009962904267013073
Iteration 2048/5153 policy_loss 0.011716349981725216
Iteration 2176/5153 policy_loss 0.013022325001657009
Iteration 2304/5153 policy_loss 0.012608159333467484
Iteration 2432/5153 policy_loss 0.011859409511089325
Iteration 2560/5153 policy_loss 0.014459354802966118
Iteration 2688/5153 policy_loss 0.012233939953148365
Iteration 2816/5153 policy_loss 0.00946418009698391
Iteration 2944/5153 policy_loss 0.010545224882662296
Iteration 3072/5153 policy_loss 0.01254161074757576
Iteration 3200/5153 policy_loss 0.010427581146359444
Iteration 3328/5153 policy_loss 0.011612466536462307
Iteration 3456/5153 policy_loss 0.009375003166496754
Iteration 3584/5153 policy_loss 0.011040115728974342
Iteration 3712/5153 policy_loss 0.010655306279659271
Iteration 3840/5153 policy_loss 0.01168191060423851
Iteration 3968/5153 policy_loss 0.010436087846755981
Iteration 4096/5153 policy_loss 0.016794966533780098
Iteration 4224/5153 policy_loss 0.011122542433440685
Iteration 4352/5153 policy_loss 0.012089544907212257
Iteration 4480/5153 policy_loss 0.01036662794649601
Iteration 4608/5153 policy_loss 0.010454491712152958
Iteration 4736/5153 policy_loss 0.013417922891676426
Iteration 4864/5153 policy_loss 0.014617560431361198
Iteration 4992/5153 policy_loss 0.019261321052908897
Iteration 5120/5153 policy_loss 0.011684262193739414
train acc: 0.9987898978359165 , last_lr: [1.0137779795222638e-05]
Run validation:
Epoch 37 Validate acc: 0.770555580062504
Epoch 37
[Manager]: save 37 to model/checkpoint/model_37.pt
Iteration 0/5153 policy_loss 0.009428657591342926
Iteration 128/5153 policy_loss 0.008125959895551205
Iteration 256/5153 policy_loss 0.010425280779600143
Iteration 384/5153 policy_loss 0.012738429009914398
Iteration 512/5153 policy_loss 0.009207737632095814
Iteration 640/5153 policy_loss 0.008420216850936413
Iteration 768/5153 policy_loss 0.013605998829007149
Iteration 896/5153 policy_loss 0.014470656402409077
Iteration 1024/5153 policy_loss 0.010329331271350384
Iteration 1152/5153 policy_loss 0.008742429316043854
Iteration 1280/5153 policy_loss 0.011170167475938797
Iteration 1408/5153 policy_loss 0.011087315157055855
Iteration 1536/5153 policy_loss 0.009592149406671524
Iteration 1664/5153 policy_loss 0.008536448702216148
Iteration 1792/5153 policy_loss 0.011415187269449234
Iteration 1920/5153 policy_loss 0.011126374825835228
Iteration 2048/5153 policy_loss 0.017547588795423508
Iteration 2176/5153 policy_loss 0.012602417729794979
Iteration 2304/5153 policy_loss 0.01116280909627676
Iteration 2432/5153 policy_loss 0.009608265943825245
Iteration 2560/5153 policy_loss 0.01235468965023756
Iteration 2688/5153 policy_loss 0.01328625064343214
Iteration 2816/5153 policy_loss 0.009830092079937458
Iteration 2944/5153 policy_loss 0.010846136137843132
Iteration 3072/5153 policy_loss 0.014700808562338352
Iteration 3200/5153 policy_loss 0.012026880867779255
Iteration 3328/5153 policy_loss 0.010179108008742332
Iteration 3456/5153 policy_loss 0.011298726312816143
