loading 0
loading 128
loading 256
loading 384
loading 512
loading 640
loading 768
loading 896
loading 1024
loading 1152
loading 1280
loading 1408
loading 1536
loading 1664
loading 1792
loading 1920
loading 2048
loading 2176
loading 2304
loading 2432
loading 2560
loading 2688
loading 2816
loading 2944
loading 3072
loading 3200
loading 3328
loading 3456
loading 3584
loading 3712
loading 3840
loading 3968
loading 4096
loading 4224
loading 4352
loading 4480
loading 4608
loading 4736
loading 4864
loading 4992
loading 5120
loading 5248
loading 5376
loading 5504
loading 5632
loading 5760
loading 5888
loading 6016
loading 6144
loading 6272
loading 6400
loading 6528
loading 6656
loading 6784
loading 6912
loading 7040
loading 7168
loading 7296
loading 7424
loading 7552
loading 7680
loading 7808
loading 7936
loading 8064
loading 8192
loading 8320
loading 8448
loading 8576
loading 8704
loading 8832
loading 8960
loading 9088
loading 9216
loading 9344
loading 9472
loading 9600
loading 9728
loading 9856
loading 9984
loading 10112
loading 10240
loading 10368
loading 10496
loading 10624
loading 10752
loading 10880
loading 11008
loading 11136
loading 11264
loading 11392
loading 11520
loading 11648
loading 11776
loading 11904
loading 12032
loading 12160
loading 12288
loading 12416
loading 12544
loading 12672
loading 12800
loading 12928
loading 13056
loading 13184
loading 13312
loading 13440
loading 13568
loading 13696
loading 13824
loading 13952
loading 14080
loading 14208
loading 14336
loading 14464
loading 14592
loading 14720
loading 14848
loading 14976
loading 15104
loading 15232
loading 15360
loading 15488
loading 15616
loading 15744
loading 15872
loading 16000
loading 16128
loading 16256
loading 16384
loading 16512
loading 16640
loading 16768
loading 16896
loading 17024
loading 17152
loading 17280
loading 17408
loading 17536
loading 17664
loading 17792
loading 17920
loading 18048
loading 18176
loading 18304
loading 18432
loading 18560
loading 18688
loading 18816
loading 18944
loading 19072
loading 19200
loading 19328
loading 19456
loading 19584
loading 19712
loading 19840
loading 19968
loading 20096
loading 20224
loading 20352
loading 20480
loading 20608
loading 20736
loading 20864
loading 20992
loading 21120
loading 21248
loading 21376
loading 21504
loading 21632
loading 21760
loading 21888
loading 22016
loading 22144
loading 22272
loading 22400
loading 22528
loading 22656
loading 22784
loading 22912
loading 23040
loading 23168
loading 23296
loading 23424
loading 23552
loading 23680
loading 23808
loading 23936
loading 24064
loading 24192
loading 24320
loading 24448
loading 24576
loading 24704
loading 24832
loading 24960
loading 25088
loading 25216
loading 25344
loading 25472
loading 25600
loading 25728
loading 25856
loading 25984
loading 26112
loading 26240
loading 26368
loading 26496
loading 26624
loading 26752
loading 26880
loading 27008
loading 27136
loading 27264
loading 27392
loading 27520
loading 27648
loading 27776
loading 27904
loading 28032
loading 28160
loading 28288
loading 28416
loading 28544
loading 28672
loading 28800
loading 28928
loading 29056
loading 29184
loading 29312
loading 29440
loading 29568
loading 29696
loading 29824
loading 29952
loading 30080
loading 30208
loading 30336
loading 30464
loading 30592
loading 30720
loading 30848
loading 30976
loading 31104
loading 31232
loading 31360
loading 31488
loading 31616
loading 31744
loading 31872
loading 32000
loading 32128
loading 32256
loading 32384
loading 32512
loading 32640
loading 32768
loading 32896
loading 33024
loading 33152
loading 33280
loading 33408
loading 33536
loading 33664
loading 33792
loading 33920
loading 34048
loading 34176
loading 34304
loading 34432
loading 34560
loading 34688
loading 34816
loading 34944
loading 35072
loading 35200
loading 35328
loading 35456
loading 35584
loading 35712
loading 35840
loading 35968
loading 36096
loading 36224
loading 36352
loading 36480
loading 36608
loading 36736
loading 36864
loading 36992
loading 37120
loading 37248
loading 37376
loading 37504
loading 37632
loading 37760
loading 37888
loading 38016
loading 38144
loading 38272
loading 38400
loading 38528
loading 38656
loading 38784
loading 38912
loading 39040
loading 39168
loading 39296
loading 39424
loading 39552
loading 39680
loading 39808
loading 39936
loading 40064
loading 40192
loading 40320
loading 40448
loading 40576
loading 40704
loading 40832
loading 40960
loading 41088
loading 41216
loading 41344
loading 41472
loading 41600
loading 41728
loading 41856
loading 41984
loading 42112
loading 42240
loading 42368
loading 42496
loading 42624
loading 42752
loading 42880
loading 43008
loading 43136
loading 43264
loading 43392
loading 43520
loading 43648
loading 43776
loading 43904
loading 44032
loading 44160
loading 44288
loading 44416
loading 44544
loading 44672
loading 44800
loading 44928
loading 45056
loading 45184
loading 45312
loading 45440
loading 45568
loading 45696
loading 45824
loading 45952
loading 46080
loading 46208
loading 46336
loading 46464
loading 46592
loading 46720
loading 46848
loading 46976
loading 47104
loading 47232
loading 47360
loading 47488
loading 47616
loading 47744
loading 47872
loading 48000
loading 48128
loading 48256
loading 48384
loading 48512
loading 48640
loading 48768
loading 48896
loading 49024
loading 49152
loading 49280
loading 49408
loading 49536
loading 49664
loading 49792
loading 49920
loading 50048
loading 50176
loading 50304
loading 50432
loading 50560
loading 50688
loading 50816
loading 50944
loading 51072
loading 51200
loading 51328
loading 51456
loading 51584
loading 51712
loading 51840
loading 51968
loading 52096
loading 52224
loading 52352
loading 52480
loading 52608
loading 52736
loading 52864
loading 52992
loading 53120
loading 53248
loading 53376
loading 53504
loading 53632
loading 53760
loading 53888
loading 54016
loading 54144
loading 54272
loading 54400
loading 54528
loading 54656
loading 54784
loading 54912
loading 55040
loading 55168
loading 55296
loading 55424
loading 55552
loading 55680
loading 55808
loading 55936
loading 56064
loading 56192
loading 56320
loading 56448
loading 56576
loading 56704
loading 56832
loading 56960
loading 57088
loading 57216
loading 57344
loading 57472
loading 57600
loading 57728
loading 57856
loading 57984
loading 58112
loading 58240
loading 58368
loading 58496
loading 58624
loading 58752
loading 58880
loading 59008
loading 59136
loading 59264
loading 59392
loading 59520
loading 59648
loading 59776
loading 59904
loading 60032
loading 60160
loading 60288
loading 60416
loading 60544
loading 60672
loading 60800
loading 60928
loading 61056
loading 61184
loading 61312
loading 61440
loading 61568
loading 61696
loading 61824
loading 61952
loading 62080
loading 62208
loading 62336
loading 62464
loading 62592
loading 62720
loading 62848
loading 62976
loading 63104
loading 63232
loading 63360
loading 63488
loading 63616
loading 63744
loading 63872
loading 64000
loading 64128
loading 64256
loading 64384
loading 64512
loading 64640
loading 64768
loading 64896
loading 65024
loading 65152
loading 65280
loading 65408
loading 65536
loading 65664
loading 65792
loading 65920
loading 66048
loading 66176
loading 66304
loading 66432
loading 66560
loading 66688
loading 66816
loading 66944
loading 67072
loading 67200
loading 67328
loading 67456
loading 67584
loading 67712
loading 67840
loading 67968
loading 68096
loading 68224
loading 68352
loading 68480
loading 68608
loading 68736
loading 68864
loading 68992
loading 69120
loading 69248
loading 69376
loading 69504
loading 69632
loading 69760
loading 69888
loading 70016
loading 70144
loading 70272
loading 70400
loading 70528
loading 70656
loading 70784
loading 70912
loading 71040
loading 71168
loading 71296
loading 71424
loading 71552
loading 71680
loading 71808
loading 71936
loading 72064
loading 72192
loading 72320
loading 72448
loading 72576
loading 72704
loading 72832
loading 72960
loading 73088
loading 73216
loading 73344
loading 73472
loading 73600
loading 73728
loading 73856
loading 73984
loading 74112
loading 74240
loading 74368
loading 74496
loading 74624
loading 74752
loading 74880
loading 75008
loading 75136
loading 75264
loading 75392
loading 75520
loading 75648
loading 75776
loading 75904
loading 76032
loading 76160
loading 76288
loading 76416
loading 76544
loading 76672
loading 76800
loading 76928
loading 77056
loading 77184
loading 77312
loading 77440
loading 77568
loading 77696
loading 77824
loading 77952
loading 78080
loading 78208
loading 78336
loading 78464
loading 78592
loading 78720
loading 78848
loading 78976
loading 79104
loading 79232
loading 79360
loading 79488
loading 79616
loading 79744
loading 79872
loading 80000
loading 80128
loading 80256
loading 80384
loading 80512
loading 80640
loading 80768
loading 80896
loading 81024
loading 81152
loading 81280
loading 81408
loading 81536
loading 81664
loading 81792
loading 81920
loading 82048
loading 82176
loading 82304
loading 82432
loading 82560
loading 82688
loading 82816
loading 82944
loading 83072
loading 83200
loading 83328
loading 83456
loading 83584
loading 83712
loading 83840
loading 83968
loading 84096
loading 84224
loading 84352
loading 84480
loading 84608
loading 84736
loading 84864
loading 84992
loading 85120
loading 85248
loading 85376
loading 85504
loading 85632
loading 85760
loading 85888
loading 86016
loading 86144
loading 86272
loading 86400
loading 86528
loading 86656
loading 86784
loading 86912
loading 87040
loading 87168
loading 87296
loading 87424
loading 87552
loading 87680
loading 87808
loading 87936
loading 88064
loading 88192
loading 88320
loading 0
loading 128
loading 256
loading 384
loading 512
loading 640
loading 768
loading 896
loading 1024
loading 1152
loading 1280
loading 1408
loading 1536
loading 1664
loading 1792
loading 1920
loading 2048
loading 2176
loading 2304
loading 2432
loading 2560
loading 2688
loading 2816
loading 2944
loading 3072
loading 3200
loading 3328
loading 3456
loading 3584
loading 3712
loading 3840
loading 3968
loading 4096
loading 4224
loading 4352
loading 4480
loading 4608
loading 4736
loading 4864
loading 4992
loading 5120
loading 5248
loading 5376
loading 5504
loading 5632
loading 5760
loading 5888
loading 6016
loading 6144
loading 6272
loading 6400
loading 6528
loading 6656
loading 6784
loading 6912
loading 7040
loading 7168
loading 7296
loading 7424
loading 7552
loading 7680
loading 7808
loading 7936
loading 8064
loading 8192
loading 8320
loading 8448
loading 8576
loading 8704
loading 8832
loading 8960
loading 9088
loading 9216
loading 9344
loading 9472
loading 9600
loading 9728
Epoch 0
Iteration 0/5153 policy_loss 1.9437412023544312
Iteration 128/5153 policy_loss 1.452108383178711
Iteration 256/5153 policy_loss 1.3007606267929077
Iteration 384/5153 policy_loss 1.3290296792984009
Iteration 512/5153 policy_loss 1.2167377471923828
Iteration 640/5153 policy_loss 1.0556808710098267
Iteration 768/5153 policy_loss 1.0613130331039429
Iteration 896/5153 policy_loss 1.0642515420913696
Iteration 1024/5153 policy_loss 0.9439607858657837
Iteration 1152/5153 policy_loss 0.9697340130805969
Iteration 1280/5153 policy_loss 0.977267861366272
Iteration 1408/5153 policy_loss 0.9920778274536133
Iteration 1536/5153 policy_loss 0.975405216217041
Iteration 1664/5153 policy_loss 0.9668064713478088
Iteration 1792/5153 policy_loss 0.8794754147529602
Iteration 1920/5153 policy_loss 0.9067792296409607
Iteration 2048/5153 policy_loss 0.8807584047317505
Iteration 2176/5153 policy_loss 0.8686118125915527
Iteration 2304/5153 policy_loss 0.8641820549964905
Iteration 2432/5153 policy_loss 0.8699616193771362
Iteration 2560/5153 policy_loss 0.8385761976242065
Iteration 2688/5153 policy_loss 0.8597023487091064
Iteration 2816/5153 policy_loss 0.8637892007827759
Iteration 2944/5153 policy_loss 0.870736300945282
Iteration 3072/5153 policy_loss 0.8457330465316772
Iteration 3200/5153 policy_loss 0.8022232055664062
Iteration 3328/5153 policy_loss 0.8183485865592957
Iteration 3456/5153 policy_loss 0.7644830942153931
Iteration 3584/5153 policy_loss 0.8231774568557739
Iteration 3712/5153 policy_loss 0.8681042790412903
Iteration 3840/5153 policy_loss 0.7905177474021912
Iteration 3968/5153 policy_loss 0.7851970195770264
Iteration 4096/5153 policy_loss 0.8280210494995117
Iteration 4224/5153 policy_loss 0.8281915783882141
Iteration 4352/5153 policy_loss 0.8010537028312683
Iteration 4480/5153 policy_loss 0.7778033018112183
Iteration 4608/5153 policy_loss 0.810583770275116
Iteration 4736/5153 policy_loss 0.8131046295166016
Iteration 4864/5153 policy_loss 0.7592983245849609
Iteration 4992/5153 policy_loss 0.8161488175392151
Iteration 5120/5153 policy_loss 0.7342871427536011
training acc: 0.6645797695177066 .lastlr: [0.00045000000000000004]
Run validation:
Epoch 1 Validate acc: 0.7101180518559489
Epoch 1
Iteration 0/5153 policy_loss 0.7197904586791992
Iteration 128/5153 policy_loss 0.6475564241409302
Iteration 256/5153 policy_loss 0.7919121980667114
Iteration 384/5153 policy_loss 0.7675137519836426
Iteration 512/5153 policy_loss 0.7768401503562927
Iteration 640/5153 policy_loss 0.7521347403526306
Iteration 768/5153 policy_loss 0.7393771409988403
Iteration 896/5153 policy_loss 0.8073304891586304
Iteration 1024/5153 policy_loss 0.7097881436347961
Iteration 1152/5153 policy_loss 0.7206376194953918
Iteration 1280/5153 policy_loss 0.7064775824546814
Iteration 1408/5153 policy_loss 0.7344582080841064
Iteration 1536/5153 policy_loss 0.7248963713645935
Iteration 1664/5153 policy_loss 0.7522283792495728
Iteration 1792/5153 policy_loss 0.7646031975746155
Iteration 1920/5153 policy_loss 0.7451192140579224
Iteration 2048/5153 policy_loss 0.7306032180786133
Iteration 2176/5153 policy_loss 0.718843936920166
Iteration 2304/5153 policy_loss 0.7636874914169312
Iteration 2432/5153 policy_loss 0.745494544506073
Iteration 2560/5153 policy_loss 0.8277143239974976
Iteration 2688/5153 policy_loss 0.7833766341209412
Iteration 2816/5153 policy_loss 0.7059978246688843
Iteration 2944/5153 policy_loss 0.7103591561317444
Iteration 3072/5153 policy_loss 0.698246955871582
Iteration 3200/5153 policy_loss 0.7110114097595215
Iteration 3328/5153 policy_loss 0.7425407767295837
Iteration 3456/5153 policy_loss 0.7217450737953186
Iteration 3584/5153 policy_loss 0.7346727848052979
Iteration 3712/5153 policy_loss 0.6912546753883362
Iteration 3840/5153 policy_loss 0.7298533916473389
Iteration 3968/5153 policy_loss 0.7272273898124695
Iteration 4096/5153 policy_loss 0.7172293066978455
Iteration 4224/5153 policy_loss 0.6841034293174744
Iteration 4352/5153 policy_loss 0.6889196038246155
Iteration 4480/5153 policy_loss 0.7432112693786621
Iteration 4608/5153 policy_loss 0.6966642737388611
Iteration 4736/5153 policy_loss 0.7495319247245789
Iteration 4864/5153 policy_loss 0.7065742015838623
Iteration 4992/5153 policy_loss 0.7576949000358582
Iteration 5120/5153 policy_loss 0.6733199954032898
training acc: 0.7317316268207915 .lastlr: [0.00040500000000000003]
Run validation:
Epoch 2 Validate acc: 0.729687038727388
Epoch 2
Iteration 0/5153 policy_loss 0.6450532674789429
Iteration 128/5153 policy_loss 0.6910448670387268
Iteration 256/5153 policy_loss 0.7118607759475708
Iteration 384/5153 policy_loss 0.7028738260269165
Iteration 512/5153 policy_loss 0.6998573541641235
Iteration 640/5153 policy_loss 0.6664860844612122
Iteration 768/5153 policy_loss 0.6883012652397156
Iteration 896/5153 policy_loss 0.6626472473144531
Iteration 1024/5153 policy_loss 0.7128246426582336
Iteration 1152/5153 policy_loss 0.6514696478843689
Iteration 1280/5153 policy_loss 0.6393235325813293
Iteration 1408/5153 policy_loss 0.7217785120010376
Iteration 1536/5153 policy_loss 0.6732903718948364
Iteration 1664/5153 policy_loss 0.6545474529266357
Iteration 1792/5153 policy_loss 0.6818119883537292
Iteration 1920/5153 policy_loss 0.6658776998519897
Iteration 2048/5153 policy_loss 0.6036691665649414
Iteration 2176/5153 policy_loss 0.7597618103027344
Iteration 2304/5153 policy_loss 0.6611421704292297
Iteration 2432/5153 policy_loss 0.621646523475647
Iteration 2560/5153 policy_loss 0.6504460573196411
Iteration 2688/5153 policy_loss 0.6436590552330017
Iteration 2816/5153 policy_loss 0.6754980087280273
Iteration 2944/5153 policy_loss 0.6767351031303406
Iteration 3072/5153 policy_loss 0.679364025592804
Iteration 3200/5153 policy_loss 0.6711658835411072
Iteration 3328/5153 policy_loss 0.6217752695083618
Iteration 3456/5153 policy_loss 0.6871631741523743
Iteration 3584/5153 policy_loss 0.6127905249595642
Iteration 3712/5153 policy_loss 0.6707864999771118
Iteration 3840/5153 policy_loss 0.7176560759544373
Iteration 3968/5153 policy_loss 0.7099743485450745
Iteration 4096/5153 policy_loss 0.6775794625282288
Iteration 4224/5153 policy_loss 0.7142698168754578
Iteration 4352/5153 policy_loss 0.661236047744751
Iteration 4480/5153 policy_loss 0.6970329284667969
Iteration 4608/5153 policy_loss 0.675689697265625
Iteration 4736/5153 policy_loss 0.6803662180900574
Iteration 4864/5153 policy_loss 0.6685687303543091
Iteration 4992/5153 policy_loss 0.6709542870521545
Iteration 5120/5153 policy_loss 0.6502546072006226
training acc: 0.7542399061180567 .lastlr: [0.0003645]
Run validation:
Epoch 3 Validate acc: 0.7362988249106722
Epoch 3
Iteration 0/5153 policy_loss 0.6676802635192871
Iteration 128/5153 policy_loss 0.5880221128463745
Iteration 256/5153 policy_loss 0.6287555694580078
Iteration 384/5153 policy_loss 0.6199092864990234
Iteration 512/5153 policy_loss 0.6133492588996887
Iteration 640/5153 policy_loss 0.6070020198822021
Iteration 768/5153 policy_loss 0.6172664761543274
Iteration 896/5153 policy_loss 0.6118860840797424
Iteration 1024/5153 policy_loss 0.6155638694763184
Iteration 1152/5153 policy_loss 0.6601557731628418
Iteration 1280/5153 policy_loss 0.5934863090515137
Iteration 1408/5153 policy_loss 0.595672070980072
Iteration 1536/5153 policy_loss 0.6205641627311707
Iteration 1664/5153 policy_loss 0.6486509442329407
Iteration 1792/5153 policy_loss 0.6849555969238281
Iteration 1920/5153 policy_loss 0.6175318360328674
Iteration 2048/5153 policy_loss 0.6163042187690735
Iteration 2176/5153 policy_loss 0.5498495697975159
Iteration 2304/5153 policy_loss 0.6213856935501099
Iteration 2432/5153 policy_loss 0.6702595353126526
Iteration 2560/5153 policy_loss 0.6653410792350769
Iteration 2688/5153 policy_loss 0.6287354230880737
Iteration 2816/5153 policy_loss 0.6081721186637878
Iteration 2944/5153 policy_loss 0.5998299717903137
Iteration 3072/5153 policy_loss 0.6016983389854431
Iteration 3200/5153 policy_loss 0.5910248160362244
Iteration 3328/5153 policy_loss 0.6584753394126892
Iteration 3456/5153 policy_loss 0.6910585761070251
Iteration 3584/5153 policy_loss 0.626645565032959
Iteration 3712/5153 policy_loss 0.6445332169532776
Iteration 3840/5153 policy_loss 0.6533661484718323
Iteration 3968/5153 policy_loss 0.5844849348068237
Iteration 4096/5153 policy_loss 0.6213474273681641
Iteration 4224/5153 policy_loss 0.6482243537902832
Iteration 4352/5153 policy_loss 0.6169534921646118
Iteration 4480/5153 policy_loss 0.6496805548667908
Iteration 4608/5153 policy_loss 0.6750428676605225
Iteration 4736/5153 policy_loss 0.6329770088195801
Iteration 4864/5153 policy_loss 0.627470076084137
Iteration 4992/5153 policy_loss 0.6699749231338501
Iteration 5120/5153 policy_loss 0.6285166144371033
training acc: 0.7714028884010997 .lastlr: [0.00032805000000000003]
Run validation:
Epoch 4 Validate acc: 0.7384094387192442
Epoch 4
Iteration 0/5153 policy_loss 0.5683650970458984
Iteration 128/5153 policy_loss 0.6194488406181335
Iteration 256/5153 policy_loss 0.6248719096183777
Iteration 384/5153 policy_loss 0.6136584281921387
Iteration 512/5153 policy_loss 0.5704925060272217
Iteration 640/5153 policy_loss 0.6031416654586792
Iteration 768/5153 policy_loss 0.5998748540878296
Iteration 896/5153 policy_loss 0.5690642595291138
Iteration 1024/5153 policy_loss 0.5654303431510925
Iteration 1152/5153 policy_loss 0.5438691973686218
Iteration 1280/5153 policy_loss 0.5951787829399109
Iteration 1408/5153 policy_loss 0.5518803596496582
Iteration 1536/5153 policy_loss 0.5659763813018799
Iteration 1664/5153 policy_loss 0.6169219613075256
Iteration 1792/5153 policy_loss 0.5664556622505188
Iteration 1920/5153 policy_loss 0.6181817054748535
Iteration 2048/5153 policy_loss 0.5936203002929688
Iteration 2176/5153 policy_loss 0.633941113948822
Iteration 2304/5153 policy_loss 0.5886879563331604
Iteration 2432/5153 policy_loss 0.5443958640098572
Iteration 2560/5153 policy_loss 0.567757248878479
Iteration 2688/5153 policy_loss 0.5998261570930481
Iteration 2816/5153 policy_loss 0.6212318539619446
Iteration 2944/5153 policy_loss 0.6043155789375305
Iteration 3072/5153 policy_loss 0.593339204788208
Iteration 3200/5153 policy_loss 0.598121702671051
Iteration 3328/5153 policy_loss 0.5958390831947327
Iteration 3456/5153 policy_loss 0.629772961139679
Iteration 3584/5153 policy_loss 0.6164223551750183
Iteration 3712/5153 policy_loss 0.5546951293945312
Iteration 3840/5153 policy_loss 0.5721097588539124
Iteration 3968/5153 policy_loss 0.6172758936882019
Iteration 4096/5153 policy_loss 0.6185154914855957
Iteration 4224/5153 policy_loss 0.6076552867889404
Iteration 4352/5153 policy_loss 0.5852851867675781
Iteration 4480/5153 policy_loss 0.5449332594871521
Iteration 4608/5153 policy_loss 0.6093922257423401
Iteration 4736/5153 policy_loss 0.5602340698242188
Iteration 4864/5153 policy_loss 0.5808807015419006
Iteration 4992/5153 policy_loss 0.6471803188323975
Iteration 5120/5153 policy_loss 0.5653241276741028
training acc: 0.7866708336381489 .lastlr: [0.000295245]
Run validation:
Epoch 5 Validate acc: 0.7388692267756133
Epoch 5
Iteration 0/5153 policy_loss 0.5649603605270386
Iteration 128/5153 policy_loss 0.5418616533279419
Iteration 256/5153 policy_loss 0.5428045392036438
Iteration 384/5153 policy_loss 0.5385874509811401
Iteration 512/5153 policy_loss 0.5593782663345337
Iteration 640/5153 policy_loss 0.522358775138855
Iteration 768/5153 policy_loss 0.5538802146911621
Iteration 896/5153 policy_loss 0.5229355692863464
Iteration 1024/5153 policy_loss 0.5510711669921875
Iteration 1152/5153 policy_loss 0.5372129082679749
Iteration 1280/5153 policy_loss 0.5946728587150574
Iteration 1408/5153 policy_loss 0.5048425197601318
Iteration 1536/5153 policy_loss 0.4807150959968567
Iteration 1664/5153 policy_loss 0.5547884106636047
Iteration 1792/5153 policy_loss 0.5442188382148743
Iteration 1920/5153 policy_loss 0.6024785041809082
Iteration 2048/5153 policy_loss 0.5351701974868774
Iteration 2176/5153 policy_loss 0.5169190764427185
Iteration 2304/5153 policy_loss 0.5446178913116455
Iteration 2432/5153 policy_loss 0.5100717544555664
Iteration 2560/5153 policy_loss 0.506166934967041
Iteration 2688/5153 policy_loss 0.5560016632080078
Iteration 2816/5153 policy_loss 0.543778657913208
Iteration 2944/5153 policy_loss 0.5355777740478516
Iteration 3072/5153 policy_loss 0.6347912549972534
Iteration 3200/5153 policy_loss 0.5582319498062134
Iteration 3328/5153 policy_loss 0.5929988026618958
Iteration 3456/5153 policy_loss 0.550277054309845
Iteration 3584/5153 policy_loss 0.5972715616226196
Iteration 3712/5153 policy_loss 0.5526003241539001
Iteration 3840/5153 policy_loss 0.5641878247261047
Iteration 3968/5153 policy_loss 0.5785468816757202
Iteration 4096/5153 policy_loss 0.5335264205932617
Iteration 4224/5153 policy_loss 0.5553169250488281
Iteration 4352/5153 policy_loss 0.5732822418212891
Iteration 4480/5153 policy_loss 0.5313038229942322
Iteration 4608/5153 policy_loss 0.6274654269218445
Iteration 4736/5153 policy_loss 0.547766923904419
Iteration 4864/5153 policy_loss 0.5718147158622742
Iteration 4992/5153 policy_loss 0.5892925262451172
Iteration 5120/5153 policy_loss 0.5752739310264587
training acc: 0.8010853583513349 .lastlr: [0.0002657205]
Run validation:
Epoch 6 Validate acc: 0.7377273914917153
Epoch 6
Iteration 0/5153 policy_loss 0.5009567141532898
Iteration 128/5153 policy_loss 0.4538991451263428
Iteration 256/5153 policy_loss 0.4782339334487915
Iteration 384/5153 policy_loss 0.5059018135070801
Iteration 512/5153 policy_loss 0.4645923674106598
Iteration 640/5153 policy_loss 0.47223004698753357
Iteration 768/5153 policy_loss 0.5029681921005249
Iteration 896/5153 policy_loss 0.5276795029640198
Iteration 1024/5153 policy_loss 0.5576326251029968
Iteration 1152/5153 policy_loss 0.5276870727539062
Iteration 1280/5153 policy_loss 0.48856523633003235
Iteration 1408/5153 policy_loss 0.542350709438324
Iteration 1536/5153 policy_loss 0.5429779887199402
Iteration 1664/5153 policy_loss 0.5079243183135986
Iteration 1792/5153 policy_loss 0.510904848575592
Iteration 1920/5153 policy_loss 0.5443872213363647
Iteration 2048/5153 policy_loss 0.4769775867462158
Iteration 2176/5153 policy_loss 0.5121777057647705
Iteration 2304/5153 policy_loss 0.5353580713272095
Iteration 2432/5153 policy_loss 0.5108665823936462
Iteration 2560/5153 policy_loss 0.4933611750602722
Iteration 2688/5153 policy_loss 0.5223050117492676
Iteration 2816/5153 policy_loss 0.5357951521873474
Iteration 2944/5153 policy_loss 0.506665825843811
Iteration 3072/5153 policy_loss 0.5652051568031311
Iteration 3200/5153 policy_loss 0.523797869682312
Iteration 3328/5153 policy_loss 0.4979201555252075
Iteration 3456/5153 policy_loss 0.5272966027259827
Iteration 3584/5153 policy_loss 0.5040696263313293
Iteration 3712/5153 policy_loss 0.4655306339263916
Iteration 3840/5153 policy_loss 0.5827803611755371
Iteration 3968/5153 policy_loss 0.5464398860931396
Iteration 4096/5153 policy_loss 0.49590134620666504
Iteration 4224/5153 policy_loss 0.539093554019928
Iteration 4352/5153 policy_loss 0.5439252853393555
Iteration 4480/5153 policy_loss 0.48530590534210205
Iteration 4608/5153 policy_loss 0.5306922197341919
Iteration 4736/5153 policy_loss 0.49480900168418884
Iteration 4864/5153 policy_loss 0.5173972249031067
Iteration 4992/5153 policy_loss 0.5403233170509338
Iteration 5120/5153 policy_loss 0.4615946412086487
training acc: 0.814807177753679 .lastlr: [0.00023914845]
Run validation:
Epoch 7 Validate acc: 0.7346463025235748
Epoch 7
Iteration 0/5153 policy_loss 0.45724838972091675
Iteration 128/5153 policy_loss 0.5068753957748413
Iteration 256/5153 policy_loss 0.41703301668167114
Iteration 384/5153 policy_loss 0.41687944531440735
Iteration 512/5153 policy_loss 0.44640931487083435
Iteration 640/5153 policy_loss 0.5116972327232361
Iteration 768/5153 policy_loss 0.42334461212158203
Iteration 896/5153 policy_loss 0.4637555181980133
Iteration 1024/5153 policy_loss 0.4929719567298889
Iteration 1152/5153 policy_loss 0.47916334867477417
Iteration 1280/5153 policy_loss 0.43282946944236755
Iteration 1408/5153 policy_loss 0.448297381401062
Iteration 1536/5153 policy_loss 0.46511590480804443
Iteration 1664/5153 policy_loss 0.4718158543109894
Iteration 1792/5153 policy_loss 0.4803656041622162
Iteration 1920/5153 policy_loss 0.4907687306404114
Iteration 2048/5153 policy_loss 0.5163777470588684
Iteration 2176/5153 policy_loss 0.5054407119750977
Iteration 2304/5153 policy_loss 0.482549250125885
Iteration 2432/5153 policy_loss 0.4332769513130188
Iteration 2560/5153 policy_loss 0.4592069387435913
Iteration 2688/5153 policy_loss 0.4692724943161011
Iteration 2816/5153 policy_loss 0.5162753462791443
Iteration 2944/5153 policy_loss 0.511496901512146
Iteration 3072/5153 policy_loss 0.4953044056892395
Iteration 3200/5153 policy_loss 0.52163165807724
Iteration 3328/5153 policy_loss 0.47002044320106506
Iteration 3456/5153 policy_loss 0.5228868722915649
Iteration 3584/5153 policy_loss 0.5427573919296265
Iteration 3712/5153 policy_loss 0.5245132446289062
Iteration 3840/5153 policy_loss 0.4737389087677002
Iteration 3968/5153 policy_loss 0.516451358795166
Iteration 4096/5153 policy_loss 0.4461401104927063
Iteration 4224/5153 policy_loss 0.495993971824646
Iteration 4352/5153 policy_loss 0.464293509721756
Iteration 4480/5153 policy_loss 0.5101656317710876
Iteration 4608/5153 policy_loss 0.46805617213249207
Iteration 4736/5153 policy_loss 0.5120522975921631
Iteration 4864/5153 policy_loss 0.48392632603645325
Iteration 4992/5153 policy_loss 0.5455234050750732
Iteration 5120/5153 policy_loss 0.5475932359695435
training acc: 0.8281436975946164 .lastlr: [0.000215233605]
Run validation:
Epoch 8 Validate acc: 0.731952046311346
Epoch 8
Iteration 0/5153 policy_loss 0.3930493891239166
Iteration 128/5153 policy_loss 0.442707896232605
Iteration 256/5153 policy_loss 0.4353739023208618
Iteration 384/5153 policy_loss 0.4204212725162506
Iteration 512/5153 policy_loss 0.46302667260169983
Iteration 640/5153 policy_loss 0.4394242465496063
Iteration 768/5153 policy_loss 0.4277990460395813
Iteration 896/5153 policy_loss 0.42585664987564087
Iteration 1024/5153 policy_loss 0.4150180220603943
Iteration 1152/5153 policy_loss 0.43207848072052
Iteration 1280/5153 policy_loss 0.46303796768188477
Iteration 1408/5153 policy_loss 0.4281868040561676
Iteration 1536/5153 policy_loss 0.4554634094238281
Iteration 1664/5153 policy_loss 0.440062552690506
Iteration 1792/5153 policy_loss 0.43993476033210754
Iteration 1920/5153 policy_loss 0.4373895823955536
Iteration 2048/5153 policy_loss 0.4021102488040924
Iteration 2176/5153 policy_loss 0.4567369222640991
Iteration 2304/5153 policy_loss 0.44086945056915283
Iteration 2432/5153 policy_loss 0.4692625403404236
Iteration 2560/5153 policy_loss 0.4143384099006653
Iteration 2688/5153 policy_loss 0.44721895456314087
Iteration 2816/5153 policy_loss 0.44761884212493896
Iteration 2944/5153 policy_loss 0.4515707790851593
Iteration 3072/5153 policy_loss 0.4312540888786316
Iteration 3200/5153 policy_loss 0.4324412941932678
Iteration 3328/5153 policy_loss 0.4428577721118927
Iteration 3456/5153 policy_loss 0.4153518080711365
Iteration 3584/5153 policy_loss 0.47442111372947693
Iteration 3712/5153 policy_loss 0.4621357321739197
Iteration 3840/5153 policy_loss 0.43177446722984314
Iteration 3968/5153 policy_loss 0.44153881072998047
Iteration 4096/5153 policy_loss 0.47514858841896057
Iteration 4224/5153 policy_loss 0.491519570350647
Iteration 4352/5153 policy_loss 0.45365816354751587
Iteration 4480/5153 policy_loss 0.49715176224708557
Iteration 4608/5153 policy_loss 0.4654635488986969
Iteration 4736/5153 policy_loss 0.434379518032074
Iteration 4864/5153 policy_loss 0.5108402967453003
Iteration 4992/5153 policy_loss 0.48646968603134155
Iteration 5120/5153 policy_loss 0.47315478324890137
training acc: 0.8408159405232417 .lastlr: [0.0001937102445]
Run validation:
Epoch 9 Validate acc: 0.7287267433771857
Epoch 9
Iteration 0/5153 policy_loss 0.376348078250885
Iteration 128/5153 policy_loss 0.42897269129753113
Iteration 256/5153 policy_loss 0.43755096197128296
Iteration 384/5153 policy_loss 0.4238129258155823
Iteration 512/5153 policy_loss 0.38809433579444885
Iteration 640/5153 policy_loss 0.3726847767829895
Iteration 768/5153 policy_loss 0.4128827154636383
Iteration 896/5153 policy_loss 0.410763144493103
Iteration 1024/5153 policy_loss 0.4075270891189575
Iteration 1152/5153 policy_loss 0.4414213299751282
Iteration 1280/5153 policy_loss 0.4542614817619324
Iteration 1408/5153 policy_loss 0.3757835030555725
Iteration 1536/5153 policy_loss 0.3948412835597992
Iteration 1664/5153 policy_loss 0.4187397062778473
Iteration 1792/5153 policy_loss 0.4113825559616089
Iteration 1920/5153 policy_loss 0.392054945230484
Iteration 2048/5153 policy_loss 0.3572230637073517
Iteration 2176/5153 policy_loss 0.3615758717060089
Iteration 2304/5153 policy_loss 0.41778236627578735
Iteration 2432/5153 policy_loss 0.4000453054904938
Iteration 2560/5153 policy_loss 0.41459277272224426
Iteration 2688/5153 policy_loss 0.38066041469573975
Iteration 2816/5153 policy_loss 0.4224938750267029
Iteration 2944/5153 policy_loss 0.4372313916683197
Iteration 3072/5153 policy_loss 0.4386347830295563
Iteration 3200/5153 policy_loss 0.4177091419696808
Iteration 3328/5153 policy_loss 0.4012908935546875
Iteration 3456/5153 policy_loss 0.419915109872818
Iteration 3584/5153 policy_loss 0.4628593325614929
Iteration 3712/5153 policy_loss 0.4073641300201416
Iteration 3840/5153 policy_loss 0.3894568085670471
Iteration 3968/5153 policy_loss 0.4261646568775177
Iteration 4096/5153 policy_loss 0.4121072590351105
Iteration 4224/5153 policy_loss 0.4235888719558716
Iteration 4352/5153 policy_loss 0.39044442772865295
Iteration 4480/5153 policy_loss 0.4252569079399109
Iteration 4608/5153 policy_loss 0.4432400166988373
Iteration 4736/5153 policy_loss 0.45814552903175354
Iteration 4864/5153 policy_loss 0.39876341819763184
Iteration 4992/5153 policy_loss 0.402546226978302
Iteration 5120/5153 policy_loss 0.47309592366218567
training acc: 0.8523993757881774 .lastlr: [0.00017433922005]
Run validation:
Epoch 10 Validate acc: 0.7272540642888894
Epoch 10
Iteration 0/5153 policy_loss 0.3502604067325592
Iteration 128/5153 policy_loss 0.36802390217781067
Iteration 256/5153 policy_loss 0.3388341963291168
Iteration 384/5153 policy_loss 0.3537057936191559
Iteration 512/5153 policy_loss 0.3765605688095093
Iteration 640/5153 policy_loss 0.35756054520606995
Iteration 768/5153 policy_loss 0.40798714756965637
Iteration 896/5153 policy_loss 0.372983455657959
Iteration 1024/5153 policy_loss 0.3928079903125763
Iteration 1152/5153 policy_loss 0.37205955386161804
Iteration 1280/5153 policy_loss 0.4015786647796631
Iteration 1408/5153 policy_loss 0.3876240849494934
Iteration 1536/5153 policy_loss 0.4009695053100586
Iteration 1664/5153 policy_loss 0.43043822050094604
Iteration 1792/5153 policy_loss 0.3803991675376892
Iteration 1920/5153 policy_loss 0.34698379039764404
Iteration 2048/5153 policy_loss 0.3381141424179077
Iteration 2176/5153 policy_loss 0.376755028963089
Iteration 2304/5153 policy_loss 0.3992997407913208
Iteration 2432/5153 policy_loss 0.4481681287288666
Iteration 2560/5153 policy_loss 0.4107186794281006
Iteration 2688/5153 policy_loss 0.4477458894252777
Iteration 2816/5153 policy_loss 0.36325329542160034
Iteration 2944/5153 policy_loss 0.3709737956523895
Iteration 3072/5153 policy_loss 0.43740329146385193
Iteration 3200/5153 policy_loss 0.4077492356300354
Iteration 3328/5153 policy_loss 0.3629615604877472
Iteration 3456/5153 policy_loss 0.4208524823188782
Iteration 3584/5153 policy_loss 0.4107241630554199
Iteration 3712/5153 policy_loss 0.3905920386314392
Iteration 3840/5153 policy_loss 0.4129195809364319
Iteration 3968/5153 policy_loss 0.38319218158721924
Iteration 4096/5153 policy_loss 0.4595625400543213
Iteration 4224/5153 policy_loss 0.4004553258419037
Iteration 4352/5153 policy_loss 0.4312503933906555
Iteration 4480/5153 policy_loss 0.4136723577976227
Iteration 4608/5153 policy_loss 0.43929603695869446
Iteration 4736/5153 policy_loss 0.37974148988723755
Iteration 4864/5153 policy_loss 0.45111533999443054
Iteration 4992/5153 policy_loss 0.3722913861274719
Iteration 5120/5153 policy_loss 0.47043994069099426
training acc: 0.8635455822837252 .lastlr: [0.00015690529804500002]
Run validation:
Epoch 11 Validate acc: 0.7235163776166351
Epoch 11
Iteration 0/5153 policy_loss 0.35660722851753235
Iteration 128/5153 policy_loss 0.3349081873893738
Iteration 256/5153 policy_loss 0.32109391689300537
Iteration 384/5153 policy_loss 0.33066272735595703
Iteration 512/5153 policy_loss 0.3296672999858856
Iteration 640/5153 policy_loss 0.3545457720756531
Iteration 768/5153 policy_loss 0.336915522813797
Iteration 896/5153 policy_loss 0.3404603898525238
Iteration 1024/5153 policy_loss 0.31952735781669617
Iteration 1152/5153 policy_loss 0.32070180773735046
Iteration 1280/5153 policy_loss 0.3201518654823303
Iteration 1408/5153 policy_loss 0.3904697299003601
Iteration 1536/5153 policy_loss 0.35230642557144165
Iteration 1664/5153 policy_loss 0.36789470911026
Iteration 1792/5153 policy_loss 0.3808425962924957
Iteration 1920/5153 policy_loss 0.3651723861694336
Iteration 2048/5153 policy_loss 0.34268730878829956
Iteration 2176/5153 policy_loss 0.3591705858707428
Iteration 2304/5153 policy_loss 0.3695642948150635
Iteration 2432/5153 policy_loss 0.35460755228996277
Iteration 2560/5153 policy_loss 0.39040154218673706
Iteration 2688/5153 policy_loss 0.32194048166275024
Iteration 2816/5153 policy_loss 0.37230128049850464
Iteration 2944/5153 policy_loss 0.3237500786781311
Iteration 3072/5153 policy_loss 0.34857770800590515
Iteration 3200/5153 policy_loss 0.347865492105484
Iteration 3328/5153 policy_loss 0.4002663493156433
Iteration 3456/5153 policy_loss 0.3423742949962616
Iteration 3584/5153 policy_loss 0.36755654215812683
Iteration 3712/5153 policy_loss 0.3614999055862427
Iteration 3840/5153 policy_loss 0.39275452494621277
Iteration 3968/5153 policy_loss 0.3715052902698517
Iteration 4096/5153 policy_loss 0.42220810055732727
Iteration 4224/5153 policy_loss 0.31767475605010986
Iteration 4352/5153 policy_loss 0.3616834282875061
Iteration 4480/5153 policy_loss 0.3483480215072632
Iteration 4608/5153 policy_loss 0.30045977234840393
Iteration 4736/5153 policy_loss 0.3994390368461609
Iteration 4864/5153 policy_loss 0.36355748772621155
Iteration 4992/5153 policy_loss 0.3458523750305176
Iteration 5120/5153 policy_loss 0.41522017121315
training acc: 0.8738135407873605 .lastlr: [0.00014121476824050002]
Run validation:
Epoch 12 Validate acc: 0.7208815036257088
Epoch 12
Iteration 0/5153 policy_loss 0.29166725277900696
Iteration 128/5153 policy_loss 0.3342204988002777
Iteration 256/5153 policy_loss 0.2995552718639374
Iteration 384/5153 policy_loss 0.2980251610279083
Iteration 512/5153 policy_loss 0.3346386253833771
Iteration 640/5153 policy_loss 0.31577733159065247
Iteration 768/5153 policy_loss 0.32413291931152344
Iteration 896/5153 policy_loss 0.3423316776752472
Iteration 1024/5153 policy_loss 0.35199761390686035
Iteration 1152/5153 policy_loss 0.3513577878475189
Iteration 1280/5153 policy_loss 0.33214497566223145
Iteration 1408/5153 policy_loss 0.32868996262550354
Iteration 1536/5153 policy_loss 0.3675656318664551
Iteration 1664/5153 policy_loss 0.3363998532295227
Iteration 1792/5153 policy_loss 0.3273795545101166
Iteration 1920/5153 policy_loss 0.3232802450656891
Iteration 2048/5153 policy_loss 0.3403303325176239
Iteration 2176/5153 policy_loss 0.30904051661491394
Iteration 2304/5153 policy_loss 0.3421270251274109
Iteration 2432/5153 policy_loss 0.3025195002555847
Iteration 2560/5153 policy_loss 0.3515634834766388
Iteration 2688/5153 policy_loss 0.3622358739376068
Iteration 2816/5153 policy_loss 0.3106098473072052
Iteration 2944/5153 policy_loss 0.344074010848999
Iteration 3072/5153 policy_loss 0.31933704018592834
Iteration 3200/5153 policy_loss 0.3556183874607086
Iteration 3328/5153 policy_loss 0.31899937987327576
Iteration 3456/5153 policy_loss 0.33219438791275024
Iteration 3584/5153 policy_loss 0.3547615110874176
Iteration 3712/5153 policy_loss 0.35104992985725403
Iteration 3840/5153 policy_loss 0.37797167897224426
Iteration 3968/5153 policy_loss 0.31232133507728577
Iteration 4096/5153 policy_loss 0.34919795393943787
Iteration 4224/5153 policy_loss 0.36112967133522034
Iteration 4352/5153 policy_loss 0.3478369414806366
Iteration 4480/5153 policy_loss 0.3237150013446808
Iteration 4608/5153 policy_loss 0.32701537013053894
Iteration 4736/5153 policy_loss 0.35437753796577454
Iteration 4864/5153 policy_loss 0.3328259587287903
Iteration 4992/5153 policy_loss 0.3637087345123291
Iteration 5120/5153 policy_loss 0.37381935119628906
training acc: 0.8835042132781847 .lastlr: [0.00012709329141645002]
Run validation:
Epoch 13 Validate acc: 0.7172201655237003
Epoch 13
Iteration 0/5153 policy_loss 0.2831602394580841
Iteration 128/5153 policy_loss 0.2969587743282318
Iteration 256/5153 policy_loss 0.26171717047691345
Iteration 384/5153 policy_loss 0.31564104557037354
Iteration 512/5153 policy_loss 0.2961497902870178
Iteration 640/5153 policy_loss 0.32899904251098633
Iteration 768/5153 policy_loss 0.2939029335975647
Iteration 896/5153 policy_loss 0.31556645035743713
Iteration 1024/5153 policy_loss 0.3178495764732361
Iteration 1152/5153 policy_loss 0.31853803992271423
Iteration 1280/5153 policy_loss 0.3169820308685303
Iteration 1408/5153 policy_loss 0.3311169445514679
Iteration 1536/5153 policy_loss 0.3289856016635895
Iteration 1664/5153 policy_loss 0.32314828038215637
Iteration 1792/5153 policy_loss 0.30049169063568115
Iteration 1920/5153 policy_loss 0.3195682168006897
Iteration 2048/5153 policy_loss 0.3018639385700226
Iteration 2176/5153 policy_loss 0.3055875301361084
Iteration 2304/5153 policy_loss 0.29310327768325806
Iteration 2432/5153 policy_loss 0.30311402678489685
Iteration 2560/5153 policy_loss 0.32734793424606323
Iteration 2688/5153 policy_loss 0.30170774459838867
Iteration 2816/5153 policy_loss 0.30626434087753296
Iteration 2944/5153 policy_loss 0.31700265407562256
Iteration 3072/5153 policy_loss 0.30654177069664
Iteration 3200/5153 policy_loss 0.27473321557044983
Iteration 3328/5153 policy_loss 0.31386610865592957
Iteration 3456/5153 policy_loss 0.3266980051994324
Iteration 3584/5153 policy_loss 0.3485587537288666
Iteration 3712/5153 policy_loss 0.3101263642311096
Iteration 3840/5153 policy_loss 0.3173564076423645
Iteration 3968/5153 policy_loss 0.3644210696220398
Iteration 4096/5153 policy_loss 0.3245142698287964
Iteration 4224/5153 policy_loss 0.3330674171447754
Iteration 4352/5153 policy_loss 0.28238898515701294
Iteration 4480/5153 policy_loss 0.33161643147468567
Iteration 4608/5153 policy_loss 0.3555246889591217
Iteration 4736/5153 policy_loss 0.33539777994155884
Iteration 4864/5153 policy_loss 0.2986784875392914
Iteration 4992/5153 policy_loss 0.37658074498176575
Iteration 5120/5153 policy_loss 0.34445059299468994
training acc: 0.8923357795654397 .lastlr: [0.00011438396227480502]
Run validation:
Epoch 14 Validate acc: 0.7162310273802939
Epoch 14
Iteration 0/5153 policy_loss 0.2747355103492737
Iteration 128/5153 policy_loss 0.2919139862060547
Iteration 256/5153 policy_loss 0.25665637850761414
Iteration 384/5153 policy_loss 0.2795756757259369
Iteration 512/5153 policy_loss 0.25220414996147156
Iteration 640/5153 policy_loss 0.29857224225997925
Iteration 768/5153 policy_loss 0.32554227113723755
Iteration 896/5153 policy_loss 0.30369365215301514
Iteration 1024/5153 policy_loss 0.2795355021953583
Iteration 1152/5153 policy_loss 0.32490983605384827
Iteration 1280/5153 policy_loss 0.26530691981315613
Iteration 1408/5153 policy_loss 0.24591849744319916
Iteration 1536/5153 policy_loss 0.2718900144100189
Iteration 1664/5153 policy_loss 0.31399834156036377
Iteration 1792/5153 policy_loss 0.285307914018631
Iteration 1920/5153 policy_loss 0.2725188434123993
Iteration 2048/5153 policy_loss 0.30509650707244873
Iteration 2176/5153 policy_loss 0.29431959986686707
Iteration 2304/5153 policy_loss 0.3091331422328949
Iteration 2432/5153 policy_loss 0.2643842101097107
Iteration 2560/5153 policy_loss 0.3170892298221588
Iteration 2688/5153 policy_loss 0.3077508807182312
Iteration 2816/5153 policy_loss 0.30343273282051086
Iteration 2944/5153 policy_loss 0.2893877625465393
Iteration 3072/5153 policy_loss 0.26496294140815735
Iteration 3200/5153 policy_loss 0.29028475284576416
Iteration 3328/5153 policy_loss 0.31330710649490356
Iteration 3456/5153 policy_loss 0.2889167368412018
Iteration 3584/5153 policy_loss 0.3544696867465973
Iteration 3712/5153 policy_loss 0.29664090275764465
Iteration 3840/5153 policy_loss 0.304997980594635
Iteration 3968/5153 policy_loss 0.30386847257614136
Iteration 4096/5153 policy_loss 0.31200215220451355
Iteration 4224/5153 policy_loss 0.29807472229003906
Iteration 4352/5153 policy_loss 0.2739759683609009
Iteration 4480/5153 policy_loss 0.28564199805259705
Iteration 4608/5153 policy_loss 0.26719048619270325
Iteration 4736/5153 policy_loss 0.2727424204349518
Iteration 4864/5153 policy_loss 0.34757211804389954
Iteration 4992/5153 policy_loss 0.3190155029296875
Iteration 5120/5153 policy_loss 0.3543819785118103
training acc: 0.9006713650596788 .lastlr: [0.00010294556604732453]
Run validation:
Epoch 15 Validate acc: 0.7139253005588715
Epoch 15
Iteration 0/5153 policy_loss 0.237441748380661
Iteration 128/5153 policy_loss 0.24522022902965546
Iteration 256/5153 policy_loss 0.27657657861709595
Iteration 384/5153 policy_loss 0.24776270985603333
Iteration 512/5153 policy_loss 0.2539355456829071
Iteration 640/5153 policy_loss 0.24741986393928528
Iteration 768/5153 policy_loss 0.28546956181526184
Iteration 896/5153 policy_loss 0.27318406105041504
Iteration 1024/5153 policy_loss 0.273171603679657
Iteration 1152/5153 policy_loss 0.260105162858963
Iteration 1280/5153 policy_loss 0.23491878807544708
Iteration 1408/5153 policy_loss 0.2767859101295471
Iteration 1536/5153 policy_loss 0.2562476694583893
Iteration 1664/5153 policy_loss 0.2526034116744995
Iteration 1792/5153 policy_loss 0.2712172567844391
Iteration 1920/5153 policy_loss 0.2729875445365906
Iteration 2048/5153 policy_loss 0.24932752549648285
Iteration 2176/5153 policy_loss 0.2699320316314697
Iteration 2304/5153 policy_loss 0.31201618909835815
Iteration 2432/5153 policy_loss 0.26643073558807373
Iteration 2560/5153 policy_loss 0.345347136259079
Iteration 2688/5153 policy_loss 0.2783866822719574
Iteration 2816/5153 policy_loss 0.2501499056816101
Iteration 2944/5153 policy_loss 0.303129106760025
Iteration 3072/5153 policy_loss 0.25932493805885315
Iteration 3200/5153 policy_loss 0.2811336815357208
Iteration 3328/5153 policy_loss 0.28352847695350647
Iteration 3456/5153 policy_loss 0.27531078457832336
Iteration 3584/5153 policy_loss 0.28475427627563477
Iteration 3712/5153 policy_loss 0.26509568095207214
Iteration 3840/5153 policy_loss 0.28826963901519775
Iteration 3968/5153 policy_loss 0.24235495924949646
Iteration 4096/5153 policy_loss 0.2782670855522156
Iteration 4224/5153 policy_loss 0.29330939054489136
Iteration 4352/5153 policy_loss 0.2918364107608795
Iteration 4480/5153 policy_loss 0.2801626920700073
Iteration 4608/5153 policy_loss 0.25402966141700745
Iteration 4736/5153 policy_loss 0.2634284496307373
Iteration 4864/5153 policy_loss 0.28957557678222656
Iteration 4992/5153 policy_loss 0.3034958243370056
Iteration 5120/5153 policy_loss 0.319370836019516
training acc: 0.9081340091963974 .lastlr: [9.265100944259208e-05]
Run validation:
Epoch 16 Validate acc: 0.7120386425563537
Epoch 16
Iteration 0/5153 policy_loss 0.23155701160430908
Iteration 128/5153 policy_loss 0.24609588086605072
Iteration 256/5153 policy_loss 0.22000505030155182
Iteration 384/5153 policy_loss 0.21824568510055542
Iteration 512/5153 policy_loss 0.25412309169769287
Iteration 640/5153 policy_loss 0.22023431956768036
Iteration 768/5153 policy_loss 0.23698754608631134
Iteration 896/5153 policy_loss 0.24683532118797302
Iteration 1024/5153 policy_loss 0.2701509892940521
Iteration 1152/5153 policy_loss 0.24980305135250092
Iteration 1280/5153 policy_loss 0.24389588832855225
Iteration 1408/5153 policy_loss 0.2659319341182709
Iteration 1536/5153 policy_loss 0.21405048668384552
Iteration 1664/5153 policy_loss 0.23018598556518555
Iteration 1792/5153 policy_loss 0.23089048266410828
Iteration 1920/5153 policy_loss 0.2682707905769348
Iteration 2048/5153 policy_loss 0.2810858190059662
Iteration 2176/5153 policy_loss 0.29534637928009033
Iteration 2304/5153 policy_loss 0.25044772028923035
Iteration 2432/5153 policy_loss 0.2141229510307312
Iteration 2560/5153 policy_loss 0.235822394490242
Iteration 2688/5153 policy_loss 0.26176005601882935
Iteration 2816/5153 policy_loss 0.31033214926719666
Iteration 2944/5153 policy_loss 0.28764423727989197
Iteration 3072/5153 policy_loss 0.2239193618297577
Iteration 3200/5153 policy_loss 0.25406113266944885
Iteration 3328/5153 policy_loss 0.25322097539901733
Iteration 3456/5153 policy_loss 0.2513699531555176
Iteration 3584/5153 policy_loss 0.2714216113090515
Iteration 3712/5153 policy_loss 0.2947297692298889
Iteration 3840/5153 policy_loss 0.2186790108680725
Iteration 3968/5153 policy_loss 0.2703331410884857
Iteration 4096/5153 policy_loss 0.2782827913761139
Iteration 4224/5153 policy_loss 0.26467469334602356
Iteration 4352/5153 policy_loss 0.28650009632110596
Iteration 4480/5153 policy_loss 0.25347161293029785
Iteration 4608/5153 policy_loss 0.2840936481952667
Iteration 4736/5153 policy_loss 0.2447008341550827
Iteration 4864/5153 policy_loss 0.2635331451892853
Iteration 4992/5153 policy_loss 0.2342820167541504
Iteration 5120/5153 policy_loss 0.26940539479255676
training acc: 0.9153569071721818 .lastlr: [8.338590849833288e-05]
Run validation:
Epoch 17 Validate acc: 0.7102554792823913
Epoch 17
Iteration 0/5153 policy_loss 0.23273365199565887
Iteration 128/5153 policy_loss 0.23709945380687714
Iteration 256/5153 policy_loss 0.22654937207698822
Iteration 384/5153 policy_loss 0.21012067794799805
Iteration 512/5153 policy_loss 0.21013201773166656
Iteration 640/5153 policy_loss 0.23262889683246613
Iteration 768/5153 policy_loss 0.2414007931947708
Iteration 896/5153 policy_loss 0.2442730963230133
Iteration 1024/5153 policy_loss 0.2363365739583969
Iteration 1152/5153 policy_loss 0.2560073733329773
Iteration 1280/5153 policy_loss 0.19335819780826569
Iteration 1408/5153 policy_loss 0.24318169057369232
Iteration 1536/5153 policy_loss 0.2604612112045288
Iteration 1664/5153 policy_loss 0.2330070286989212
Iteration 1792/5153 policy_loss 0.2482079267501831
Iteration 1920/5153 policy_loss 0.2348875254392624
Iteration 2048/5153 policy_loss 0.2340676635503769
Iteration 2176/5153 policy_loss 0.22960925102233887
Iteration 2304/5153 policy_loss 0.23302814364433289
Iteration 2432/5153 policy_loss 0.25740882754325867
Iteration 2560/5153 policy_loss 0.21725906431674957
Iteration 2688/5153 policy_loss 0.21582333743572235
Iteration 2816/5153 policy_loss 0.2442041039466858
Iteration 2944/5153 policy_loss 0.26491013169288635
Iteration 3072/5153 policy_loss 0.24924156069755554
Iteration 3200/5153 policy_loss 0.27505943179130554
Iteration 3328/5153 policy_loss 0.24508357048034668
Iteration 3456/5153 policy_loss 0.2313045859336853
Iteration 3584/5153 policy_loss 0.2561608850955963
Iteration 3712/5153 policy_loss 0.2561720609664917
Iteration 3840/5153 policy_loss 0.27062147855758667
Iteration 3968/5153 policy_loss 0.2467832714319229
Iteration 4096/5153 policy_loss 0.22306615114212036
Iteration 4224/5153 policy_loss 0.25510695576667786
Iteration 4352/5153 policy_loss 0.20459361374378204
Iteration 4480/5153 policy_loss 0.24391239881515503
Iteration 4608/5153 policy_loss 0.2701370418071747
Iteration 4736/5153 policy_loss 0.26621177792549133
Iteration 4864/5153 policy_loss 0.24286136031150818
Iteration 4992/5153 policy_loss 0.23068413138389587
Iteration 5120/5153 policy_loss 0.23182101547718048
training acc: 0.9217388931194558 .lastlr: [7.50473176484996e-05]
Run validation:
Epoch 18 Validate acc: 0.7070132099992874
Epoch 18
Iteration 0/5153 policy_loss 0.19781434535980225
Iteration 128/5153 policy_loss 0.2078332006931305
Iteration 256/5153 policy_loss 0.2079898715019226
Iteration 384/5153 policy_loss 0.19491606950759888
Iteration 512/5153 policy_loss 0.18974632024765015
Iteration 640/5153 policy_loss 0.19941680133342743
Iteration 768/5153 policy_loss 0.22704628109931946
Iteration 896/5153 policy_loss 0.23863758146762848
Iteration 1024/5153 policy_loss 0.19949474930763245
Iteration 1152/5153 policy_loss 0.21046781539916992
Iteration 1280/5153 policy_loss 0.2373923361301422
Iteration 1408/5153 policy_loss 0.2481241077184677
Iteration 1536/5153 policy_loss 0.25691068172454834
Iteration 1664/5153 policy_loss 0.22904765605926514
Iteration 1792/5153 policy_loss 0.21495845913887024
Iteration 1920/5153 policy_loss 0.2235955446958542
Iteration 2048/5153 policy_loss 0.2454652488231659
Iteration 2176/5153 policy_loss 0.24067607522010803
Iteration 2304/5153 policy_loss 0.24012450873851776
Iteration 2432/5153 policy_loss 0.21246430277824402
Iteration 2560/5153 policy_loss 0.20300063490867615
Iteration 2688/5153 policy_loss 0.219535693526268
Iteration 2816/5153 policy_loss 0.25788798928260803
Iteration 2944/5153 policy_loss 0.23804259300231934
Iteration 3072/5153 policy_loss 0.1965632140636444
Iteration 3200/5153 policy_loss 0.24694529175758362
Iteration 3328/5153 policy_loss 0.22340668737888336
Iteration 3456/5153 policy_loss 0.18272557854652405
Iteration 3584/5153 policy_loss 0.21822883188724518
Iteration 3712/5153 policy_loss 0.26471760869026184
Iteration 3840/5153 policy_loss 0.21727930009365082
Iteration 3968/5153 policy_loss 0.23166732490062714
Iteration 4096/5153 policy_loss 0.20829059183597565
Iteration 4224/5153 policy_loss 0.20895741879940033
Iteration 4352/5153 policy_loss 0.2467469424009323
Iteration 4480/5153 policy_loss 0.23559214174747467
Iteration 4608/5153 policy_loss 0.2254059612751007
Iteration 4736/5153 policy_loss 0.22908224165439606
Iteration 4864/5153 policy_loss 0.21102072298526764
Iteration 4992/5153 policy_loss 0.20957441627979279
Iteration 5120/5153 policy_loss 0.1983870416879654
training acc: 0.9276315315667042 .lastlr: [6.754258588364964e-05]
Run validation:
Epoch 19 Validate acc: 0.7063583089300681
Epoch 19
Iteration 0/5153 policy_loss 0.21859124302864075
Iteration 128/5153 policy_loss 0.21701735258102417
Iteration 256/5153 policy_loss 0.1908722072839737
Iteration 384/5153 policy_loss 0.17544429004192352
Iteration 512/5153 policy_loss 0.19088900089263916
Iteration 640/5153 policy_loss 0.20037749409675598
Iteration 768/5153 policy_loss 0.19147931039333344
Iteration 896/5153 policy_loss 0.17999544739723206
Iteration 1024/5153 policy_loss 0.21812473237514496
Iteration 1152/5153 policy_loss 0.21871474385261536
Iteration 1280/5153 policy_loss 0.1819128692150116
Iteration 1408/5153 policy_loss 0.2098464071750641
Iteration 1536/5153 policy_loss 0.22455856204032898
Iteration 1664/5153 policy_loss 0.21293996274471283
Iteration 1792/5153 policy_loss 0.2551819384098053
Iteration 1920/5153 policy_loss 0.2133370041847229
Iteration 2048/5153 policy_loss 0.22386710345745087
Iteration 2176/5153 policy_loss 0.22247496247291565
Iteration 2304/5153 policy_loss 0.1944098174571991
Iteration 2432/5153 policy_loss 0.21207237243652344
Iteration 2560/5153 policy_loss 0.19869644939899445
Iteration 2688/5153 policy_loss 0.19738450646400452
Iteration 2816/5153 policy_loss 0.21460933983325958
Iteration 2944/5153 policy_loss 0.19610370695590973
Iteration 3072/5153 policy_loss 0.2395443469285965
Iteration 3200/5153 policy_loss 0.2167721390724182
Iteration 3328/5153 policy_loss 0.22487714886665344
Iteration 3456/5153 policy_loss 0.20923741161823273
Iteration 3584/5153 policy_loss 0.2179422229528427
Iteration 3712/5153 policy_loss 0.1854204535484314
Iteration 3840/5153 policy_loss 0.2185763418674469
Iteration 3968/5153 policy_loss 0.21527566015720367
Iteration 4096/5153 policy_loss 0.21205061674118042
Iteration 4224/5153 policy_loss 0.1888839602470398
Iteration 4352/5153 policy_loss 0.20247571170330048
Iteration 4480/5153 policy_loss 0.17839105427265167
Iteration 4608/5153 policy_loss 0.2542320489883423
Iteration 4736/5153 policy_loss 0.2223120927810669
Iteration 4864/5153 policy_loss 0.21185846626758575
Iteration 4992/5153 policy_loss 0.25339749455451965
Iteration 5120/5153 policy_loss 0.18554054200649261
training acc: 0.9330892155164473 .lastlr: [6.078832729528468e-05]
Run validation:
Epoch 20 Validate acc: 0.705331844818986
Epoch 20
Iteration 0/5153 policy_loss 0.2042025476694107
Iteration 128/5153 policy_loss 0.16058188676834106
Iteration 256/5153 policy_loss 0.2245090752840042
Iteration 384/5153 policy_loss 0.17264164984226227
Iteration 512/5153 policy_loss 0.19305942952632904
Iteration 640/5153 policy_loss 0.19488981366157532
Iteration 768/5153 policy_loss 0.16982321441173553
Iteration 896/5153 policy_loss 0.20291107892990112
Iteration 1024/5153 policy_loss 0.21842241287231445
Iteration 1152/5153 policy_loss 0.19820228219032288
Iteration 1280/5153 policy_loss 0.19747810065746307
Iteration 1408/5153 policy_loss 0.1741490364074707
Iteration 1536/5153 policy_loss 0.16746413707733154
Iteration 1664/5153 policy_loss 0.15671177208423615
Iteration 1792/5153 policy_loss 0.18106679618358612
Iteration 1920/5153 policy_loss 0.19966207444667816
Iteration 2048/5153 policy_loss 0.20098371803760529
Iteration 2176/5153 policy_loss 0.2180813103914261
Iteration 2304/5153 policy_loss 0.17354781925678253
Iteration 2432/5153 policy_loss 0.20822013914585114
Iteration 2560/5153 policy_loss 0.19445809721946716
Iteration 2688/5153 policy_loss 0.2281446009874344
Iteration 2816/5153 policy_loss 0.21686773002147675
Iteration 2944/5153 policy_loss 0.1709577739238739
Iteration 3072/5153 policy_loss 0.22395682334899902
Iteration 3200/5153 policy_loss 0.20658093690872192
Iteration 3328/5153 policy_loss 0.21378196775913239
Iteration 3456/5153 policy_loss 0.22677110135555267
Iteration 3584/5153 policy_loss 0.2123645544052124
Iteration 3712/5153 policy_loss 0.17388907074928284
Iteration 3840/5153 policy_loss 0.20573490858078003
Iteration 3968/5153 policy_loss 0.20536679029464722
Iteration 4096/5153 policy_loss 0.2351662516593933
Iteration 4224/5153 policy_loss 0.1701277792453766
Iteration 4352/5153 policy_loss 0.20244373381137848
Iteration 4480/5153 policy_loss 0.20782792568206787
Iteration 4608/5153 policy_loss 0.20982426404953003
Iteration 4736/5153 policy_loss 0.17849576473236084
Iteration 4864/5153 policy_loss 0.21702753007411957
Iteration 4992/5153 policy_loss 0.2018328607082367
Iteration 5120/5153 policy_loss 0.196915403008461
training acc: 0.9380509186731746 .lastlr: [5.4709494565756215e-05]
Run validation:
Epoch 21 Validate acc: 0.7039321210311468
Epoch 21
Iteration 0/5153 policy_loss 0.1630120873451233
Iteration 128/5153 policy_loss 0.16300979256629944
Iteration 256/5153 policy_loss 0.1462860405445099
Iteration 384/5153 policy_loss 0.18894469738006592
Iteration 512/5153 policy_loss 0.1643485575914383
Iteration 640/5153 policy_loss 0.17979101836681366
Iteration 768/5153 policy_loss 0.2114470899105072
Iteration 896/5153 policy_loss 0.16648368537425995
Iteration 1024/5153 policy_loss 0.20464813709259033
Iteration 1152/5153 policy_loss 0.1507095992565155
Iteration 1280/5153 policy_loss 0.17737321555614471
Iteration 1408/5153 policy_loss 0.14779043197631836
Iteration 1536/5153 policy_loss 0.16558495163917542
Iteration 1664/5153 policy_loss 0.20243260264396667
Iteration 1792/5153 policy_loss 0.18416818976402283
Iteration 1920/5153 policy_loss 0.18835212290287018
Iteration 2048/5153 policy_loss 0.1442680060863495
Iteration 2176/5153 policy_loss 0.16422751545906067
Iteration 2304/5153 policy_loss 0.1866162121295929
Iteration 2432/5153 policy_loss 0.17019246518611908
Iteration 2560/5153 policy_loss 0.23173914849758148
Iteration 2688/5153 policy_loss 0.174691304564476
Iteration 2816/5153 policy_loss 0.17216651141643524
Iteration 2944/5153 policy_loss 0.19653698801994324
Iteration 3072/5153 policy_loss 0.18688049912452698
Iteration 3200/5153 policy_loss 0.1750873327255249
Iteration 3328/5153 policy_loss 0.19671860337257385
Iteration 3456/5153 policy_loss 0.19634461402893066
Iteration 3584/5153 policy_loss 0.2082427740097046
Iteration 3712/5153 policy_loss 0.2302672415971756
Iteration 3840/5153 policy_loss 0.18262532353401184
Iteration 3968/5153 policy_loss 0.1952485889196396
Iteration 4096/5153 policy_loss 0.16935548186302185
Iteration 4224/5153 policy_loss 0.18499138951301575
Iteration 4352/5153 policy_loss 0.18535679578781128
Iteration 4480/5153 policy_loss 0.18001623451709747
Iteration 4608/5153 policy_loss 0.17716825008392334
Iteration 4736/5153 policy_loss 0.18795207142829895
Iteration 4864/5153 policy_loss 0.2308616042137146
Iteration 4992/5153 policy_loss 0.19576133787631989
Iteration 5120/5153 policy_loss 0.22221094369888306
training acc: 0.9425896072597791 .lastlr: [4.923854510918059e-05]
Run validation:
Epoch 22 Validate acc: 0.7027597463191506
Epoch 22
Iteration 0/5153 policy_loss 0.18768244981765747
Iteration 128/5153 policy_loss 0.1857503056526184
Iteration 256/5153 policy_loss 0.17388692498207092
Iteration 384/5153 policy_loss 0.1947154849767685
Iteration 512/5153 policy_loss 0.16028642654418945
Iteration 640/5153 policy_loss 0.16758659482002258
Iteration 768/5153 policy_loss 0.15410195291042328
Iteration 896/5153 policy_loss 0.1578892022371292
Iteration 1024/5153 policy_loss 0.1750669628381729
Iteration 1152/5153 policy_loss 0.17168499529361725
Iteration 1280/5153 policy_loss 0.16734105348587036
Iteration 1408/5153 policy_loss 0.17263822257518768
Iteration 1536/5153 policy_loss 0.18060483038425446
Iteration 1664/5153 policy_loss 0.21844306588172913
Iteration 1792/5153 policy_loss 0.20195317268371582
Iteration 1920/5153 policy_loss 0.15993690490722656
Iteration 2048/5153 policy_loss 0.20505499839782715
Iteration 2176/5153 policy_loss 0.1711743175983429
Iteration 2304/5153 policy_loss 0.21320833265781403
Iteration 2432/5153 policy_loss 0.20349039137363434
Iteration 2560/5153 policy_loss 0.21290557086467743
Iteration 2688/5153 policy_loss 0.2331644594669342
Iteration 2816/5153 policy_loss 0.20134246349334717
Iteration 2944/5153 policy_loss 0.19051498174667358
Iteration 3072/5153 policy_loss 0.18417122960090637
Iteration 3200/5153 policy_loss 0.192315012216568
Iteration 3328/5153 policy_loss 0.163361594080925
Iteration 3456/5153 policy_loss 0.16798914968967438
Iteration 3584/5153 policy_loss 0.18139412999153137
Iteration 3712/5153 policy_loss 0.17464527487754822
Iteration 3840/5153 policy_loss 0.18688084185123444
Iteration 3968/5153 policy_loss 0.17395368218421936
Iteration 4096/5153 policy_loss 0.1851699948310852
Iteration 4224/5153 policy_loss 0.16687409579753876
Iteration 4352/5153 policy_loss 0.17683956027030945
Iteration 4480/5153 policy_loss 0.2067064791917801
Iteration 4608/5153 policy_loss 0.16130079329013824
Iteration 4736/5153 policy_loss 0.15254183113574982
Iteration 4864/5153 policy_loss 0.17416711151599884
Iteration 4992/5153 policy_loss 0.1866326779127121
Iteration 5120/5153 policy_loss 0.18974439799785614
training acc: 0.9466749576511623 .lastlr: [4.431469059826253e-05]
Run validation:
Epoch 23 Validate acc: 0.7022066433435923
Epoch 23
Iteration 0/5153 policy_loss 0.1718483716249466
Iteration 128/5153 policy_loss 0.14117181301116943
Iteration 256/5153 policy_loss 0.13493426144123077
Iteration 384/5153 policy_loss 0.14738431572914124
Iteration 512/5153 policy_loss 0.137661412358284
Iteration 640/5153 policy_loss 0.1522425413131714
Iteration 768/5153 policy_loss 0.1627785861492157
Iteration 896/5153 policy_loss 0.14740794897079468
Iteration 1024/5153 policy_loss 0.1474367082118988
Iteration 1152/5153 policy_loss 0.15834936499595642
Iteration 1280/5153 policy_loss 0.13846702873706818
Iteration 1408/5153 policy_loss 0.15551011264324188
Iteration 1536/5153 policy_loss 0.13952694833278656
Iteration 1664/5153 policy_loss 0.15159860253334045
Iteration 1792/5153 policy_loss 0.18419431149959564
Iteration 1920/5153 policy_loss 0.1585925966501236
Iteration 2048/5153 policy_loss 0.18450285494327545
Iteration 2176/5153 policy_loss 0.1715850830078125
Iteration 2304/5153 policy_loss 0.13790997862815857
Iteration 2432/5153 policy_loss 0.14918342232704163
Iteration 2560/5153 policy_loss 0.14493213593959808
Iteration 2688/5153 policy_loss 0.1699703484773636
Iteration 2816/5153 policy_loss 0.16040381789207458
Iteration 2944/5153 policy_loss 0.18619757890701294
Iteration 3072/5153 policy_loss 0.1575251966714859
Iteration 3200/5153 policy_loss 0.16881707310676575
Iteration 3328/5153 policy_loss 0.15027913451194763
Iteration 3456/5153 policy_loss 0.18899831175804138
Iteration 3584/5153 policy_loss 0.1754220873117447
Iteration 3712/5153 policy_loss 0.16984602808952332
Iteration 3840/5153 policy_loss 0.1499033421278
Iteration 3968/5153 policy_loss 0.20985640585422516
Iteration 4096/5153 policy_loss 0.16379240155220032
Iteration 4224/5153 policy_loss 0.18754099309444427
Iteration 4352/5153 policy_loss 0.15396368503570557
Iteration 4480/5153 policy_loss 0.1439884752035141
Iteration 4608/5153 policy_loss 0.1705235242843628
Iteration 4736/5153 policy_loss 0.20338180661201477
Iteration 4864/5153 policy_loss 0.15372313559055328
Iteration 4992/5153 policy_loss 0.1596917361021042
Iteration 5120/5153 policy_loss 0.18967804312705994
training acc: 0.9504348976407082 .lastlr: [3.988322153843628e-05]
Run validation:
Epoch 24 Validate acc: 0.701387168689621
Epoch 24
Iteration 0/5153 policy_loss 0.1461006999015808
Iteration 128/5153 policy_loss 0.1212809830904007
Iteration 256/5153 policy_loss 0.1522369533777237
Iteration 384/5153 policy_loss 0.1576385796070099
Iteration 512/5153 policy_loss 0.17141611874103546
Iteration 640/5153 policy_loss 0.1167340949177742
Iteration 768/5153 policy_loss 0.13918745517730713
Iteration 896/5153 policy_loss 0.127409890294075
Iteration 1024/5153 policy_loss 0.17492593824863434
Iteration 1152/5153 policy_loss 0.15898482501506805
Iteration 1280/5153 policy_loss 0.12559016048908234
Iteration 1408/5153 policy_loss 0.15368594229221344
Iteration 1536/5153 policy_loss 0.17065544426441193
Iteration 1664/5153 policy_loss 0.12754522264003754
Iteration 1792/5153 policy_loss 0.15679363906383514
Iteration 1920/5153 policy_loss 0.13571655750274658
Iteration 2048/5153 policy_loss 0.12492040544748306
Iteration 2176/5153 policy_loss 0.16508787870407104
Iteration 2304/5153 policy_loss 0.18678495287895203
Iteration 2432/5153 policy_loss 0.16527104377746582
Iteration 2560/5153 policy_loss 0.15906448662281036
Iteration 2688/5153 policy_loss 0.1695185750722885
Iteration 2816/5153 policy_loss 0.15917521715164185
Iteration 2944/5153 policy_loss 0.15193963050842285
Iteration 3072/5153 policy_loss 0.1519646942615509
Iteration 3200/5153 policy_loss 0.15750275552272797
Iteration 3328/5153 policy_loss 0.170394167304039
Iteration 3456/5153 policy_loss 0.14154593646526337
Iteration 3584/5153 policy_loss 0.13786925375461578
Iteration 3712/5153 policy_loss 0.15937469899654388
Iteration 3840/5153 policy_loss 0.15460936725139618
Iteration 3968/5153 policy_loss 0.1715461015701294
Iteration 4096/5153 policy_loss 0.14511039853096008
Iteration 4224/5153 policy_loss 0.1633593738079071
Iteration 4352/5153 policy_loss 0.15551301836967468
Iteration 4480/5153 policy_loss 0.1494731903076172
Iteration 4608/5153 policy_loss 0.15179601311683655
Iteration 4736/5153 policy_loss 0.1646776646375656
Iteration 4864/5153 policy_loss 0.16013990342617035
Iteration 4992/5153 policy_loss 0.18129339814186096
Iteration 5120/5153 policy_loss 0.16480153799057007
training acc: 0.9537805411023471 .lastlr: [3.589489938459265e-05]
Run validation:
Epoch 25 Validate acc: 0.7000824564558654
Epoch 25
Iteration 0/5153 policy_loss 0.1155870258808136
Iteration 128/5153 policy_loss 0.13446450233459473
Iteration 256/5153 policy_loss 0.14282099902629852
Iteration 384/5153 policy_loss 0.11837903410196304
Iteration 512/5153 policy_loss 0.15402564406394958
Iteration 640/5153 policy_loss 0.11626101285219193
Iteration 768/5153 policy_loss 0.1470748335123062
Iteration 896/5153 policy_loss 0.14533133804798126
Iteration 1024/5153 policy_loss 0.11952769756317139
Iteration 1152/5153 policy_loss 0.15994271636009216
Iteration 1280/5153 policy_loss 0.14016780257225037
Iteration 1408/5153 policy_loss 0.13736702501773834
Iteration 1536/5153 policy_loss 0.15614108741283417
Iteration 1664/5153 policy_loss 0.16126976907253265
Iteration 1792/5153 policy_loss 0.14055843651294708
Iteration 1920/5153 policy_loss 0.15060921013355255
Iteration 2048/5153 policy_loss 0.1602296084165573
Iteration 2176/5153 policy_loss 0.12992751598358154
Iteration 2304/5153 policy_loss 0.14824827015399933
Iteration 2432/5153 policy_loss 0.12349069118499756
Iteration 2560/5153 policy_loss 0.14986899495124817
Iteration 2688/5153 policy_loss 0.12160191684961319
Iteration 2816/5153 policy_loss 0.14867635071277618
Iteration 2944/5153 policy_loss 0.12950269877910614
Iteration 3072/5153 policy_loss 0.1722821593284607
Iteration 3200/5153 policy_loss 0.1461527943611145
Iteration 3328/5153 policy_loss 0.16355697810649872
Iteration 3456/5153 policy_loss 0.16533057391643524
Iteration 3584/5153 policy_loss 0.16321435570716858
Iteration 3712/5153 policy_loss 0.1738930344581604
Iteration 3840/5153 policy_loss 0.164077028632164
Iteration 3968/5153 policy_loss 0.19517885148525238
Iteration 4096/5153 policy_loss 0.15656040608882904
Iteration 4224/5153 policy_loss 0.13955561816692352
Iteration 4352/5153 policy_loss 0.15799565613269806
Iteration 4480/5153 policy_loss 0.14565396308898926
Iteration 4608/5153 policy_loss 0.1713331639766693
Iteration 4736/5153 policy_loss 0.17905952036380768
Iteration 4864/5153 policy_loss 0.12805870175361633
Iteration 4992/5153 policy_loss 0.15872347354888916
Iteration 5120/5153 policy_loss 0.14645394682884216
training acc: 0.9567748095581583 .lastlr: [3.230540944613339e-05]
Run validation:
Epoch 26 Validate acc: 0.6995531063688281
Epoch 26
Iteration 0/5153 policy_loss 0.1268540471792221
Iteration 128/5153 policy_loss 0.11164931952953339
Iteration 256/5153 policy_loss 0.11654235422611237
Iteration 384/5153 policy_loss 0.13961632549762726
Iteration 512/5153 policy_loss 0.13052012026309967
Iteration 640/5153 policy_loss 0.1398622989654541
Iteration 768/5153 policy_loss 0.1597518026828766
Iteration 896/5153 policy_loss 0.1274031102657318
Iteration 1024/5153 policy_loss 0.1306777447462082
Iteration 1152/5153 policy_loss 0.13290685415267944
Iteration 1280/5153 policy_loss 0.1353013664484024
Iteration 1408/5153 policy_loss 0.11216555535793304
Iteration 1536/5153 policy_loss 0.16781282424926758
Iteration 1664/5153 policy_loss 0.11333815008401871
Iteration 1792/5153 policy_loss 0.10924781858921051
Iteration 1920/5153 policy_loss 0.1419813185930252
Iteration 2048/5153 policy_loss 0.16431628167629242
Iteration 2176/5153 policy_loss 0.14208175241947174
Iteration 2304/5153 policy_loss 0.1449355185031891
Iteration 2432/5153 policy_loss 0.1293138563632965
Iteration 2560/5153 policy_loss 0.1514567732810974
Iteration 2688/5153 policy_loss 0.15623101592063904
Iteration 2816/5153 policy_loss 0.16372771561145782
Iteration 2944/5153 policy_loss 0.1564357727766037
Iteration 3072/5153 policy_loss 0.15472856163978577
Iteration 3200/5153 policy_loss 0.15575501322746277
Iteration 3328/5153 policy_loss 0.13458339869976044
Iteration 3456/5153 policy_loss 0.13651040196418762
Iteration 3584/5153 policy_loss 0.14966455101966858
Iteration 3712/5153 policy_loss 0.15836243331432343
Iteration 3840/5153 policy_loss 0.1805477887392044
Iteration 3968/5153 policy_loss 0.15027718245983124
Iteration 4096/5153 policy_loss 0.153634712100029
Iteration 4224/5153 policy_loss 0.15817981958389282
Iteration 4352/5153 policy_loss 0.15177789330482483
Iteration 4480/5153 policy_loss 0.1439787894487381
Iteration 4608/5153 policy_loss 0.11429404467344284
Iteration 4736/5153 policy_loss 0.14464342594146729
Iteration 4864/5153 policy_loss 0.1574726700782776
Iteration 4992/5153 policy_loss 0.161388099193573
Iteration 5120/5153 policy_loss 0.15531352162361145
training acc: 0.9594446152254164 .lastlr: [2.907486850152005e-05]
Run validation:
Epoch 27 Validate acc: 0.698061764296694
Epoch 27
Iteration 0/5153 policy_loss 0.11179521679878235
Iteration 128/5153 policy_loss 0.1313517689704895
Iteration 256/5153 policy_loss 0.11500956863164902
Iteration 384/5153 policy_loss 0.11002831161022186
Iteration 512/5153 policy_loss 0.14282651245594025
Iteration 640/5153 policy_loss 0.12826821208000183
Iteration 768/5153 policy_loss 0.14430585503578186
Iteration 896/5153 policy_loss 0.13260550796985626
Iteration 1024/5153 policy_loss 0.14138096570968628
Iteration 1152/5153 policy_loss 0.12627890706062317
Iteration 1280/5153 policy_loss 0.1194072812795639
Iteration 1408/5153 policy_loss 0.1469699740409851
Iteration 1536/5153 policy_loss 0.12419011443853378
Iteration 1664/5153 policy_loss 0.12869390845298767
Iteration 1792/5153 policy_loss 0.17200693488121033
Iteration 1920/5153 policy_loss 0.12606535851955414
Iteration 2048/5153 policy_loss 0.1466926634311676
Iteration 2176/5153 policy_loss 0.13194860517978668
Iteration 2304/5153 policy_loss 0.14849139750003815
Iteration 2432/5153 policy_loss 0.11836453527212143
Iteration 2560/5153 policy_loss 0.12168841809034348
Iteration 2688/5153 policy_loss 0.13320569694042206
Iteration 2816/5153 policy_loss 0.1828744262456894
Iteration 2944/5153 policy_loss 0.13737279176712036
Iteration 3072/5153 policy_loss 0.14390332996845245
Iteration 3200/5153 policy_loss 0.14053311944007874
Iteration 3328/5153 policy_loss 0.14796686172485352
Iteration 3456/5153 policy_loss 0.1479763239622116
Iteration 3584/5153 policy_loss 0.13035261631011963
Iteration 3712/5153 policy_loss 0.17098921537399292
Iteration 3840/5153 policy_loss 0.14603492617607117
Iteration 3968/5153 policy_loss 0.14153577387332916
Iteration 4096/5153 policy_loss 0.13462761044502258
Iteration 4224/5153 policy_loss 0.1196400374174118
Iteration 4352/5153 policy_loss 0.1445111632347107
Iteration 4480/5153 policy_loss 0.20421551167964935
Iteration 4608/5153 policy_loss 0.1431025266647339
Iteration 4736/5153 policy_loss 0.1645946353673935
Iteration 4864/5153 policy_loss 0.11115273833274841
Iteration 4992/5153 policy_loss 0.16267399489879608
Iteration 5120/5153 policy_loss 0.13768287003040314
training acc: 0.9619311524834859 .lastlr: [2.6167381651368046e-05]
Run validation:
Epoch 28 Validate acc: 0.6983451023240504
Epoch 28
Iteration 0/5153 policy_loss 0.12297053635120392
Iteration 128/5153 policy_loss 0.12801669538021088
Iteration 256/5153 policy_loss 0.12722499668598175
Iteration 384/5153 policy_loss 0.09615827351808548
Iteration 512/5153 policy_loss 0.10669286549091339
Iteration 640/5153 policy_loss 0.14057405292987823
Iteration 768/5153 policy_loss 0.13687127828598022
Iteration 896/5153 policy_loss 0.14070415496826172
Iteration 1024/5153 policy_loss 0.11457699537277222
Iteration 1152/5153 policy_loss 0.13604331016540527
Iteration 1280/5153 policy_loss 0.15283973515033722
Iteration 1408/5153 policy_loss 0.1389404535293579
Iteration 1536/5153 policy_loss 0.14600838720798492
Iteration 1664/5153 policy_loss 0.14834287762641907
Iteration 1792/5153 policy_loss 0.12647965550422668
Iteration 1920/5153 policy_loss 0.12451507151126862
Iteration 2048/5153 policy_loss 0.12783269584178925
Iteration 2176/5153 policy_loss 0.13072198629379272
Iteration 2304/5153 policy_loss 0.14759188890457153
Iteration 2432/5153 policy_loss 0.11107069998979568
Iteration 2560/5153 policy_loss 0.1378219872713089
Iteration 2688/5153 policy_loss 0.13549715280532837
Iteration 2816/5153 policy_loss 0.1263839155435562
Iteration 2944/5153 policy_loss 0.16217376291751862
Iteration 3072/5153 policy_loss 0.09790459275245667
Iteration 3200/5153 policy_loss 0.14133518934249878
Iteration 3328/5153 policy_loss 0.15521575510501862
Iteration 3456/5153 policy_loss 0.12297815829515457
Iteration 3584/5153 policy_loss 0.11595901846885681
Iteration 3712/5153 policy_loss 0.14069058001041412
Iteration 3840/5153 policy_loss 0.1410941779613495
Iteration 3968/5153 policy_loss 0.13679687678813934
Iteration 4096/5153 policy_loss 0.1317635029554367
Iteration 4224/5153 policy_loss 0.1268550157546997
Iteration 4352/5153 policy_loss 0.12352702766656876
Iteration 4480/5153 policy_loss 0.1444263607263565
Iteration 4608/5153 policy_loss 0.12854419648647308
Iteration 4736/5153 policy_loss 0.12583062052726746
Iteration 4864/5153 policy_loss 0.15594424307346344
Iteration 4992/5153 policy_loss 0.14498752355575562
Iteration 5120/5153 policy_loss 0.12355882674455643
training acc: 0.9640581652614825 .lastlr: [2.3550643486231242e-05]
Run validation:
Epoch 29 Validate acc: 0.6977529767459222
Epoch 29
Iteration 0/5153 policy_loss 0.11178592592477798
Iteration 128/5153 policy_loss 0.11783824115991592
Iteration 256/5153 policy_loss 0.11811447888612747
Iteration 384/5153 policy_loss 0.14015378057956696
Iteration 512/5153 policy_loss 0.11053863912820816
Iteration 640/5153 policy_loss 0.12941618263721466
Iteration 768/5153 policy_loss 0.14602133631706238
Iteration 896/5153 policy_loss 0.11033952981233597
Iteration 1024/5153 policy_loss 0.12118407338857651
Iteration 1152/5153 policy_loss 0.13485196232795715
Iteration 1280/5153 policy_loss 0.12455961108207703
Iteration 1408/5153 policy_loss 0.138479083776474
Iteration 1536/5153 policy_loss 0.12337779998779297
Iteration 1664/5153 policy_loss 0.11107365041971207
Iteration 1792/5153 policy_loss 0.12767598032951355
Iteration 1920/5153 policy_loss 0.10522399097681046
Iteration 2048/5153 policy_loss 0.10737837105989456
Iteration 2176/5153 policy_loss 0.11299421638250351
Iteration 2304/5153 policy_loss 0.15249906480312347
Iteration 2432/5153 policy_loss 0.09520924091339111
Iteration 2560/5153 policy_loss 0.09269082546234131
Iteration 2688/5153 policy_loss 0.12554453313350677
Iteration 2816/5153 policy_loss 0.1271635890007019
Iteration 2944/5153 policy_loss 0.14276273548603058
Iteration 3072/5153 policy_loss 0.12572814524173737
Iteration 3200/5153 policy_loss 0.1667930632829666
Iteration 3328/5153 policy_loss 0.14399845898151398
Iteration 3456/5153 policy_loss 0.10303144156932831
Iteration 3584/5153 policy_loss 0.12324807047843933
Iteration 3712/5153 policy_loss 0.12174756824970245
Iteration 3840/5153 policy_loss 0.1165027990937233
Iteration 3968/5153 policy_loss 0.13833685219287872
Iteration 4096/5153 policy_loss 0.10752841830253601
Iteration 4224/5153 policy_loss 0.1164088323712349
Iteration 4352/5153 policy_loss 0.13052181899547577
Iteration 4480/5153 policy_loss 0.12948401272296906
Iteration 4608/5153 policy_loss 0.13231895864009857
Iteration 4736/5153 policy_loss 0.13749852776527405
Iteration 4864/5153 policy_loss 0.1596219539642334
Iteration 4992/5153 policy_loss 0.12493707239627838
Iteration 5120/5153 policy_loss 0.14487293362617493
training acc: 0.9659998248810651 .lastlr: [2.119557913760812e-05]
Run validation:
Epoch 30 Validate acc: 0.696789288125931
